15:01:35.372 [main                     ] DEBUG GameApplication      - Logger initialized
15:01:35.412 [main                     ] DEBUG GameApplication      - Logging settings
Title: Untitled
Version: 0.0
Width: 1120
Height: 1080
Fullscreen: false
Intro: false
Menus: false
Profiling: false
Single step:false
App Mode: DEVELOPER
Menu Key: ESCAPE
Stage Style: DECORATED
Scene Factory: class com.almasb.fxgl.app.SceneFactory
Dialog Factory: class com.almasb.fxgl.ui.FXGLDialogFactory
UI Factory: class com.almasb.fxgl.ui.FXGLUIFactory

15:01:35.964 [JavaFX Application Thread] DEBUG Engine               - Initializing FXGL
15:01:35.964 [JavaFX Application Thread] INFO  Engine               - FXGL-11.6 (17.11.2019 19.24) on WINDOWS (J:11.0.3 FX:10.0.2-internal)
15:01:35.964 [JavaFX Application Thread] INFO  Engine               - Source code and latest versions at: https://github.com/AlmasB/FXGL
15:01:35.965 [JavaFX Application Thread] INFO  Engine               -              Join the FXGL chat at: https://gitter.im/AlmasB/FXGL
15:01:35.965 [JavaFX Application Thread] DEBUG Engine               - Initializing environment variables
15:01:35.969 [JavaFX Application Thread] DEBUG Engine               - Logging environment variables
15:01:35.970 [JavaFX Application Thread] DEBUG Engine               - achievements: []
15:01:35.971 [JavaFX Application Thread] DEBUG Engine               - sceneStack: com.almasb.fxgl.app.Engine@31cff29e
15:01:35.972 [JavaFX Application Thread] DEBUG Engine               - language: ObjectProperty [value: ENGLISH]
15:01:35.972 [JavaFX Application Thread] DEBUG Engine               - isCloseConfirmation: false
15:01:35.972 [JavaFX Application Thread] DEBUG Engine               - isProfilingEnabled: false
15:01:35.972 [JavaFX Application Thread] DEBUG Engine               - soundNotification: core/notification.wav
15:01:35.973 [JavaFX Application Thread] DEBUG Engine               - devShowBBoxProperty: BooleanProperty [value: false]
15:01:35.975 [JavaFX Application Thread] DEBUG Engine               - pixelsPerMeter: 50.0
15:01:35.975 [JavaFX Application Thread] DEBUG Engine               - overlayRoot: Group@5230883c
15:01:35.975 [JavaFX Application Thread] DEBUG Engine               - appIcon: fxgl_icon.png
15:01:35.975 [JavaFX Application Thread] DEBUG Engine               - soundMenuBack: menu/back.wav
15:01:35.975 [JavaFX Application Thread] DEBUG Engine               - isFullScreenAllowed: false
15:01:35.975 [JavaFX Application Thread] DEBUG Engine               - isIntroEnabled: false
15:01:35.976 [JavaFX Application Thread] DEBUG Engine               - eventBus: com.almasb.fxgl.event.EventBus@65448877
15:01:35.976 [JavaFX Application Thread] DEBUG Engine               - fontMono: lucida_console.ttf
15:01:35.976 [JavaFX Application Thread] DEBUG Engine               - soundMenuSelect: menu/select.wav
15:01:35.976 [JavaFX Application Thread] DEBUG Engine               - isWindows: true
15:01:35.977 [JavaFX Application Thread] DEBUG Engine               - isMobile: false
15:01:35.977 [JavaFX Application Thread] DEBUG Engine               - height: 1080
15:01:35.977 [JavaFX Application Thread] DEBUG Engine               - isExperimentalNative: false
15:01:35.977 [JavaFX Application Thread] DEBUG Engine               - isSingleStep: false
15:01:35.978 [JavaFX Application Thread] DEBUG Engine               - cSSList: [fxgl_dark.css]
15:01:35.978 [JavaFX Application Thread] DEBUG Engine               - fontGame: Abel-Regular.ttf
15:01:35.978 [JavaFX Application Thread] DEBUG Engine               - menuKey: ESCAPE
15:01:35.978 [JavaFX Application Thread] DEBUG Engine               - devShowPositionProperty: BooleanProperty [value: false]
15:01:35.979 [JavaFX Application Thread] DEBUG Engine               - versionCheckDays: 7
15:01:35.979 [JavaFX Application Thread] DEBUG Engine               - masterTimer: com.almasb.fxgl.time.Timer@2b51dd43
15:01:35.979 [JavaFX Application Thread] DEBUG Engine               - configClass: Optional.empty
15:01:35.980 [JavaFX Application Thread] DEBUG Engine               - isFullScreenFromStart: false
15:01:35.980 [JavaFX Application Thread] DEBUG Engine               - version: 0.0
15:01:35.981 [JavaFX Application Thread] DEBUG Engine               - fullScreen: BooleanProperty [value: false]
15:01:35.981 [JavaFX Application Thread] DEBUG Engine               - dialogFactory: com.almasb.fxgl.ui.FXGLDialogFactory@d35876a
15:01:35.982 [JavaFX Application Thread] DEBUG Engine               - applicationMode: DEVELOPER
15:01:35.982 [JavaFX Application Thread] DEBUG Engine               - isMac: false
15:01:35.982 [JavaFX Application Thread] DEBUG Engine               - urlGoogleForms: https://goo.gl/forms/6wrMnOBxTE1fEpOy2
15:01:35.982 [JavaFX Application Thread] DEBUG Engine               - isMenuEnabled: false
15:01:35.983 [JavaFX Application Thread] DEBUG Engine               - urlPOM: https://raw.githubusercontent.com/AlmasB/FXGL/master/pom.xml
15:01:35.983 [JavaFX Application Thread] DEBUG Engine               - profileName: user.profile
15:01:35.984 [JavaFX Application Thread] DEBUG Engine               - notificationViewClass: class com.almasb.fxgl.notification.view.XboxNotificationView
15:01:35.984 [JavaFX Application Thread] DEBUG Engine               - devSensorColorProperty: ObjectProperty [value: 0xffff00ff]
15:01:35.985 [JavaFX Application Thread] DEBUG Engine               - sceneFactory: com.almasb.fxgl.app.SceneFactory@5b128f98
15:01:35.985 [JavaFX Application Thread] DEBUG Engine               - dataFileExt: .dat
15:01:35.985 [JavaFX Application Thread] DEBUG Engine               - stageStyle: DECORATED
15:01:35.985 [JavaFX Application Thread] DEBUG Engine               - isManualResizeEnabled: false
15:01:35.986 [JavaFX Application Thread] DEBUG Engine               - title: Untitled
15:01:35.986 [JavaFX Application Thread] DEBUG Engine               - platform: WINDOWS
15:01:35.987 [JavaFX Application Thread] DEBUG Engine               - devBBoxColorProperty: ObjectProperty [value: 0xff0000ff]
15:01:35.988 [JavaFX Application Thread] DEBUG Engine               - isDesktop: true
15:01:35.988 [JavaFX Application Thread] DEBUG Engine               - credits: []
15:01:35.988 [JavaFX Application Thread] DEBUG Engine               - globalMusicVolumeProperty: DoubleProperty [value: 0.5]
15:01:35.988 [JavaFX Application Thread] DEBUG Engine               - uIFactory: com.almasb.fxgl.ui.FXGLUIFactory@1a54a3bd
15:01:35.988 [JavaFX Application Thread] DEBUG Engine               - isPreserveResizeRatio: false
15:01:35.989 [JavaFX Application Thread] DEBUG Engine               - fontText: Courier-Prime.ttf
15:01:35.989 [JavaFX Application Thread] DEBUG Engine               - isExperimentalTiledLargeMap: false
15:01:35.989 [JavaFX Application Thread] DEBUG Engine               - secondsIn24h: 60
15:01:35.989 [JavaFX Application Thread] DEBUG Engine               - runtimeInfo: RuntimeInfo(platform=WINDOWS, version=11.6, build=17.11.2019 19.24)
15:01:35.989 [JavaFX Application Thread] DEBUG Engine               - soundMenuPress: menu/press.wav
15:01:35.989 [JavaFX Application Thread] DEBUG Engine               - isLinux: false
15:01:35.989 [JavaFX Application Thread] DEBUG Engine               - urlGithub: https://github.com/AlmasB/FXGL
15:01:35.989 [JavaFX Application Thread] DEBUG Engine               - profileDir: profiles/
15:01:35.989 [JavaFX Application Thread] DEBUG Engine               - isDeveloperMenuEnabled: false
15:01:35.990 [JavaFX Application Thread] DEBUG Engine               - globalSoundVolumeProperty: DoubleProperty [value: 0.5]
15:01:35.990 [JavaFX Application Thread] DEBUG Engine               - isBrowser: false
15:01:35.990 [JavaFX Application Thread] DEBUG Engine               - globalSoundVolume: 0.5
15:01:35.990 [JavaFX Application Thread] DEBUG Engine               - urlLeaderboard: http://fxgl-top.herokuapp.com/
15:01:35.990 [JavaFX Application Thread] DEBUG Engine               - saveDir: saves/
15:01:35.990 [JavaFX Application Thread] DEBUG Engine               - engineServices: [class com.almasb.fxgl.audio.AudioPlayer, class com.almasb.fxgl.notification.impl.NotificationServiceProvider, class com.almasb.fxgl.achievement.AchievementManager, class com.almasb.fxgl.cutscene.CutsceneService, class com.almasb.fxgl.minigames.MiniGameService]
15:01:35.990 [JavaFX Application Thread] DEBUG Engine               - globalMusicVolume: 0.5
15:01:35.991 [JavaFX Application Thread] DEBUG Engine               - width: 1120
15:01:35.991 [JavaFX Application Thread] DEBUG Engine               - saveFileExt: .sav
15:01:35.991 [JavaFX Application Thread] DEBUG Engine               - isAndroid: false
15:01:35.991 [JavaFX Application Thread] DEBUG Engine               - fontUI: VarelaRound-Regular.ttf
15:01:35.991 [JavaFX Application Thread] DEBUG Engine               - enabledMenuItems: []
15:01:35.991 [JavaFX Application Thread] DEBUG Engine               - isIOS: false
15:01:35.997 [JavaFX Application Thread] DEBUG Engine               - Adding new engine service: class com.almasb.fxgl.audio.AudioPlayer
15:01:35.999 [JavaFX Application Thread] DEBUG Engine               - Adding new engine service: class com.almasb.fxgl.notification.impl.NotificationServiceProvider
15:01:36.001 [JavaFX Application Thread] DEBUG Engine               - Adding new engine service: class com.almasb.fxgl.achievement.AchievementManager
15:01:36.001 [JavaFX Application Thread] DEBUG Engine               - Adding new engine service: class com.almasb.fxgl.cutscene.CutsceneService
15:01:36.002 [JavaFX Application Thread] DEBUG Engine               - Adding new engine service: class com.almasb.fxgl.minigames.MiniGameService
15:01:36.007 [JavaFX Application Thread] DEBUG Engine               - Loading localizations
15:01:36.010 [JavaFX Application Thread] DEBUG AssetLoader          - Loading from file system: /assets/properties/languages/english.properties
15:01:36.015 [JavaFX Application Thread] DEBUG AssetLoader          - Loading from file system: /assets/properties/languages/french.properties
15:01:36.019 [JavaFX Application Thread] DEBUG AssetLoader          - Loading from file system: /assets/properties/languages/german.properties
15:01:36.021 [JavaFX Application Thread] DEBUG AssetLoader          - Loading from file system: /assets/properties/languages/russian.properties
15:01:36.024 [JavaFX Application Thread] DEBUG AssetLoader          - Loading from file system: /assets/properties/languages/hungarian.properties
15:01:36.027 [JavaFX Application Thread] DEBUG Engine               - Registering font factories
15:01:36.028 [JavaFX Application Thread] DEBUG AssetLoader          - Loading from file system: /assets/ui/fonts/VarelaRound-Regular.ttf
15:01:36.446 [JavaFX Application Thread] DEBUG AssetLoader          - Loading from file system: /assets/ui/fonts/Abel-Regular.ttf
15:01:36.461 [JavaFX Application Thread] DEBUG AssetLoader          - Loading from file system: /assets/ui/fonts/lucida_console.ttf
15:01:36.478 [JavaFX Application Thread] DEBUG AssetLoader          - Loading from file system: /assets/ui/fonts/Courier-Prime.ttf
15:01:36.493 [JavaFX Application Thread] DEBUG Engine               - Setting UI factory
15:01:36.643 [JavaFX Application Thread] DEBUG AssetLoader          - Loading from file system: /assets/textures/fxgl_logo.png
15:01:36.755 [JavaFX Application Thread] DEBUG MainWindow           - Creating a JavaFX scene
15:01:36.756 [JavaFX Application Thread] DEBUG MainWindow           - Target size > screen size
15:01:36.806 [JavaFX Application Thread] DEBUG MainWindow           - Target settings size: 1120.0 x 1080.0
15:01:36.806 [JavaFX Application Thread] DEBUG MainWindow           - Scaled scene size:    866.0 x 859.0
15:01:36.807 [JavaFX Application Thread] DEBUG MainWindow           - Scaled ratio: (0.7732142857142857, 0.7953703703703704)
15:01:36.808 [JavaFX Application Thread] DEBUG MainWindow           - Set initial scene to FXGLStartupScene
15:01:36.819 [JavaFX Application Thread] DEBUG AssetLoader          - Loading from file system: /assets/textures/fxgl_icon.png
15:01:36.836 [JavaFX Application Thread] DEBUG Engine               - Applying CSS: fxgl_dark.css
15:01:36.837 [JavaFX Application Thread] DEBUG AssetLoader          - Loading from file system: /assets/ui/css/fxgl_dark.css
15:01:36.839 [JavaFX Application Thread] DEBUG AssetLoader          - Loading from file system: /assets/ui/cursors/fxgl_default.png
15:01:36.841 [JavaFX Application Thread] DEBUG MainWindow           - Opening main window
15:01:37.041 [JavaFX Application Thread] DEBUG MainWindow           - Window border size: (13.0, 35.5)
15:01:37.042 [JavaFX Application Thread] DEBUG MainWindow           - Scaled size: 866.0 x 859.0
15:01:37.042 [JavaFX Application Thread] DEBUG MainWindow           - Scaled ratio: (0.7732142857142857, 0.7953703703703704)
15:01:37.042 [JavaFX Application Thread] DEBUG MainWindow           - Scene size: 866.0 x 859.0
15:01:37.043 [JavaFX Application Thread] DEBUG MainWindow           - Stage size: 879.0 x 894.5
15:01:37.259 [FXGL Background Thread 1 ] DEBUG FS                   - Loaded FSServiceImpl
15:01:37.259 [FXGL Background Thread 1 ] DEBUG Engine               - Loading FXGL system data
15:01:37.267 [FXGL Background Thread 1 ] DEBUG FSServiceImpl        - Reading from: C:\Users\Rasmus J\Documents\Datamatiker\Datamatiker_AK_1_semester_Java\Jumper\system\fxgl.bundle
15:01:37.284 [FXGL Background Thread 1 ] DEBUG Engine               - Bundle FXGL: {}
15:01:37.284 [FXGL Background Thread 1 ] DEBUG Engine               - Initializing application scenes
15:01:37.329 [FXGL Background Thread 1 ] DEBUG GameWorld            - Game world initialized
15:01:37.418 [FXGL Background Thread 1 ] DEBUG PhysicsWorld         - Physics world initialized: appHeight=1080, physics.ppm=50,0
15:01:37.422 [FXGL Background Thread 1 ] DEBUG GameScene            - Game scene initialized: 1120x1080
15:01:37.467 [FXGL Background Thread 1 ] DEBUG Input                - Registered new binding: Resume - Esc
15:01:37.467 [FXGL Background Thread 1 ] DEBUG AssetLoader          - Loading from file system: /assets/textures/pause_menu_bg.png
15:01:37.503 [FXGL Background Thread 1 ] DEBUG Input                - Registered new binding: Pause - Esc
15:01:37.504 [FXGL Background Thread 1 ] DEBUG Engine               - Application scenes initialized
15:01:37.507 [JavaFX Application Thread] DEBUG Engine               - Running preInit()
15:01:37.507 [JavaFX Application Thread] DEBUG Input                - Registered new binding: Jump - Space
15:01:37.507 [JavaFX Application Thread] DEBUG Input                - Registered new binding: Right - Right
15:01:37.508 [JavaFX Application Thread] DEBUG Input                - Registered new binding: Left - Left
15:01:37.509 [JavaFX Application Thread] DEBUG Input                - Registered new binding: Screenshot - P
15:01:37.509 [JavaFX Application Thread] DEBUG Input                - Registered new binding: System info dump - CTRL+9
15:01:37.510 [JavaFX Application Thread] DEBUG Input                - Registered new binding: Restart - CTRL+R
15:01:37.510 [JavaFX Application Thread] DEBUG Engine               - generateDefaultProfile()
15:01:37.510 [JavaFX Application Thread] DEBUG Engine               - Creating default profile
15:01:37.510 [JavaFX Application Thread] DEBUG EventBus             - Firing event: SaveEvent
15:01:37.529 [JavaFX Application Thread] INFO  Engine               - FXGL initialization took: 1,523 sec
15:01:37.530 [JavaFX Application Thread] DEBUG LoopRunner           - Starting loop
15:01:37.554 [JavaFX Application Thread] DEBUG FXGLStartupScene     - STARTUP
15:01:37.554 [JavaFX Application Thread] DEBUG Engine               - Starting new game
15:01:37.565 [JavaFX Application Thread] DEBUG Input                - Clearing active input actions
15:01:37.565 [FXGL Background Thread 1 ] DEBUG InitAppTask          - Clearing previous game
15:01:37.565 [FXGL Background Thread 1 ] DEBUG GameWorld            - Clearing game world
15:01:37.565 [FXGL Background Thread 1 ] DEBUG PhysicsWorld         - Clearing physics world
15:01:37.565 [FXGL Background Thread 1 ] DEBUG GameScene            - Clearing game scene
15:01:37.565 [FXGL Background Thread 1 ] DEBUG InitAppTask          - Initializing Game
15:01:37.580 [JavaFX Application Thread] DEBUG Engine               - Removing overlay from FXGLStartupScene and adding to LoadingScene
15:01:37.581 [JavaFX Application Thread] DEBUG MainWindow           - FXGLStartupScene -> LoadingScene
15:01:37.589 [FXGL Background Thread 1 ] DEBUG AssetLoader          - Loading from file system: /assets/levels/level0.tmx
15:01:37.643 [FXGL Background Thread 1 ] WARN  TMXLevelLoader       - TiledMap generated from 1.0.1. Supported version: 1.2.3. Some features may not be parsed fully.
15:01:37.696 [FXGL Background Thread 1 ] DEBUG TMXLevelLoader       - Parsed raw map: TiledMap(width=16, height=50, tilewidth=70, tileheight=70, orientation=orthogonal, layers=[Layer(width=16, height=50, name=Tile Layer 1, type=tilelayer, visible=false, x=0, y=0, data=[153, 153, 153, 153, 153, 153, 153, 153, 153, 153, 153, 153, 153, 153, 153, 153, 153, 0, 0, 0, 0, 0, 0, 0, 0, 0, 0, 0, 0, 0, 0, 153, 153, 0, 0, 0, 0, 0, 0, 0, 0, 0, 0, 0, 0, 46, 0, 153, 153, 0, 0, 0, 0, 0, 0, 0, 41, 0, 0, 0, 0, 58, 65, 153, 153, 0, 0, 0, 0, 0, 0, 101, 101, 101, 101, 101, 101, 101, 101, 153, 153, 0, 0, 0, 0, 0, 0, 0, 0, 0, 0, 0, 0, 0, 0, 153, 153, 0, 0, 0, 0, 0, 0, 0, 0, 0, 0, 0, 0, 0, 0, 153, 153, 0, 0, 0, 0, 0, 0, 0, 0, 0, 0, 0, 0, 0, 0, 153, 153, 0, 0, 0, 0, 0, 0, 0, 0, 0, 0, 0, 0, 0, 0, 153, 153, 0, 0, 0, 0, 0, 0, 0, 0, 0, 0, 0, 0, 0, 0, 153, 153, 0, 0, 0, 0, 0, 0, 0, 0, 0, 0, 0, 0, 0, 0, 153, 153, 0, 0, 0, 0, 0, 0, 0, 0, 0, 0, 0, 0, 0, 0, 153, 153, 0, 0, 0, 0, 0, 0, 0, 0, 0, 0, 0, 0, 0, 0, 153, 153, 0, 0, 0, 0, 0, 0, 0, 0, 0, 0, 0, 0, 0, 0, 153, 153, 0, 0, 0, 0, 0, 0, 0, 0, 0, 0, 0, 0, 0, 0, 153, 153, 0, 0, 0, 0, 0, 0, 0, 0, 0, 0, 0, 0, 0, 0, 153, 153, 0, 0, 0, 0, 0, 0, 0, 0, 0, 0, 0, 0, 0, 0, 153, 153, 0, 0, 0, 0, 0, 0, 0, 0, 0, 0, 0, 0, 0, 0, 153, 153, 0, 0, 0, 0, 0, 0, 0, 0, 0, 0, 0, 0, 0, 0, 153, 153, 0, 0, 0, 0, 0, 0, 0, 0, 0, 0, 0, 0, 0, 0, 153, 153, 0, 0, 0, 0, 0, 0, 0, 0, 0, 0, 0, 0, 0, 0, 153, 153, 0, 0, 0, 0, 0, 0, 0, 0, 0, 0, 0, 0, 0, 0, 153, 153, 0, 0, 0, 0, 0, 0, 0, 0, 0, 0, 0, 0, 0, 0, 153, 153, 0, 0, 0, 0, 0, 0, 0, 0, 0, 0, 0, 0, 0, 0, 153, 153, 0, 0, 0, 0, 0, 0, 0, 0, 0, 0, 0, 0, 0, 0, 153, 153, 0, 0, 0, 0, 0, 0, 0, 0, 0, 0, 0, 0, 0, 0, 153, 153, 0, 0, 0, 0, 0, 0, 0, 0, 0, 0, 0, 0, 0, 0, 153, 153, 0, 0, 0, 0, 0, 0, 0, 0, 0, 0, 0, 0, 0, 0, 153, 153, 0, 0, 0, 0, 0, 0, 0, 0, 0, 0, 0, 0, 0, 0, 153, 153, 0, 0, 0, 0, 0, 0, 0, 0, 0, 0, 0, 0, 0, 0, 153, 153, 0, 0, 0, 0, 0, 0, 0, 0, 0, 0, 0, 0, 0, 0, 153, 153, 0, 0, 0, 0, 0, 0, 0, 0, 0, 0, 0, 0, 0, 0, 153, 153, 0, 0, 0, 0, 0, 0, 0, 0, 0, 0, 0, 0, 0, 0, 153, 153, 0, 0, 0, 0, 0, 0, 0, 0, 0, 0, 0, 0, 0, 0, 153, 153, 0, 0, 0, 0, 0, 0, 0, 0, 0, 0, 0, 0, 0, 0, 153, 153, 0, 0, 0, 0, 0, 0, 0, 0, 0, 0, 0, 0, 0, 0, 153, 153, 0, 0, 0, 0, 0, 0, 0, 0, 0, 0, 0, 0, 0, 0, 153, 153, 0, 0, 0, 0, 0, 0, 0, 0, 0, 0, 0, 0, 0, 0, 153, 153, 0, 0, 0, 0, 0, 0, 0, 0, 0, 0, 0, 0, 0, 0, 153, 153, 0, 0, 0, 0, 0, 0, 0, 0, 104, 104, 0, 0, 0, 0, 153, 153, 0, 0, 0, 0, 0, 0, 0, 0, 0, 32, 0, 0, 0, 0, 153, 153, 0, 0, 0, 104, 104, 0, 0, 0, 0, 32, 0, 0, 0, 0, 153, 153, 0, 0, 0, 0, 19, 0, 0, 0, 0, 32, 0, 0, 0, 0, 153, 153, 0, 0, 0, 0, 150, 0, 0, 0, 0, 32, 0, 153, 0, 0, 153, 153, 0, 0, 0, 0, 150, 0, 104, 104, 104, 104, 104, 153, 0, 0, 153, 153, 0, 0, 0, 0, 0, 0, 0, 0, 0, 0, 0, 153, 0, 0, 153, 153, 104, 104, 104, 104, 0, 0, 0, 0, 0, 0, 0, 153, 0, 0, 153, 153, 0, 0, 0, 0, 0, 0, 0, 0, 0, 0, 0, 0, 0, 0, 153, 153, 0, 0, 0, 0, 0, 0, 0, 0, 0, 0, 0, 0, 0, 0, 153, 153, 104, 104, 104, 104, 104, 104, 104, 104, 104, 104, 104, 104, 104, 104, 153], objects=[], opacity=0.0, draworder=), Layer(width=0, height=0, name=Object Layer 1, type=objectgroup, visible=false, x=0, y=0, data=[], objects=[com.almasb.fxgl.entity.level.tiled.TiledObject@7b350f4, com.almasb.fxgl.entity.level.tiled.TiledObject@1cf77fcd, com.almasb.fxgl.entity.level.tiled.TiledObject@3edb6b10, com.almasb.fxgl.entity.level.tiled.TiledObject@629139a, com.almasb.fxgl.entity.level.tiled.TiledObject@1b00d75b, com.almasb.fxgl.entity.level.tiled.TiledObject@3c2ecae1, com.almasb.fxgl.entity.level.tiled.TiledObject@5948a59f, com.almasb.fxgl.entity.level.tiled.TiledObject@17b3c8ef, com.almasb.fxgl.entity.level.tiled.TiledObject@a146f4d, com.almasb.fxgl.entity.level.tiled.TiledObject@4027c52c, com.almasb.fxgl.entity.level.tiled.TiledObject@5cdfe4ea, com.almasb.fxgl.entity.level.tiled.TiledObject@5522ab2e, com.almasb.fxgl.entity.level.tiled.TiledObject@7c65c8c0, com.almasb.fxgl.entity.level.tiled.TiledObject@2956cc5, com.almasb.fxgl.entity.level.tiled.TiledObject@21ce30c9, com.almasb.fxgl.entity.level.tiled.TiledObject@61f59405, com.almasb.fxgl.entity.level.tiled.TiledObject@33847333, com.almasb.fxgl.entity.level.tiled.TiledObject@1a5ec2c2, com.almasb.fxgl.entity.level.tiled.TiledObject@4a46f138, com.almasb.fxgl.entity.level.tiled.TiledObject@7de11c9], opacity=0.0, draworder=)], tilesets=[Tileset(firstgid=1, image=tiles_spritesheet.png, name=tiles_spritesheet, tilewidth=70, tileheight=70, imagewidth=914, imageheight=936, margin=0, spacing=2, columns=12, tilecount=156, transparentcolor=)], backgroundcolor=, renderorder=right-down, nextobjectid=30, version=1, tiledversion=1.0.1, type=map, infinite=false, properties={}, propertytypes={})
15:01:37.696 [FXGL Background Thread 1 ] DEBUG TMXLevelLoader       - Creating tile layer entities
15:01:37.697 [FXGL Background Thread 1 ] DEBUG TilesetLoader        - Loading view for layer Tile Layer 1
15:01:37.708 [FXGL Background Thread 1 ] DEBUG TilesetLoader        - Created buffer with size 1120.0x3500.0
15:01:37.728 [FXGL Background Thread 1 ] DEBUG TilesetLoader        - Writing to buffer: dst=0,0, w=70,h=70, src=576,864
15:01:37.731 [FXGL Background Thread 1 ] DEBUG TilesetLoader        - Writing to buffer: dst=70,0, w=70,h=70, src=576,864
15:01:37.731 [FXGL Background Thread 1 ] DEBUG TilesetLoader        - Writing to buffer: dst=140,0, w=70,h=70, src=576,864
15:01:37.731 [FXGL Background Thread 1 ] DEBUG TilesetLoader        - Writing to buffer: dst=210,0, w=70,h=70, src=576,864
15:01:37.732 [FXGL Background Thread 1 ] DEBUG TilesetLoader        - Writing to buffer: dst=280,0, w=70,h=70, src=576,864
15:01:37.732 [FXGL Background Thread 1 ] DEBUG TilesetLoader        - Writing to buffer: dst=350,0, w=70,h=70, src=576,864
15:01:37.732 [FXGL Background Thread 1 ] DEBUG TilesetLoader        - Writing to buffer: dst=420,0, w=70,h=70, src=576,864
15:01:37.732 [FXGL Background Thread 1 ] DEBUG TilesetLoader        - Writing to buffer: dst=490,0, w=70,h=70, src=576,864
15:01:37.732 [FXGL Background Thread 1 ] DEBUG TilesetLoader        - Writing to buffer: dst=560,0, w=70,h=70, src=576,864
15:01:37.732 [FXGL Background Thread 1 ] DEBUG TilesetLoader        - Writing to buffer: dst=630,0, w=70,h=70, src=576,864
15:01:37.732 [FXGL Background Thread 1 ] DEBUG TilesetLoader        - Writing to buffer: dst=700,0, w=70,h=70, src=576,864
15:01:37.732 [FXGL Background Thread 1 ] DEBUG TilesetLoader        - Writing to buffer: dst=770,0, w=70,h=70, src=576,864
15:01:37.732 [FXGL Background Thread 1 ] DEBUG TilesetLoader        - Writing to buffer: dst=840,0, w=70,h=70, src=576,864
15:01:37.733 [FXGL Background Thread 1 ] DEBUG TilesetLoader        - Writing to buffer: dst=910,0, w=70,h=70, src=576,864
15:01:37.733 [FXGL Background Thread 1 ] DEBUG TilesetLoader        - Writing to buffer: dst=980,0, w=70,h=70, src=576,864
15:01:37.733 [FXGL Background Thread 1 ] DEBUG TilesetLoader        - Writing to buffer: dst=1050,0, w=70,h=70, src=576,864
15:01:37.733 [FXGL Background Thread 1 ] DEBUG TilesetLoader        - Writing to buffer: dst=0,70, w=70,h=70, src=576,864
15:01:37.733 [FXGL Background Thread 1 ] DEBUG TilesetLoader        - Writing to buffer: dst=1050,70, w=70,h=70, src=576,864
15:01:37.733 [FXGL Background Thread 1 ] DEBUG TilesetLoader        - Writing to buffer: dst=0,140, w=70,h=70, src=576,864
15:01:37.734 [FXGL Background Thread 1 ] DEBUG TilesetLoader        - Writing to buffer: dst=910,140, w=70,h=70, src=648,216
15:01:37.734 [FXGL Background Thread 1 ] DEBUG TilesetLoader        - Writing to buffer: dst=1050,140, w=70,h=70, src=576,864
15:01:37.734 [FXGL Background Thread 1 ] DEBUG TilesetLoader        - Writing to buffer: dst=0,210, w=70,h=70, src=576,864
15:01:37.734 [FXGL Background Thread 1 ] DEBUG TilesetLoader        - Writing to buffer: dst=560,210, w=70,h=70, src=288,216
15:01:37.734 [FXGL Background Thread 1 ] DEBUG TilesetLoader        - Writing to buffer: dst=910,210, w=70,h=70, src=648,288
15:01:37.734 [FXGL Background Thread 1 ] DEBUG TilesetLoader        - Writing to buffer: dst=980,210, w=70,h=70, src=288,360
15:01:37.734 [FXGL Background Thread 1 ] DEBUG TilesetLoader        - Writing to buffer: dst=1050,210, w=70,h=70, src=576,864
15:01:37.734 [FXGL Background Thread 1 ] DEBUG TilesetLoader        - Writing to buffer: dst=0,280, w=70,h=70, src=576,864
15:01:37.735 [FXGL Background Thread 1 ] DEBUG TilesetLoader        - Writing to buffer: dst=490,280, w=70,h=70, src=288,576
15:01:37.735 [FXGL Background Thread 1 ] DEBUG TilesetLoader        - Writing to buffer: dst=560,280, w=70,h=70, src=288,576
15:01:37.735 [FXGL Background Thread 1 ] DEBUG TilesetLoader        - Writing to buffer: dst=630,280, w=70,h=70, src=288,576
15:01:37.735 [FXGL Background Thread 1 ] DEBUG TilesetLoader        - Writing to buffer: dst=700,280, w=70,h=70, src=288,576
15:01:37.735 [FXGL Background Thread 1 ] DEBUG TilesetLoader        - Writing to buffer: dst=770,280, w=70,h=70, src=288,576
15:01:37.735 [FXGL Background Thread 1 ] DEBUG TilesetLoader        - Writing to buffer: dst=840,280, w=70,h=70, src=288,576
15:01:37.735 [FXGL Background Thread 1 ] DEBUG TilesetLoader        - Writing to buffer: dst=910,280, w=70,h=70, src=288,576
15:01:37.735 [FXGL Background Thread 1 ] DEBUG TilesetLoader        - Writing to buffer: dst=980,280, w=70,h=70, src=288,576
15:01:37.736 [FXGL Background Thread 1 ] DEBUG TilesetLoader        - Writing to buffer: dst=1050,280, w=70,h=70, src=576,864
15:01:37.736 [FXGL Background Thread 1 ] DEBUG TilesetLoader        - Writing to buffer: dst=0,350, w=70,h=70, src=576,864
15:01:37.736 [FXGL Background Thread 1 ] DEBUG TilesetLoader        - Writing to buffer: dst=1050,350, w=70,h=70, src=576,864
15:01:37.736 [FXGL Background Thread 1 ] DEBUG TilesetLoader        - Writing to buffer: dst=0,420, w=70,h=70, src=576,864
15:01:37.736 [FXGL Background Thread 1 ] DEBUG TilesetLoader        - Writing to buffer: dst=1050,420, w=70,h=70, src=576,864
15:01:37.736 [FXGL Background Thread 1 ] DEBUG TilesetLoader        - Writing to buffer: dst=0,490, w=70,h=70, src=576,864
15:01:37.736 [FXGL Background Thread 1 ] DEBUG TilesetLoader        - Writing to buffer: dst=1050,490, w=70,h=70, src=576,864
15:01:37.737 [FXGL Background Thread 1 ] DEBUG TilesetLoader        - Writing to buffer: dst=0,560, w=70,h=70, src=576,864
15:01:37.737 [FXGL Background Thread 1 ] DEBUG TilesetLoader        - Writing to buffer: dst=1050,560, w=70,h=70, src=576,864
15:01:37.737 [FXGL Background Thread 1 ] DEBUG TilesetLoader        - Writing to buffer: dst=0,630, w=70,h=70, src=576,864
15:01:37.737 [FXGL Background Thread 1 ] DEBUG TilesetLoader        - Writing to buffer: dst=1050,630, w=70,h=70, src=576,864
15:01:37.737 [FXGL Background Thread 1 ] DEBUG TilesetLoader        - Writing to buffer: dst=0,700, w=70,h=70, src=576,864
15:01:37.737 [FXGL Background Thread 1 ] DEBUG TilesetLoader        - Writing to buffer: dst=1050,700, w=70,h=70, src=576,864
15:01:37.737 [FXGL Background Thread 1 ] DEBUG TilesetLoader        - Writing to buffer: dst=0,770, w=70,h=70, src=576,864
15:01:37.737 [FXGL Background Thread 1 ] DEBUG TilesetLoader        - Writing to buffer: dst=1050,770, w=70,h=70, src=576,864
15:01:37.737 [FXGL Background Thread 1 ] DEBUG TilesetLoader        - Writing to buffer: dst=0,840, w=70,h=70, src=576,864
15:01:37.738 [FXGL Background Thread 1 ] DEBUG TilesetLoader        - Writing to buffer: dst=1050,840, w=70,h=70, src=576,864
15:01:37.738 [FXGL Background Thread 1 ] DEBUG TilesetLoader        - Writing to buffer: dst=0,910, w=70,h=70, src=576,864
15:01:37.738 [FXGL Background Thread 1 ] DEBUG TilesetLoader        - Writing to buffer: dst=1050,910, w=70,h=70, src=576,864
15:01:37.738 [FXGL Background Thread 1 ] DEBUG TilesetLoader        - Writing to buffer: dst=0,980, w=70,h=70, src=576,864
15:01:37.738 [FXGL Background Thread 1 ] DEBUG TilesetLoader        - Writing to buffer: dst=1050,980, w=70,h=70, src=576,864
15:01:37.738 [FXGL Background Thread 1 ] DEBUG TilesetLoader        - Writing to buffer: dst=0,1050, w=70,h=70, src=576,864
15:01:37.738 [FXGL Background Thread 1 ] DEBUG TilesetLoader        - Writing to buffer: dst=1050,1050, w=70,h=70, src=576,864
15:01:37.738 [FXGL Background Thread 1 ] DEBUG TilesetLoader        - Writing to buffer: dst=0,1120, w=70,h=70, src=576,864
15:01:37.739 [FXGL Background Thread 1 ] DEBUG TilesetLoader        - Writing to buffer: dst=1050,1120, w=70,h=70, src=576,864
15:01:37.740 [FXGL Background Thread 1 ] DEBUG TilesetLoader        - Writing to buffer: dst=0,1190, w=70,h=70, src=576,864
15:01:37.740 [FXGL Background Thread 1 ] DEBUG TilesetLoader        - Writing to buffer: dst=1050,1190, w=70,h=70, src=576,864
15:01:37.740 [FXGL Background Thread 1 ] DEBUG TilesetLoader        - Writing to buffer: dst=0,1260, w=70,h=70, src=576,864
15:01:37.740 [FXGL Background Thread 1 ] DEBUG TilesetLoader        - Writing to buffer: dst=1050,1260, w=70,h=70, src=576,864
15:01:37.741 [FXGL Background Thread 1 ] DEBUG TilesetLoader        - Writing to buffer: dst=0,1330, w=70,h=70, src=576,864
15:01:37.741 [FXGL Background Thread 1 ] DEBUG TilesetLoader        - Writing to buffer: dst=1050,1330, w=70,h=70, src=576,864
15:01:37.741 [FXGL Background Thread 1 ] DEBUG TilesetLoader        - Writing to buffer: dst=0,1400, w=70,h=70, src=576,864
15:01:37.741 [FXGL Background Thread 1 ] DEBUG TilesetLoader        - Writing to buffer: dst=1050,1400, w=70,h=70, src=576,864
15:01:37.741 [FXGL Background Thread 1 ] DEBUG TilesetLoader        - Writing to buffer: dst=0,1470, w=70,h=70, src=576,864
15:01:37.741 [FXGL Background Thread 1 ] DEBUG TilesetLoader        - Writing to buffer: dst=1050,1470, w=70,h=70, src=576,864
15:01:37.742 [FXGL Background Thread 1 ] DEBUG TilesetLoader        - Writing to buffer: dst=0,1540, w=70,h=70, src=576,864
15:01:37.742 [FXGL Background Thread 1 ] DEBUG TilesetLoader        - Writing to buffer: dst=1050,1540, w=70,h=70, src=576,864
15:01:37.743 [FXGL Background Thread 1 ] DEBUG TilesetLoader        - Writing to buffer: dst=0,1610, w=70,h=70, src=576,864
15:01:37.743 [FXGL Background Thread 1 ] DEBUG TilesetLoader        - Writing to buffer: dst=1050,1610, w=70,h=70, src=576,864
15:01:37.743 [FXGL Background Thread 1 ] DEBUG TilesetLoader        - Writing to buffer: dst=0,1680, w=70,h=70, src=576,864
15:01:37.744 [FXGL Background Thread 1 ] DEBUG TilesetLoader        - Writing to buffer: dst=1050,1680, w=70,h=70, src=576,864
15:01:37.744 [FXGL Background Thread 1 ] DEBUG TilesetLoader        - Writing to buffer: dst=0,1750, w=70,h=70, src=576,864
15:01:37.744 [FXGL Background Thread 1 ] DEBUG TilesetLoader        - Writing to buffer: dst=1050,1750, w=70,h=70, src=576,864
15:01:37.744 [FXGL Background Thread 1 ] DEBUG TilesetLoader        - Writing to buffer: dst=0,1820, w=70,h=70, src=576,864
15:01:37.744 [FXGL Background Thread 1 ] DEBUG TilesetLoader        - Writing to buffer: dst=1050,1820, w=70,h=70, src=576,864
15:01:37.744 [FXGL Background Thread 1 ] DEBUG TilesetLoader        - Writing to buffer: dst=0,1890, w=70,h=70, src=576,864
15:01:37.744 [FXGL Background Thread 1 ] DEBUG TilesetLoader        - Writing to buffer: dst=1050,1890, w=70,h=70, src=576,864
15:01:37.744 [FXGL Background Thread 1 ] DEBUG TilesetLoader        - Writing to buffer: dst=0,1960, w=70,h=70, src=576,864
15:01:37.745 [FXGL Background Thread 1 ] DEBUG TilesetLoader        - Writing to buffer: dst=1050,1960, w=70,h=70, src=576,864
15:01:37.745 [FXGL Background Thread 1 ] DEBUG TilesetLoader        - Writing to buffer: dst=0,2030, w=70,h=70, src=576,864
15:01:37.747 [FXGL Background Thread 1 ] DEBUG TilesetLoader        - Writing to buffer: dst=1050,2030, w=70,h=70, src=576,864
15:01:37.747 [FXGL Background Thread 1 ] DEBUG TilesetLoader        - Writing to buffer: dst=0,2100, w=70,h=70, src=576,864
15:01:37.747 [FXGL Background Thread 1 ] DEBUG TilesetLoader        - Writing to buffer: dst=1050,2100, w=70,h=70, src=576,864
15:01:37.748 [FXGL Background Thread 1 ] DEBUG TilesetLoader        - Writing to buffer: dst=0,2170, w=70,h=70, src=576,864
15:01:37.748 [FXGL Background Thread 1 ] DEBUG TilesetLoader        - Writing to buffer: dst=1050,2170, w=70,h=70, src=576,864
15:01:37.748 [FXGL Background Thread 1 ] DEBUG TilesetLoader        - Writing to buffer: dst=0,2240, w=70,h=70, src=576,864
15:01:37.748 [FXGL Background Thread 1 ] DEBUG TilesetLoader        - Writing to buffer: dst=1050,2240, w=70,h=70, src=576,864
15:01:37.748 [FXGL Background Thread 1 ] DEBUG TilesetLoader        - Writing to buffer: dst=0,2310, w=70,h=70, src=576,864
15:01:37.748 [FXGL Background Thread 1 ] DEBUG TilesetLoader        - Writing to buffer: dst=1050,2310, w=70,h=70, src=576,864
15:01:37.748 [FXGL Background Thread 1 ] DEBUG TilesetLoader        - Writing to buffer: dst=0,2380, w=70,h=70, src=576,864
15:01:37.748 [FXGL Background Thread 1 ] DEBUG TilesetLoader        - Writing to buffer: dst=1050,2380, w=70,h=70, src=576,864
15:01:37.749 [FXGL Background Thread 1 ] DEBUG TilesetLoader        - Writing to buffer: dst=0,2450, w=70,h=70, src=576,864
15:01:37.749 [FXGL Background Thread 1 ] DEBUG TilesetLoader        - Writing to buffer: dst=1050,2450, w=70,h=70, src=576,864
15:01:37.749 [FXGL Background Thread 1 ] DEBUG TilesetLoader        - Writing to buffer: dst=0,2520, w=70,h=70, src=576,864
15:01:37.749 [FXGL Background Thread 1 ] DEBUG TilesetLoader        - Writing to buffer: dst=1050,2520, w=70,h=70, src=576,864
15:01:37.749 [FXGL Background Thread 1 ] DEBUG TilesetLoader        - Writing to buffer: dst=0,2590, w=70,h=70, src=576,864
15:01:37.749 [FXGL Background Thread 1 ] DEBUG TilesetLoader        - Writing to buffer: dst=1050,2590, w=70,h=70, src=576,864
15:01:37.749 [FXGL Background Thread 1 ] DEBUG TilesetLoader        - Writing to buffer: dst=0,2660, w=70,h=70, src=576,864
15:01:37.749 [FXGL Background Thread 1 ] DEBUG TilesetLoader        - Writing to buffer: dst=1050,2660, w=70,h=70, src=576,864
15:01:37.750 [FXGL Background Thread 1 ] DEBUG TilesetLoader        - Writing to buffer: dst=0,2730, w=70,h=70, src=576,864
15:01:37.750 [FXGL Background Thread 1 ] DEBUG TilesetLoader        - Writing to buffer: dst=630,2730, w=70,h=70, src=504,576
15:01:37.750 [FXGL Background Thread 1 ] DEBUG TilesetLoader        - Writing to buffer: dst=700,2730, w=70,h=70, src=504,576
15:01:37.750 [FXGL Background Thread 1 ] DEBUG TilesetLoader        - Writing to buffer: dst=1050,2730, w=70,h=70, src=576,864
15:01:37.751 [FXGL Background Thread 1 ] DEBUG TilesetLoader        - Writing to buffer: dst=0,2800, w=70,h=70, src=576,864
15:01:37.751 [FXGL Background Thread 1 ] DEBUG TilesetLoader        - Writing to buffer: dst=700,2800, w=70,h=70, src=504,144
15:01:37.751 [FXGL Background Thread 1 ] DEBUG TilesetLoader        - Writing to buffer: dst=1050,2800, w=70,h=70, src=576,864
15:01:37.751 [FXGL Background Thread 1 ] DEBUG TilesetLoader        - Writing to buffer: dst=0,2870, w=70,h=70, src=576,864
15:01:37.751 [FXGL Background Thread 1 ] DEBUG TilesetLoader        - Writing to buffer: dst=280,2870, w=70,h=70, src=504,576
15:01:37.751 [FXGL Background Thread 1 ] DEBUG TilesetLoader        - Writing to buffer: dst=350,2870, w=70,h=70, src=504,576
15:01:37.752 [FXGL Background Thread 1 ] DEBUG TilesetLoader        - Writing to buffer: dst=700,2870, w=70,h=70, src=504,144
15:01:37.752 [FXGL Background Thread 1 ] DEBUG TilesetLoader        - Writing to buffer: dst=1050,2870, w=70,h=70, src=576,864
15:01:37.752 [FXGL Background Thread 1 ] DEBUG TilesetLoader        - Writing to buffer: dst=0,2940, w=70,h=70, src=576,864
15:01:37.752 [FXGL Background Thread 1 ] DEBUG TilesetLoader        - Writing to buffer: dst=350,2940, w=70,h=70, src=432,72
15:01:37.752 [FXGL Background Thread 1 ] DEBUG TilesetLoader        - Writing to buffer: dst=700,2940, w=70,h=70, src=504,144
15:01:37.752 [FXGL Background Thread 1 ] DEBUG TilesetLoader        - Writing to buffer: dst=1050,2940, w=70,h=70, src=576,864
15:01:37.753 [FXGL Background Thread 1 ] DEBUG TilesetLoader        - Writing to buffer: dst=0,3010, w=70,h=70, src=576,864
15:01:37.753 [FXGL Background Thread 1 ] DEBUG TilesetLoader        - Writing to buffer: dst=350,3010, w=70,h=70, src=360,864
15:01:37.753 [FXGL Background Thread 1 ] DEBUG TilesetLoader        - Writing to buffer: dst=700,3010, w=70,h=70, src=504,144
15:01:37.753 [FXGL Background Thread 1 ] DEBUG TilesetLoader        - Writing to buffer: dst=840,3010, w=70,h=70, src=576,864
15:01:37.753 [FXGL Background Thread 1 ] DEBUG TilesetLoader        - Writing to buffer: dst=1050,3010, w=70,h=70, src=576,864
15:01:37.754 [FXGL Background Thread 1 ] DEBUG TilesetLoader        - Writing to buffer: dst=0,3080, w=70,h=70, src=576,864
15:01:37.754 [FXGL Background Thread 1 ] DEBUG TilesetLoader        - Writing to buffer: dst=350,3080, w=70,h=70, src=360,864
15:01:37.754 [FXGL Background Thread 1 ] DEBUG TilesetLoader        - Writing to buffer: dst=490,3080, w=70,h=70, src=504,576
15:01:37.754 [FXGL Background Thread 1 ] DEBUG TilesetLoader        - Writing to buffer: dst=560,3080, w=70,h=70, src=504,576
15:01:37.754 [FXGL Background Thread 1 ] DEBUG TilesetLoader        - Writing to buffer: dst=630,3080, w=70,h=70, src=504,576
15:01:37.754 [FXGL Background Thread 1 ] DEBUG TilesetLoader        - Writing to buffer: dst=700,3080, w=70,h=70, src=504,576
15:01:37.754 [FXGL Background Thread 1 ] DEBUG TilesetLoader        - Writing to buffer: dst=770,3080, w=70,h=70, src=504,576
15:01:37.754 [FXGL Background Thread 1 ] DEBUG TilesetLoader        - Writing to buffer: dst=840,3080, w=70,h=70, src=576,864
15:01:37.754 [FXGL Background Thread 1 ] DEBUG TilesetLoader        - Writing to buffer: dst=1050,3080, w=70,h=70, src=576,864
15:01:37.755 [FXGL Background Thread 1 ] DEBUG TilesetLoader        - Writing to buffer: dst=0,3150, w=70,h=70, src=576,864
15:01:37.755 [FXGL Background Thread 1 ] DEBUG TilesetLoader        - Writing to buffer: dst=840,3150, w=70,h=70, src=576,864
15:01:37.755 [FXGL Background Thread 1 ] DEBUG TilesetLoader        - Writing to buffer: dst=1050,3150, w=70,h=70, src=576,864
15:01:37.755 [FXGL Background Thread 1 ] DEBUG TilesetLoader        - Writing to buffer: dst=0,3220, w=70,h=70, src=576,864
15:01:37.755 [FXGL Background Thread 1 ] DEBUG TilesetLoader        - Writing to buffer: dst=70,3220, w=70,h=70, src=504,576
15:01:37.755 [FXGL Background Thread 1 ] DEBUG TilesetLoader        - Writing to buffer: dst=140,3220, w=70,h=70, src=504,576
15:01:37.755 [FXGL Background Thread 1 ] DEBUG TilesetLoader        - Writing to buffer: dst=210,3220, w=70,h=70, src=504,576
15:01:37.755 [FXGL Background Thread 1 ] DEBUG TilesetLoader        - Writing to buffer: dst=280,3220, w=70,h=70, src=504,576
15:01:37.755 [FXGL Background Thread 1 ] DEBUG TilesetLoader        - Writing to buffer: dst=840,3220, w=70,h=70, src=576,864
15:01:37.756 [FXGL Background Thread 1 ] DEBUG TilesetLoader        - Writing to buffer: dst=1050,3220, w=70,h=70, src=576,864
15:01:37.756 [FXGL Background Thread 1 ] DEBUG TilesetLoader        - Writing to buffer: dst=0,3290, w=70,h=70, src=576,864
15:01:37.756 [FXGL Background Thread 1 ] DEBUG TilesetLoader        - Writing to buffer: dst=1050,3290, w=70,h=70, src=576,864
15:01:37.756 [FXGL Background Thread 1 ] DEBUG TilesetLoader        - Writing to buffer: dst=0,3360, w=70,h=70, src=576,864
15:01:37.756 [FXGL Background Thread 1 ] DEBUG TilesetLoader        - Writing to buffer: dst=1050,3360, w=70,h=70, src=576,864
15:01:37.756 [FXGL Background Thread 1 ] DEBUG TilesetLoader        - Writing to buffer: dst=0,3430, w=70,h=70, src=576,864
15:01:37.756 [FXGL Background Thread 1 ] DEBUG TilesetLoader        - Writing to buffer: dst=70,3430, w=70,h=70, src=504,576
15:01:37.756 [FXGL Background Thread 1 ] DEBUG TilesetLoader        - Writing to buffer: dst=140,3430, w=70,h=70, src=504,576
15:01:37.756 [FXGL Background Thread 1 ] DEBUG TilesetLoader        - Writing to buffer: dst=210,3430, w=70,h=70, src=504,576
15:01:37.757 [FXGL Background Thread 1 ] DEBUG TilesetLoader        - Writing to buffer: dst=280,3430, w=70,h=70, src=504,576
15:01:37.757 [FXGL Background Thread 1 ] DEBUG TilesetLoader        - Writing to buffer: dst=350,3430, w=70,h=70, src=504,576
15:01:37.757 [FXGL Background Thread 1 ] DEBUG TilesetLoader        - Writing to buffer: dst=420,3430, w=70,h=70, src=504,576
15:01:37.757 [FXGL Background Thread 1 ] DEBUG TilesetLoader        - Writing to buffer: dst=490,3430, w=70,h=70, src=504,576
15:01:37.757 [FXGL Background Thread 1 ] DEBUG TilesetLoader        - Writing to buffer: dst=560,3430, w=70,h=70, src=504,576
15:01:37.757 [FXGL Background Thread 1 ] DEBUG TilesetLoader        - Writing to buffer: dst=630,3430, w=70,h=70, src=504,576
15:01:37.757 [FXGL Background Thread 1 ] DEBUG TilesetLoader        - Writing to buffer: dst=700,3430, w=70,h=70, src=504,576
15:01:37.757 [FXGL Background Thread 1 ] DEBUG TilesetLoader        - Writing to buffer: dst=770,3430, w=70,h=70, src=504,576
15:01:37.757 [FXGL Background Thread 1 ] DEBUG TilesetLoader        - Writing to buffer: dst=840,3430, w=70,h=70, src=504,576
15:01:37.757 [FXGL Background Thread 1 ] DEBUG TilesetLoader        - Writing to buffer: dst=910,3430, w=70,h=70, src=504,576
15:01:37.758 [FXGL Background Thread 1 ] DEBUG TilesetLoader        - Writing to buffer: dst=980,3430, w=70,h=70, src=504,576
15:01:37.758 [FXGL Background Thread 1 ] DEBUG TilesetLoader        - Writing to buffer: dst=1050,3430, w=70,h=70, src=576,864
15:01:37.758 [FXGL Background Thread 1 ] DEBUG TMXLevelLoader       - Creating object layer entities
15:01:37.812 [FXGL Background Thread 1 ] DEBUG GameWorld            - Clearing removable entities
15:01:37.812 [FXGL Background Thread 1 ] DEBUG GameWorld            - Setting level: com.almasb.fxgl.entity.level.Level@60e62f15
15:01:37.848 [FXGL Background Thread 1 ] DEBUG AssetLoader          - Loading from file system: /assets/textures/JumperSprite.png
15:01:37.853 [FXGL Background Thread 1 ] DEBUG InitAppTask          - Initializing Physics
15:01:37.854 [FXGL Background Thread 1 ] DEBUG InitAppTask          - Initializing UI
15:01:37.854 [FXGL Background Thread 1 ] DEBUG InitAppTask          - Initialization Complete
15:01:37.854 [FXGL Background Thread 1 ] INFO  InitAppTask          - Game initialization took: 0,290 sec
15:01:37.864 [JavaFX Application Thread] DEBUG Input                - Clearing active input actions
15:01:37.889 [JavaFX Application Thread] DEBUG Engine               - Removing overlay from LoadingScene and adding to GameScene
15:01:37.889 [JavaFX Application Thread] DEBUG MainWindow           - LoadingScene -> GameScene
15:01:46.406 [JavaFX Application Thread] DEBUG Engine               - Exiting FXGL
15:01:46.406 [JavaFX Application Thread] DEBUG Engine               - Shutting down background threads
15:01:46.407 [JavaFX Application Thread] DEBUG Engine               - Saving FXGL system data
15:01:46.416 [JavaFX Application Thread] DEBUG FSServiceImpl        - Writing to: C:\Users\Rasmus J\Documents\Datamatiker\Datamatiker_AK_1_semester_Java\Jumper\system\fxgl.bundle
15:01:46.431 [JavaFX Application Thread] DEBUG Engine               - Closing logger and exiting JavaFX
