14:23:43.807 [main                     ] DEBUG GameApplication      - Logger initialized
14:23:43.846 [main                     ] DEBUG GameApplication      - Logging settings
Title: Untitled
Version: 0.0
Width: 1120
Height: 600
Fullscreen: false
Intro: false
Menus: false
Profiling: false
Single step:false
App Mode: DEVELOPER
Menu Key: ESCAPE
Stage Style: DECORATED
Scene Factory: class com.almasb.fxgl.app.SceneFactory
Dialog Factory: class com.almasb.fxgl.ui.FXGLDialogFactory
UI Factory: class com.almasb.fxgl.ui.FXGLUIFactory

14:23:44.362 [JavaFX Application Thread] DEBUG Engine               - Initializing FXGL
14:23:44.362 [JavaFX Application Thread] INFO  Engine               - FXGL-11.6 (17.11.2019 19.24) on WINDOWS (J:11.0.3 FX:10.0.2-internal)
14:23:44.363 [JavaFX Application Thread] INFO  Engine               - Source code and latest versions at: https://github.com/AlmasB/FXGL
14:23:44.363 [JavaFX Application Thread] INFO  Engine               -              Join the FXGL chat at: https://gitter.im/AlmasB/FXGL
14:23:44.363 [JavaFX Application Thread] DEBUG Engine               - Initializing environment variables
14:23:44.366 [JavaFX Application Thread] DEBUG Engine               - Logging environment variables
14:23:44.366 [JavaFX Application Thread] DEBUG Engine               - achievements: []
14:23:44.366 [JavaFX Application Thread] DEBUG Engine               - sceneStack: com.almasb.fxgl.app.Engine@109e2248
14:23:44.367 [JavaFX Application Thread] DEBUG Engine               - language: ObjectProperty [value: ENGLISH]
14:23:44.367 [JavaFX Application Thread] DEBUG Engine               - isCloseConfirmation: false
14:23:44.367 [JavaFX Application Thread] DEBUG Engine               - isProfilingEnabled: false
14:23:44.367 [JavaFX Application Thread] DEBUG Engine               - soundNotification: core/notification.wav
14:23:44.368 [JavaFX Application Thread] DEBUG Engine               - devShowBBoxProperty: BooleanProperty [value: false]
14:23:44.369 [JavaFX Application Thread] DEBUG Engine               - pixelsPerMeter: 50.0
14:23:44.370 [JavaFX Application Thread] DEBUG Engine               - overlayRoot: Group@73504701
14:23:44.370 [JavaFX Application Thread] DEBUG Engine               - appIcon: fxgl_icon.png
14:23:44.370 [JavaFX Application Thread] DEBUG Engine               - soundMenuBack: menu/back.wav
14:23:44.370 [JavaFX Application Thread] DEBUG Engine               - isFullScreenAllowed: false
14:23:44.371 [JavaFX Application Thread] DEBUG Engine               - isIntroEnabled: false
14:23:44.371 [JavaFX Application Thread] DEBUG Engine               - eventBus: com.almasb.fxgl.event.EventBus@236f9694
14:23:44.371 [JavaFX Application Thread] DEBUG Engine               - fontMono: lucida_console.ttf
14:23:44.371 [JavaFX Application Thread] DEBUG Engine               - soundMenuSelect: menu/select.wav
14:23:44.371 [JavaFX Application Thread] DEBUG Engine               - isWindows: true
14:23:44.372 [JavaFX Application Thread] DEBUG Engine               - isMobile: false
14:23:44.372 [JavaFX Application Thread] DEBUG Engine               - height: 600
14:23:44.372 [JavaFX Application Thread] DEBUG Engine               - isExperimentalNative: false
14:23:44.372 [JavaFX Application Thread] DEBUG Engine               - cSSList: [fxgl_dark.css]
14:23:44.372 [JavaFX Application Thread] DEBUG Engine               - isSingleStep: false
14:23:44.374 [JavaFX Application Thread] DEBUG Engine               - fontGame: Abel-Regular.ttf
14:23:44.374 [JavaFX Application Thread] DEBUG Engine               - menuKey: ESCAPE
14:23:44.375 [JavaFX Application Thread] DEBUG Engine               - devShowPositionProperty: BooleanProperty [value: false]
14:23:44.375 [JavaFX Application Thread] DEBUG Engine               - versionCheckDays: 7
14:23:44.375 [JavaFX Application Thread] DEBUG Engine               - masterTimer: com.almasb.fxgl.time.Timer@42827cd3
14:23:44.375 [JavaFX Application Thread] DEBUG Engine               - configClass: Optional.empty
14:23:44.375 [JavaFX Application Thread] DEBUG Engine               - isFullScreenFromStart: false
14:23:44.376 [JavaFX Application Thread] DEBUG Engine               - version: 0.0
14:23:44.376 [JavaFX Application Thread] DEBUG Engine               - fullScreen: BooleanProperty [value: false]
14:23:44.376 [JavaFX Application Thread] DEBUG Engine               - dialogFactory: com.almasb.fxgl.ui.FXGLDialogFactory@6f1181e5
14:23:44.376 [JavaFX Application Thread] DEBUG Engine               - applicationMode: DEVELOPER
14:23:44.376 [JavaFX Application Thread] DEBUG Engine               - isMac: false
14:23:44.376 [JavaFX Application Thread] DEBUG Engine               - urlGoogleForms: https://goo.gl/forms/6wrMnOBxTE1fEpOy2
14:23:44.377 [JavaFX Application Thread] DEBUG Engine               - isMenuEnabled: false
14:23:44.377 [JavaFX Application Thread] DEBUG Engine               - urlPOM: https://raw.githubusercontent.com/AlmasB/FXGL/master/pom.xml
14:23:44.377 [JavaFX Application Thread] DEBUG Engine               - profileName: user.profile
14:23:44.377 [JavaFX Application Thread] DEBUG Engine               - notificationViewClass: class com.almasb.fxgl.notification.view.XboxNotificationView
14:23:44.377 [JavaFX Application Thread] DEBUG Engine               - devSensorColorProperty: ObjectProperty [value: 0xffff00ff]
14:23:44.377 [JavaFX Application Thread] DEBUG Engine               - dataFileExt: .dat
14:23:44.378 [JavaFX Application Thread] DEBUG Engine               - sceneFactory: com.almasb.fxgl.app.SceneFactory@1e08ab49
14:23:44.378 [JavaFX Application Thread] DEBUG Engine               - stageStyle: DECORATED
14:23:44.378 [JavaFX Application Thread] DEBUG Engine               - isManualResizeEnabled: false
14:23:44.378 [JavaFX Application Thread] DEBUG Engine               - title: Untitled
14:23:44.379 [JavaFX Application Thread] DEBUG Engine               - platform: WINDOWS
14:23:44.379 [JavaFX Application Thread] DEBUG Engine               - devBBoxColorProperty: ObjectProperty [value: 0xff0000ff]
14:23:44.380 [JavaFX Application Thread] DEBUG Engine               - isDesktop: true
14:23:44.380 [JavaFX Application Thread] DEBUG Engine               - globalMusicVolumeProperty: DoubleProperty [value: 0.5]
14:23:44.380 [JavaFX Application Thread] DEBUG Engine               - credits: []
14:23:44.380 [JavaFX Application Thread] DEBUG Engine               - uIFactory: com.almasb.fxgl.ui.FXGLUIFactory@418c452a
14:23:44.380 [JavaFX Application Thread] DEBUG Engine               - isPreserveResizeRatio: false
14:23:44.381 [JavaFX Application Thread] DEBUG Engine               - fontText: Courier-Prime.ttf
14:23:44.381 [JavaFX Application Thread] DEBUG Engine               - isExperimentalTiledLargeMap: false
14:23:44.382 [JavaFX Application Thread] DEBUG Engine               - secondsIn24h: 60
14:23:44.383 [JavaFX Application Thread] DEBUG Engine               - runtimeInfo: RuntimeInfo(platform=WINDOWS, version=11.6, build=17.11.2019 19.24)
14:23:44.383 [JavaFX Application Thread] DEBUG Engine               - urlGithub: https://github.com/AlmasB/FXGL
14:23:44.383 [JavaFX Application Thread] DEBUG Engine               - soundMenuPress: menu/press.wav
14:23:44.383 [JavaFX Application Thread] DEBUG Engine               - isLinux: false
14:23:44.383 [JavaFX Application Thread] DEBUG Engine               - profileDir: profiles/
14:23:44.384 [JavaFX Application Thread] DEBUG Engine               - globalSoundVolumeProperty: DoubleProperty [value: 0.5]
14:23:44.384 [JavaFX Application Thread] DEBUG Engine               - isDeveloperMenuEnabled: false
14:23:44.384 [JavaFX Application Thread] DEBUG Engine               - urlLeaderboard: http://fxgl-top.herokuapp.com/
14:23:44.384 [JavaFX Application Thread] DEBUG Engine               - isBrowser: false
14:23:44.384 [JavaFX Application Thread] DEBUG Engine               - globalSoundVolume: 0.5
14:23:44.384 [JavaFX Application Thread] DEBUG Engine               - saveDir: saves/
14:23:44.385 [JavaFX Application Thread] DEBUG Engine               - engineServices: [class com.almasb.fxgl.audio.AudioPlayer, class com.almasb.fxgl.notification.impl.NotificationServiceProvider, class com.almasb.fxgl.achievement.AchievementManager, class com.almasb.fxgl.cutscene.CutsceneService, class com.almasb.fxgl.minigames.MiniGameService]
14:23:44.385 [JavaFX Application Thread] DEBUG Engine               - globalMusicVolume: 0.5
14:23:44.385 [JavaFX Application Thread] DEBUG Engine               - width: 1120
14:23:44.385 [JavaFX Application Thread] DEBUG Engine               - saveFileExt: .sav
14:23:44.385 [JavaFX Application Thread] DEBUG Engine               - isAndroid: false
14:23:44.385 [JavaFX Application Thread] DEBUG Engine               - fontUI: VarelaRound-Regular.ttf
14:23:44.385 [JavaFX Application Thread] DEBUG Engine               - isIOS: false
14:23:44.385 [JavaFX Application Thread] DEBUG Engine               - enabledMenuItems: []
14:23:44.389 [JavaFX Application Thread] DEBUG Engine               - Adding new engine service: class com.almasb.fxgl.audio.AudioPlayer
14:23:44.390 [JavaFX Application Thread] DEBUG Engine               - Adding new engine service: class com.almasb.fxgl.notification.impl.NotificationServiceProvider
14:23:44.391 [JavaFX Application Thread] DEBUG Engine               - Adding new engine service: class com.almasb.fxgl.achievement.AchievementManager
14:23:44.393 [JavaFX Application Thread] DEBUG Engine               - Adding new engine service: class com.almasb.fxgl.cutscene.CutsceneService
14:23:44.393 [JavaFX Application Thread] DEBUG Engine               - Adding new engine service: class com.almasb.fxgl.minigames.MiniGameService
14:23:44.397 [JavaFX Application Thread] DEBUG Engine               - Loading localizations
14:23:44.400 [JavaFX Application Thread] DEBUG AssetLoader          - Loading from file system: /assets/properties/languages/english.properties
14:23:44.404 [JavaFX Application Thread] DEBUG AssetLoader          - Loading from file system: /assets/properties/languages/french.properties
14:23:44.406 [JavaFX Application Thread] DEBUG AssetLoader          - Loading from file system: /assets/properties/languages/german.properties
14:23:44.408 [JavaFX Application Thread] DEBUG AssetLoader          - Loading from file system: /assets/properties/languages/russian.properties
14:23:44.412 [JavaFX Application Thread] DEBUG AssetLoader          - Loading from file system: /assets/properties/languages/hungarian.properties
14:23:44.415 [JavaFX Application Thread] DEBUG Engine               - Registering font factories
14:23:44.416 [JavaFX Application Thread] DEBUG AssetLoader          - Loading from file system: /assets/ui/fonts/VarelaRound-Regular.ttf
14:23:44.759 [JavaFX Application Thread] DEBUG AssetLoader          - Loading from file system: /assets/ui/fonts/Abel-Regular.ttf
14:23:44.773 [JavaFX Application Thread] DEBUG AssetLoader          - Loading from file system: /assets/ui/fonts/lucida_console.ttf
14:23:44.787 [JavaFX Application Thread] DEBUG AssetLoader          - Loading from file system: /assets/ui/fonts/Courier-Prime.ttf
14:23:44.799 [JavaFX Application Thread] DEBUG Engine               - Setting UI factory
14:23:44.922 [JavaFX Application Thread] DEBUG AssetLoader          - Loading from file system: /assets/textures/fxgl_logo.png
14:23:44.991 [JavaFX Application Thread] DEBUG MainWindow           - Creating a JavaFX scene
14:23:45.031 [JavaFX Application Thread] DEBUG MainWindow           - Target settings size: 1120.0 x 600.0
14:23:45.031 [JavaFX Application Thread] DEBUG MainWindow           - Scaled scene size:    1120.0 x 600.0
14:23:45.031 [JavaFX Application Thread] DEBUG MainWindow           - Scaled ratio: (1.0, 1.0)
14:23:45.033 [JavaFX Application Thread] DEBUG MainWindow           - Set initial scene to FXGLStartupScene
14:23:45.042 [JavaFX Application Thread] DEBUG AssetLoader          - Loading from file system: /assets/textures/fxgl_icon.png
14:23:45.065 [JavaFX Application Thread] DEBUG Engine               - Applying CSS: fxgl_dark.css
14:23:45.065 [JavaFX Application Thread] DEBUG AssetLoader          - Loading from file system: /assets/ui/css/fxgl_dark.css
14:23:45.068 [JavaFX Application Thread] DEBUG AssetLoader          - Loading from file system: /assets/ui/cursors/fxgl_default.png
14:23:45.070 [JavaFX Application Thread] DEBUG MainWindow           - Opening main window
14:23:45.229 [JavaFX Application Thread] DEBUG MainWindow           - Window border size: (13.0, 35.5)
14:23:45.229 [JavaFX Application Thread] DEBUG MainWindow           - Scaled size: 1120.0 x 600.0
14:23:45.229 [JavaFX Application Thread] DEBUG MainWindow           - Scaled ratio: (1.0, 1.0)
14:23:45.229 [JavaFX Application Thread] DEBUG MainWindow           - Scene size: 1120.0 x 600.0
14:23:45.230 [JavaFX Application Thread] DEBUG MainWindow           - Stage size: 1133.0 x 635.5
14:23:45.293 [FXGL Background Thread 1 ] DEBUG FS                   - Loaded FSServiceImpl
14:23:45.293 [FXGL Background Thread 1 ] DEBUG Engine               - Loading FXGL system data
14:23:45.299 [FXGL Background Thread 1 ] DEBUG FSServiceImpl        - Reading from: C:\Users\Rasmus J\Documents\Datamatiker\Datamatiker_AK_1_semester_Java\Jumper\system\fxgl.bundle
14:23:45.316 [FXGL Background Thread 1 ] DEBUG Engine               - Bundle FXGL: {}
14:23:45.317 [FXGL Background Thread 1 ] DEBUG Engine               - Initializing application scenes
14:23:45.366 [FXGL Background Thread 1 ] DEBUG GameWorld            - Game world initialized
14:23:45.476 [FXGL Background Thread 1 ] DEBUG PhysicsWorld         - Physics world initialized: appHeight=600, physics.ppm=50,0
14:23:45.478 [FXGL Background Thread 1 ] DEBUG GameScene            - Game scene initialized: 1120x600
14:23:45.515 [FXGL Background Thread 1 ] DEBUG Input                - Registered new binding: Resume - Esc
14:23:45.516 [FXGL Background Thread 1 ] DEBUG AssetLoader          - Loading from file system: /assets/textures/pause_menu_bg.png
14:23:45.543 [FXGL Background Thread 1 ] DEBUG Input                - Registered new binding: Pause - Esc
14:23:45.544 [FXGL Background Thread 1 ] DEBUG Engine               - Application scenes initialized
14:23:45.547 [JavaFX Application Thread] DEBUG Engine               - Running preInit()
14:23:45.549 [JavaFX Application Thread] DEBUG Input                - Registered new binding: Screenshot - P
14:23:45.549 [JavaFX Application Thread] DEBUG Input                - Registered new binding: System info dump - CTRL+9
14:23:45.550 [JavaFX Application Thread] DEBUG Input                - Registered new binding: Restart - CTRL+R
14:23:45.550 [JavaFX Application Thread] DEBUG Engine               - generateDefaultProfile()
14:23:45.550 [JavaFX Application Thread] DEBUG Engine               - Creating default profile
14:23:45.550 [JavaFX Application Thread] DEBUG EventBus             - Firing event: SaveEvent
14:23:45.574 [JavaFX Application Thread] INFO  Engine               - FXGL initialization took: 1,178 sec
14:23:45.574 [JavaFX Application Thread] DEBUG LoopRunner           - Starting loop
14:23:45.581 [JavaFX Application Thread] DEBUG FXGLStartupScene     - STARTUP
14:23:45.581 [JavaFX Application Thread] DEBUG Engine               - Starting new game
14:23:45.589 [JavaFX Application Thread] DEBUG Input                - Clearing active input actions
14:23:45.590 [FXGL Background Thread 1 ] DEBUG InitAppTask          - Clearing previous game
14:23:45.590 [FXGL Background Thread 1 ] DEBUG GameWorld            - Clearing game world
14:23:45.590 [FXGL Background Thread 1 ] DEBUG PhysicsWorld         - Clearing physics world
14:23:45.590 [FXGL Background Thread 1 ] DEBUG GameScene            - Clearing game scene
14:23:45.590 [FXGL Background Thread 1 ] DEBUG InitAppTask          - Initializing Game
14:23:45.605 [JavaFX Application Thread] DEBUG Engine               - Removing overlay from FXGLStartupScene and adding to LoadingScene
14:23:45.606 [JavaFX Application Thread] DEBUG MainWindow           - FXGLStartupScene -> LoadingScene
14:23:45.610 [FXGL Background Thread 1 ] DEBUG AssetLoader          - Loading from file system: /assets/levels/level0.tmx
14:23:45.657 [FXGL Background Thread 1 ] WARN  TMXLevelLoader       - TiledMap generated from 1.0.1. Supported version: 1.2.3. Some features may not be parsed fully.
14:23:45.678 [FXGL Background Thread 1 ] DEBUG TMXLevelLoader       - Parsed raw map: TiledMap(width=16, height=50, tilewidth=70, tileheight=70, orientation=orthogonal, layers=[Layer(width=16, height=50, name=Tile Layer 1, type=tilelayer, visible=false, x=0, y=0, data=[0, 0, 0, 0, 0, 0, 0, 0, 0, 0, 0, 0, 0, 0, 0, 0, 0, 0, 0, 0, 0, 0, 0, 0, 0, 0, 0, 0, 0, 0, 0, 0, 0, 0, 0, 0, 0, 0, 0, 0, 0, 0, 0, 0, 0, 0, 0, 0, 0, 0, 0, 0, 0, 0, 0, 0, 0, 0, 0, 0, 0, 0, 0, 0, 0, 0, 0, 0, 0, 0, 0, 0, 0, 0, 0, 0, 0, 0, 0, 0, 0, 0, 0, 0, 0, 0, 0, 0, 0, 0, 0, 0, 0, 0, 0, 0, 0, 0, 0, 0, 0, 0, 0, 0, 0, 0, 0, 0, 0, 0, 0, 0, 0, 0, 0, 0, 0, 0, 0, 0, 0, 0, 0, 0, 0, 0, 0, 0, 0, 0, 0, 0, 0, 0, 0, 0, 0, 0, 0, 0, 0, 0, 0, 0, 0, 0, 0, 0, 0, 0, 0, 0, 0, 0, 0, 0, 0, 0, 0, 0, 0, 0, 0, 0, 0, 0, 0, 0, 0, 0, 0, 0, 0, 0, 0, 0, 0, 0, 0, 0, 0, 0, 0, 0, 0, 0, 0, 0, 0, 0, 0, 0, 0, 0, 0, 0, 0, 0, 0, 0, 0, 0, 0, 0, 0, 0, 0, 0, 0, 0, 0, 0, 0, 0, 0, 0, 0, 0, 0, 0, 0, 0, 0, 0, 0, 0, 0, 0, 0, 0, 0, 0, 0, 0, 0, 0, 0, 0, 0, 0, 0, 0, 0, 0, 0, 0, 0, 0, 0, 0, 0, 0, 0, 0, 0, 0, 0, 0, 0, 0, 0, 0, 0, 0, 0, 0, 0, 0, 0, 0, 0, 0, 0, 0, 0, 0, 0, 0, 0, 0, 0, 0, 0, 0, 0, 0, 0, 0, 0, 0, 0, 0, 0, 0, 0, 0, 0, 0, 0, 0, 0, 0, 0, 0, 0, 0, 0, 0, 0, 0, 0, 0, 0, 0, 0, 0, 0, 0, 0, 0, 0, 0, 0, 0, 0, 0, 0, 0, 0, 0, 0, 0, 0, 0, 0, 0, 0, 0, 0, 0, 0, 0, 0, 0, 0, 0, 0, 0, 0, 0, 0, 0, 0, 0, 0, 0, 0, 0, 0, 0, 0, 0, 0, 0, 0, 0, 0, 0, 0, 0, 0, 0, 0, 0, 0, 0, 0, 0, 0, 0, 0, 0, 0, 0, 0, 0, 0, 0, 0, 0, 0, 0, 0, 0, 0, 0, 0, 0, 0, 0, 0, 0, 0, 0, 0, 0, 0, 0, 0, 0, 0, 0, 0, 0, 0, 0, 0, 0, 0, 0, 0, 0, 0, 0, 0, 0, 0, 0, 0, 0, 0, 0, 0, 0, 0, 0, 0, 0, 0, 0, 0, 0, 0, 0, 0, 0, 0, 0, 0, 0, 0, 0, 0, 0, 0, 0, 0, 0, 0, 0, 0, 0, 0, 0, 0, 0, 0, 0, 0, 0, 0, 0, 0, 0, 0, 0, 0, 0, 0, 0, 0, 0, 0, 0, 0, 0, 0, 0, 0, 0, 0, 0, 0, 0, 0, 0, 0, 0, 0, 0, 0, 0, 0, 0, 0, 0, 0, 0, 0, 0, 0, 0, 0, 0, 0, 0, 0, 0, 0, 0, 0, 0, 0, 0, 0, 0, 0, 0, 0, 0, 0, 0, 0, 0, 0, 0, 0, 0, 0, 0, 0, 0, 0, 0, 0, 0, 0, 0, 0, 0, 0, 0, 0, 0, 0, 0, 0, 0, 0, 0, 0, 0, 0, 0, 0, 0, 0, 0, 0, 0, 0, 0, 0, 0, 0, 0, 0, 0, 0, 0, 0, 0, 0, 0, 0, 0, 0, 0, 0, 0, 0, 0, 0, 0, 0, 0, 0, 0, 0, 0, 0, 0, 0, 0, 0, 0, 0, 0, 0, 0, 0, 0, 0, 0, 0, 0, 0, 0, 0, 0, 0, 0, 0, 0, 0, 0, 0, 0, 0, 0, 0, 0, 0, 0, 0, 0, 0, 0, 0, 0, 0, 0, 0, 0, 0, 0, 0, 0, 0, 0, 0, 0, 0, 0, 0, 0, 0, 0, 0, 0, 0, 0, 0, 0, 0, 0, 0, 0, 0, 0, 0, 0, 0, 0, 0, 0, 0, 0, 0, 0, 0, 0, 0, 0, 0, 0, 0, 0, 0, 0, 0, 0, 0, 0, 0, 0, 0, 0, 0, 0, 0, 0, 0, 0, 0, 0, 0, 0, 0, 0, 0, 0, 0, 104, 104, 104, 104, 0, 0, 0, 0, 0, 0, 0, 0, 0, 0, 0, 0, 0, 0, 0, 0, 0, 0, 0, 0, 104, 104, 104, 104, 0, 0, 0, 0, 0, 0, 0, 0, 0, 0, 0, 0, 0, 0, 0, 0, 0, 0, 0, 0, 0, 0, 0, 0, 0, 0, 0, 0, 0, 0, 0, 0, 0, 0, 0, 0, 0, 0, 0, 0, 0, 0, 0, 104, 104, 104, 104, 104, 104, 104, 104, 104, 104, 104, 104, 104, 104, 104, 104], objects=[], opacity=0.0, draworder=), Layer(width=0, height=0, name=Object Layer 1, type=objectgroup, visible=false, x=0, y=0, data=[], objects=[com.almasb.fxgl.entity.level.tiled.TiledObject@4a0c3f4b, com.almasb.fxgl.entity.level.tiled.TiledObject@147abf47, com.almasb.fxgl.entity.level.tiled.TiledObject@2c474d59], opacity=0.0, draworder=)], tilesets=[Tileset(firstgid=1, image=tiles_spritesheet.png, name=tiles_spritesheet, tilewidth=70, tileheight=70, imagewidth=914, imageheight=936, margin=0, spacing=2, columns=12, tilecount=156, transparentcolor=)], backgroundcolor=, renderorder=right-down, nextobjectid=4, version=1, tiledversion=1.0.1, type=map, infinite=false, properties={}, propertytypes={})
14:23:45.679 [FXGL Background Thread 1 ] DEBUG TMXLevelLoader       - Creating tile layer entities
14:23:45.680 [FXGL Background Thread 1 ] DEBUG TilesetLoader        - Loading view for layer Tile Layer 1
14:23:45.707 [FXGL Background Thread 1 ] DEBUG TilesetLoader        - Created buffer with size 1120.0x3500.0
14:23:45.735 [FXGL Background Thread 1 ] DEBUG TilesetLoader        - Writing to buffer: dst=630,3080, w=70,h=70, src=504,576
14:23:45.737 [FXGL Background Thread 1 ] DEBUG TilesetLoader        - Writing to buffer: dst=700,3080, w=70,h=70, src=504,576
14:23:45.737 [FXGL Background Thread 1 ] DEBUG TilesetLoader        - Writing to buffer: dst=770,3080, w=70,h=70, src=504,576
14:23:45.738 [FXGL Background Thread 1 ] DEBUG TilesetLoader        - Writing to buffer: dst=840,3080, w=70,h=70, src=504,576
14:23:45.738 [FXGL Background Thread 1 ] DEBUG TilesetLoader        - Writing to buffer: dst=70,3220, w=70,h=70, src=504,576
14:23:45.738 [FXGL Background Thread 1 ] DEBUG TilesetLoader        - Writing to buffer: dst=140,3220, w=70,h=70, src=504,576
14:23:45.738 [FXGL Background Thread 1 ] DEBUG TilesetLoader        - Writing to buffer: dst=210,3220, w=70,h=70, src=504,576
14:23:45.738 [FXGL Background Thread 1 ] DEBUG TilesetLoader        - Writing to buffer: dst=280,3220, w=70,h=70, src=504,576
14:23:45.738 [FXGL Background Thread 1 ] DEBUG TilesetLoader        - Writing to buffer: dst=0,3430, w=70,h=70, src=504,576
14:23:45.738 [FXGL Background Thread 1 ] DEBUG TilesetLoader        - Writing to buffer: dst=70,3430, w=70,h=70, src=504,576
14:23:45.739 [FXGL Background Thread 1 ] DEBUG TilesetLoader        - Writing to buffer: dst=140,3430, w=70,h=70, src=504,576
14:23:45.739 [FXGL Background Thread 1 ] DEBUG TilesetLoader        - Writing to buffer: dst=210,3430, w=70,h=70, src=504,576
14:23:45.739 [FXGL Background Thread 1 ] DEBUG TilesetLoader        - Writing to buffer: dst=280,3430, w=70,h=70, src=504,576
14:23:45.739 [FXGL Background Thread 1 ] DEBUG TilesetLoader        - Writing to buffer: dst=350,3430, w=70,h=70, src=504,576
14:23:45.739 [FXGL Background Thread 1 ] DEBUG TilesetLoader        - Writing to buffer: dst=420,3430, w=70,h=70, src=504,576
14:23:45.739 [FXGL Background Thread 1 ] DEBUG TilesetLoader        - Writing to buffer: dst=490,3430, w=70,h=70, src=504,576
14:23:45.739 [FXGL Background Thread 1 ] DEBUG TilesetLoader        - Writing to buffer: dst=560,3430, w=70,h=70, src=504,576
14:23:45.739 [FXGL Background Thread 1 ] DEBUG TilesetLoader        - Writing to buffer: dst=630,3430, w=70,h=70, src=504,576
14:23:45.739 [FXGL Background Thread 1 ] DEBUG TilesetLoader        - Writing to buffer: dst=700,3430, w=70,h=70, src=504,576
14:23:45.739 [FXGL Background Thread 1 ] DEBUG TilesetLoader        - Writing to buffer: dst=770,3430, w=70,h=70, src=504,576
14:23:45.740 [FXGL Background Thread 1 ] DEBUG TilesetLoader        - Writing to buffer: dst=840,3430, w=70,h=70, src=504,576
14:23:45.740 [FXGL Background Thread 1 ] DEBUG TilesetLoader        - Writing to buffer: dst=910,3430, w=70,h=70, src=504,576
14:23:45.740 [FXGL Background Thread 1 ] DEBUG TilesetLoader        - Writing to buffer: dst=980,3430, w=70,h=70, src=504,576
14:23:45.740 [FXGL Background Thread 1 ] DEBUG TilesetLoader        - Writing to buffer: dst=1050,3430, w=70,h=70, src=504,576
14:23:45.740 [FXGL Background Thread 1 ] DEBUG TMXLevelLoader       - Creating object layer entities
14:23:45.761 [FXGL Background Thread 1 ] DEBUG GameWorld            - Clearing removable entities
14:23:45.761 [FXGL Background Thread 1 ] DEBUG GameWorld            - Setting level: com.almasb.fxgl.entity.level.Level@f2d530e
14:23:45.811 [FXGL Background Thread 1 ] DEBUG InitAppTask          - Initializing Physics
14:23:45.812 [FXGL Background Thread 1 ] DEBUG InitAppTask          - Initializing UI
14:23:45.812 [FXGL Background Thread 1 ] DEBUG InitAppTask          - Initialization Complete
14:23:45.812 [FXGL Background Thread 1 ] INFO  InitAppTask          - Game initialization took: 0,222 sec
14:23:45.817 [JavaFX Application Thread] DEBUG Input                - Clearing active input actions
14:23:45.834 [JavaFX Application Thread] DEBUG Engine               - Removing overlay from LoadingScene and adding to GameScene
14:23:45.834 [JavaFX Application Thread] DEBUG MainWindow           - LoadingScene -> GameScene
14:23:48.729 [JavaFX Application Thread] DEBUG Engine               - Exiting FXGL
14:23:48.729 [JavaFX Application Thread] DEBUG Engine               - Shutting down background threads
14:23:48.730 [JavaFX Application Thread] DEBUG Engine               - Saving FXGL system data
14:23:48.735 [JavaFX Application Thread] DEBUG FSServiceImpl        - Writing to: C:\Users\Rasmus J\Documents\Datamatiker\Datamatiker_AK_1_semester_Java\Jumper\system\fxgl.bundle
14:23:48.739 [JavaFX Application Thread] DEBUG Engine               - Closing logger and exiting JavaFX
