14:21:06.568 [main                     ] DEBUG GameApplication      - Logger initialized
14:21:06.597 [main                     ] DEBUG GameApplication      - Logging settings
Title: Untitled
Version: 0.0
Width: 1120
Height: 600
Fullscreen: false
Intro: false
Menus: false
Profiling: false
Single step:false
App Mode: DEVELOPER
Menu Key: ESCAPE
Stage Style: DECORATED
Scene Factory: class com.almasb.fxgl.app.SceneFactory
Dialog Factory: class com.almasb.fxgl.ui.FXGLDialogFactory
UI Factory: class com.almasb.fxgl.ui.FXGLUIFactory

14:21:07.102 [JavaFX Application Thread] DEBUG Engine               - Initializing FXGL
14:21:07.103 [JavaFX Application Thread] INFO  Engine               - FXGL-11.6 (17.11.2019 19.24) on WINDOWS (J:11.0.3 FX:10.0.2-internal)
14:21:07.103 [JavaFX Application Thread] INFO  Engine               - Source code and latest versions at: https://github.com/AlmasB/FXGL
14:21:07.104 [JavaFX Application Thread] INFO  Engine               -              Join the FXGL chat at: https://gitter.im/AlmasB/FXGL
14:21:07.104 [JavaFX Application Thread] DEBUG Engine               - Initializing environment variables
14:21:07.106 [JavaFX Application Thread] DEBUG Engine               - Logging environment variables
14:21:07.106 [JavaFX Application Thread] DEBUG Engine               - achievements: []
14:21:07.107 [JavaFX Application Thread] DEBUG Engine               - sceneStack: com.almasb.fxgl.app.Engine@1c2b9c49
14:21:07.107 [JavaFX Application Thread] DEBUG Engine               - language: ObjectProperty [value: ENGLISH]
14:21:07.107 [JavaFX Application Thread] DEBUG Engine               - isCloseConfirmation: false
14:21:07.107 [JavaFX Application Thread] DEBUG Engine               - isProfilingEnabled: false
14:21:07.107 [JavaFX Application Thread] DEBUG Engine               - soundNotification: core/notification.wav
14:21:07.108 [JavaFX Application Thread] DEBUG Engine               - devShowBBoxProperty: BooleanProperty [value: false]
14:21:07.109 [JavaFX Application Thread] DEBUG Engine               - pixelsPerMeter: 50.0
14:21:07.110 [JavaFX Application Thread] DEBUG Engine               - overlayRoot: Group@4265e1c
14:21:07.110 [JavaFX Application Thread] DEBUG Engine               - appIcon: fxgl_icon.png
14:21:07.110 [JavaFX Application Thread] DEBUG Engine               - soundMenuBack: menu/back.wav
14:21:07.110 [JavaFX Application Thread] DEBUG Engine               - isFullScreenAllowed: false
14:21:07.111 [JavaFX Application Thread] DEBUG Engine               - isIntroEnabled: false
14:21:07.111 [JavaFX Application Thread] DEBUG Engine               - eventBus: com.almasb.fxgl.event.EventBus@5546785c
14:21:07.111 [JavaFX Application Thread] DEBUG Engine               - fontMono: lucida_console.ttf
14:21:07.111 [JavaFX Application Thread] DEBUG Engine               - soundMenuSelect: menu/select.wav
14:21:07.111 [JavaFX Application Thread] DEBUG Engine               - isWindows: true
14:21:07.111 [JavaFX Application Thread] DEBUG Engine               - isMobile: false
14:21:07.112 [JavaFX Application Thread] DEBUG Engine               - height: 600
14:21:07.112 [JavaFX Application Thread] DEBUG Engine               - isExperimentalNative: false
14:21:07.112 [JavaFX Application Thread] DEBUG Engine               - cSSList: [fxgl_dark.css]
14:21:07.112 [JavaFX Application Thread] DEBUG Engine               - isSingleStep: false
14:21:07.112 [JavaFX Application Thread] DEBUG Engine               - fontGame: Abel-Regular.ttf
14:21:07.112 [JavaFX Application Thread] DEBUG Engine               - menuKey: ESCAPE
14:21:07.113 [JavaFX Application Thread] DEBUG Engine               - devShowPositionProperty: BooleanProperty [value: false]
14:21:07.113 [JavaFX Application Thread] DEBUG Engine               - versionCheckDays: 7
14:21:07.113 [JavaFX Application Thread] DEBUG Engine               - masterTimer: com.almasb.fxgl.time.Timer@154f6f69
14:21:07.113 [JavaFX Application Thread] DEBUG Engine               - configClass: Optional.empty
14:21:07.113 [JavaFX Application Thread] DEBUG Engine               - isFullScreenFromStart: false
14:21:07.114 [JavaFX Application Thread] DEBUG Engine               - version: 0.0
14:21:07.114 [JavaFX Application Thread] DEBUG Engine               - fullScreen: BooleanProperty [value: false]
14:21:07.114 [JavaFX Application Thread] DEBUG Engine               - dialogFactory: com.almasb.fxgl.ui.FXGLDialogFactory@1fd8aab2
14:21:07.114 [JavaFX Application Thread] DEBUG Engine               - applicationMode: DEVELOPER
14:21:07.114 [JavaFX Application Thread] DEBUG Engine               - isMac: false
14:21:07.114 [JavaFX Application Thread] DEBUG Engine               - urlGoogleForms: https://goo.gl/forms/6wrMnOBxTE1fEpOy2
14:21:07.115 [JavaFX Application Thread] DEBUG Engine               - isMenuEnabled: false
14:21:07.115 [JavaFX Application Thread] DEBUG Engine               - urlPOM: https://raw.githubusercontent.com/AlmasB/FXGL/master/pom.xml
14:21:07.115 [JavaFX Application Thread] DEBUG Engine               - profileName: user.profile
14:21:07.115 [JavaFX Application Thread] DEBUG Engine               - notificationViewClass: class com.almasb.fxgl.notification.view.XboxNotificationView
14:21:07.115 [JavaFX Application Thread] DEBUG Engine               - devSensorColorProperty: ObjectProperty [value: 0xffff00ff]
14:21:07.115 [JavaFX Application Thread] DEBUG Engine               - sceneFactory: com.almasb.fxgl.app.SceneFactory@29b8c1eb
14:21:07.116 [JavaFX Application Thread] DEBUG Engine               - dataFileExt: .dat
14:21:07.116 [JavaFX Application Thread] DEBUG Engine               - stageStyle: DECORATED
14:21:07.116 [JavaFX Application Thread] DEBUG Engine               - isManualResizeEnabled: false
14:21:07.116 [JavaFX Application Thread] DEBUG Engine               - title: Untitled
14:21:07.116 [JavaFX Application Thread] DEBUG Engine               - platform: WINDOWS
14:21:07.116 [JavaFX Application Thread] DEBUG Engine               - devBBoxColorProperty: ObjectProperty [value: 0xff0000ff]
14:21:07.117 [JavaFX Application Thread] DEBUG Engine               - isDesktop: true
14:21:07.117 [JavaFX Application Thread] DEBUG Engine               - credits: []
14:21:07.117 [JavaFX Application Thread] DEBUG Engine               - globalMusicVolumeProperty: DoubleProperty [value: 0.5]
14:21:07.117 [JavaFX Application Thread] DEBUG Engine               - isPreserveResizeRatio: false
14:21:07.117 [JavaFX Application Thread] DEBUG Engine               - uIFactory: com.almasb.fxgl.ui.FXGLUIFactory@4f5ac818
14:21:07.117 [JavaFX Application Thread] DEBUG Engine               - fontText: Courier-Prime.ttf
14:21:07.118 [JavaFX Application Thread] DEBUG Engine               - isExperimentalTiledLargeMap: false
14:21:07.118 [JavaFX Application Thread] DEBUG Engine               - secondsIn24h: 60
14:21:07.118 [JavaFX Application Thread] DEBUG Engine               - runtimeInfo: RuntimeInfo(platform=WINDOWS, version=11.6, build=17.11.2019 19.24)
14:21:07.118 [JavaFX Application Thread] DEBUG Engine               - isLinux: false
14:21:07.118 [JavaFX Application Thread] DEBUG Engine               - soundMenuPress: menu/press.wav
14:21:07.118 [JavaFX Application Thread] DEBUG Engine               - urlGithub: https://github.com/AlmasB/FXGL
14:21:07.119 [JavaFX Application Thread] DEBUG Engine               - profileDir: profiles/
14:21:07.119 [JavaFX Application Thread] DEBUG Engine               - isDeveloperMenuEnabled: false
14:21:07.119 [JavaFX Application Thread] DEBUG Engine               - globalSoundVolumeProperty: DoubleProperty [value: 0.5]
14:21:07.119 [JavaFX Application Thread] DEBUG Engine               - isBrowser: false
14:21:07.119 [JavaFX Application Thread] DEBUG Engine               - urlLeaderboard: http://fxgl-top.herokuapp.com/
14:21:07.119 [JavaFX Application Thread] DEBUG Engine               - globalSoundVolume: 0.5
14:21:07.119 [JavaFX Application Thread] DEBUG Engine               - saveDir: saves/
14:21:07.120 [JavaFX Application Thread] DEBUG Engine               - engineServices: [class com.almasb.fxgl.audio.AudioPlayer, class com.almasb.fxgl.notification.impl.NotificationServiceProvider, class com.almasb.fxgl.achievement.AchievementManager, class com.almasb.fxgl.cutscene.CutsceneService, class com.almasb.fxgl.minigames.MiniGameService]
14:21:07.120 [JavaFX Application Thread] DEBUG Engine               - globalMusicVolume: 0.5
14:21:07.120 [JavaFX Application Thread] DEBUG Engine               - width: 1120
14:21:07.120 [JavaFX Application Thread] DEBUG Engine               - saveFileExt: .sav
14:21:07.120 [JavaFX Application Thread] DEBUG Engine               - isAndroid: false
14:21:07.121 [JavaFX Application Thread] DEBUG Engine               - fontUI: VarelaRound-Regular.ttf
14:21:07.121 [JavaFX Application Thread] DEBUG Engine               - enabledMenuItems: []
14:21:07.121 [JavaFX Application Thread] DEBUG Engine               - isIOS: false
14:21:07.124 [JavaFX Application Thread] DEBUG Engine               - Adding new engine service: class com.almasb.fxgl.audio.AudioPlayer
14:21:07.125 [JavaFX Application Thread] DEBUG Engine               - Adding new engine service: class com.almasb.fxgl.notification.impl.NotificationServiceProvider
14:21:07.126 [JavaFX Application Thread] DEBUG Engine               - Adding new engine service: class com.almasb.fxgl.achievement.AchievementManager
14:21:07.126 [JavaFX Application Thread] DEBUG Engine               - Adding new engine service: class com.almasb.fxgl.cutscene.CutsceneService
14:21:07.127 [JavaFX Application Thread] DEBUG Engine               - Adding new engine service: class com.almasb.fxgl.minigames.MiniGameService
14:21:07.129 [JavaFX Application Thread] DEBUG Engine               - Loading localizations
14:21:07.133 [JavaFX Application Thread] DEBUG AssetLoader          - Loading from file system: /assets/properties/languages/english.properties
14:21:07.137 [JavaFX Application Thread] DEBUG AssetLoader          - Loading from file system: /assets/properties/languages/french.properties
14:21:07.140 [JavaFX Application Thread] DEBUG AssetLoader          - Loading from file system: /assets/properties/languages/german.properties
14:21:07.142 [JavaFX Application Thread] DEBUG AssetLoader          - Loading from file system: /assets/properties/languages/russian.properties
14:21:07.145 [JavaFX Application Thread] DEBUG AssetLoader          - Loading from file system: /assets/properties/languages/hungarian.properties
14:21:07.148 [JavaFX Application Thread] DEBUG Engine               - Registering font factories
14:21:07.149 [JavaFX Application Thread] DEBUG AssetLoader          - Loading from file system: /assets/ui/fonts/VarelaRound-Regular.ttf
14:21:07.496 [JavaFX Application Thread] DEBUG AssetLoader          - Loading from file system: /assets/ui/fonts/Abel-Regular.ttf
14:21:07.508 [JavaFX Application Thread] DEBUG AssetLoader          - Loading from file system: /assets/ui/fonts/lucida_console.ttf
14:21:07.520 [JavaFX Application Thread] DEBUG AssetLoader          - Loading from file system: /assets/ui/fonts/Courier-Prime.ttf
14:21:07.532 [JavaFX Application Thread] DEBUG Engine               - Setting UI factory
14:21:07.650 [JavaFX Application Thread] DEBUG AssetLoader          - Loading from file system: /assets/textures/fxgl_logo.png
14:21:07.741 [JavaFX Application Thread] DEBUG MainWindow           - Creating a JavaFX scene
14:21:07.785 [JavaFX Application Thread] DEBUG MainWindow           - Target settings size: 1120.0 x 600.0
14:21:07.785 [JavaFX Application Thread] DEBUG MainWindow           - Scaled scene size:    1120.0 x 600.0
14:21:07.786 [JavaFX Application Thread] DEBUG MainWindow           - Scaled ratio: (1.0, 1.0)
14:21:07.787 [JavaFX Application Thread] DEBUG MainWindow           - Set initial scene to FXGLStartupScene
14:21:07.798 [JavaFX Application Thread] DEBUG AssetLoader          - Loading from file system: /assets/textures/fxgl_icon.png
14:21:07.811 [JavaFX Application Thread] DEBUG Engine               - Applying CSS: fxgl_dark.css
14:21:07.811 [JavaFX Application Thread] DEBUG AssetLoader          - Loading from file system: /assets/ui/css/fxgl_dark.css
14:21:07.814 [JavaFX Application Thread] DEBUG AssetLoader          - Loading from file system: /assets/ui/cursors/fxgl_default.png
14:21:07.815 [JavaFX Application Thread] DEBUG MainWindow           - Opening main window
14:21:07.968 [JavaFX Application Thread] DEBUG MainWindow           - Window border size: (13.0, 35.5)
14:21:07.968 [JavaFX Application Thread] DEBUG MainWindow           - Scaled size: 1120.0 x 600.0
14:21:07.968 [JavaFX Application Thread] DEBUG MainWindow           - Scaled ratio: (1.0, 1.0)
14:21:07.968 [JavaFX Application Thread] DEBUG MainWindow           - Scene size: 1120.0 x 600.0
14:21:07.968 [JavaFX Application Thread] DEBUG MainWindow           - Stage size: 1133.0 x 635.5
14:21:08.033 [FXGL Background Thread 1 ] DEBUG FS                   - Loaded FSServiceImpl
14:21:08.033 [FXGL Background Thread 1 ] DEBUG Engine               - Loading FXGL system data
14:21:08.042 [FXGL Background Thread 1 ] DEBUG FSServiceImpl        - Reading from: C:\Users\Rasmus J\Documents\Datamatiker\Datamatiker_AK_1_semester_Java\Jumper\system\fxgl.bundle
14:21:08.053 [FXGL Background Thread 1 ] DEBUG Engine               - Bundle FXGL: {}
14:21:08.054 [FXGL Background Thread 1 ] DEBUG Engine               - Initializing application scenes
14:21:08.101 [FXGL Background Thread 1 ] DEBUG GameWorld            - Game world initialized
14:21:08.225 [FXGL Background Thread 1 ] DEBUG PhysicsWorld         - Physics world initialized: appHeight=600, physics.ppm=50,0
14:21:08.227 [FXGL Background Thread 1 ] DEBUG GameScene            - Game scene initialized: 1120x600
14:21:08.275 [FXGL Background Thread 1 ] DEBUG Input                - Registered new binding: Resume - Esc
14:21:08.275 [FXGL Background Thread 1 ] DEBUG AssetLoader          - Loading from file system: /assets/textures/pause_menu_bg.png
14:21:08.316 [FXGL Background Thread 1 ] DEBUG Input                - Registered new binding: Pause - Esc
14:21:08.316 [FXGL Background Thread 1 ] DEBUG Engine               - Application scenes initialized
14:21:08.319 [JavaFX Application Thread] DEBUG Engine               - Running preInit()
14:21:08.321 [JavaFX Application Thread] DEBUG Input                - Registered new binding: Screenshot - P
14:21:08.321 [JavaFX Application Thread] DEBUG Input                - Registered new binding: System info dump - CTRL+9
14:21:08.322 [JavaFX Application Thread] DEBUG Input                - Registered new binding: Restart - CTRL+R
14:21:08.322 [JavaFX Application Thread] DEBUG Engine               - generateDefaultProfile()
14:21:08.322 [JavaFX Application Thread] DEBUG Engine               - Creating default profile
14:21:08.322 [JavaFX Application Thread] DEBUG EventBus             - Firing event: SaveEvent
14:21:08.337 [JavaFX Application Thread] INFO  Engine               - FXGL initialization took: 1,207 sec
14:21:08.337 [JavaFX Application Thread] DEBUG LoopRunner           - Starting loop
14:21:08.358 [JavaFX Application Thread] DEBUG FXGLStartupScene     - STARTUP
14:21:08.358 [JavaFX Application Thread] DEBUG Engine               - Starting new game
14:21:08.366 [JavaFX Application Thread] DEBUG Input                - Clearing active input actions
14:21:08.366 [FXGL Background Thread 1 ] DEBUG InitAppTask          - Clearing previous game
14:21:08.367 [FXGL Background Thread 1 ] DEBUG GameWorld            - Clearing game world
14:21:08.367 [FXGL Background Thread 1 ] DEBUG PhysicsWorld         - Clearing physics world
14:21:08.367 [FXGL Background Thread 1 ] DEBUG GameScene            - Clearing game scene
14:21:08.367 [FXGL Background Thread 1 ] DEBUG InitAppTask          - Initializing Game
14:21:08.380 [FXGL Background Thread 1 ] DEBUG AssetLoader          - Loading from file system: /assets/levels/level0.tmx
14:21:08.390 [JavaFX Application Thread] DEBUG Engine               - Removing overlay from FXGLStartupScene and adding to LoadingScene
14:21:08.391 [JavaFX Application Thread] DEBUG MainWindow           - FXGLStartupScene -> LoadingScene
14:21:08.430 [FXGL Background Thread 1 ] WARN  TMXLevelLoader       - TiledMap generated from 1.0.1. Supported version: 1.2.3. Some features may not be parsed fully.
14:21:08.453 [FXGL Background Thread 1 ] DEBUG TMXLevelLoader       - Parsed raw map: TiledMap(width=16, height=50, tilewidth=70, tileheight=70, orientation=orthogonal, layers=[Layer(width=16, height=50, name=Tile Layer 1, type=tilelayer, visible=false, x=0, y=0, data=[0, 0, 0, 0, 0, 0, 0, 0, 0, 0, 0, 0, 0, 0, 0, 0, 0, 0, 0, 0, 0, 0, 0, 0, 0, 0, 0, 0, 0, 0, 0, 0, 0, 0, 0, 0, 0, 0, 0, 0, 0, 0, 0, 0, 0, 0, 0, 0, 0, 0, 0, 0, 0, 0, 0, 0, 0, 0, 0, 0, 0, 0, 0, 0, 0, 0, 0, 0, 0, 0, 0, 0, 0, 0, 0, 0, 0, 0, 0, 0, 0, 0, 0, 0, 0, 0, 0, 0, 0, 0, 0, 0, 0, 0, 0, 0, 0, 0, 0, 0, 0, 0, 0, 0, 0, 0, 0, 0, 0, 0, 0, 0, 0, 0, 0, 0, 0, 0, 0, 0, 0, 0, 0, 0, 0, 0, 0, 0, 0, 0, 0, 0, 0, 0, 0, 0, 0, 0, 0, 0, 0, 0, 0, 0, 0, 0, 0, 0, 0, 0, 0, 0, 0, 0, 0, 0, 0, 0, 0, 0, 0, 0, 0, 0, 0, 0, 0, 0, 0, 0, 0, 0, 0, 0, 0, 0, 0, 0, 0, 0, 0, 0, 0, 0, 0, 0, 0, 0, 0, 0, 0, 0, 0, 0, 0, 0, 0, 0, 0, 0, 0, 0, 0, 0, 0, 0, 0, 0, 0, 0, 0, 0, 0, 0, 0, 0, 0, 0, 0, 0, 0, 0, 0, 0, 0, 0, 0, 0, 0, 0, 0, 0, 0, 0, 0, 0, 0, 0, 0, 0, 0, 0, 0, 0, 0, 0, 0, 0, 0, 0, 0, 0, 0, 0, 0, 0, 0, 0, 0, 0, 0, 0, 0, 0, 0, 0, 0, 0, 0, 0, 0, 0, 0, 0, 0, 0, 0, 0, 0, 0, 0, 0, 0, 0, 0, 0, 0, 0, 0, 0, 0, 0, 0, 0, 0, 0, 0, 0, 0, 0, 0, 0, 0, 0, 0, 0, 0, 0, 0, 0, 0, 0, 0, 0, 0, 0, 0, 0, 0, 0, 0, 0, 0, 0, 0, 0, 0, 0, 0, 0, 0, 0, 0, 0, 0, 0, 0, 0, 0, 0, 0, 0, 0, 0, 0, 0, 0, 0, 0, 0, 0, 0, 0, 0, 0, 0, 0, 0, 0, 0, 0, 0, 0, 0, 0, 0, 0, 0, 0, 0, 0, 0, 0, 0, 0, 0, 0, 0, 0, 0, 0, 0, 0, 0, 0, 0, 0, 0, 0, 0, 0, 0, 0, 0, 0, 0, 0, 0, 0, 0, 0, 0, 0, 0, 0, 0, 0, 0, 0, 0, 0, 0, 0, 0, 0, 0, 0, 0, 0, 0, 0, 0, 0, 0, 0, 0, 0, 0, 0, 0, 0, 0, 0, 0, 0, 0, 0, 0, 0, 0, 0, 0, 0, 0, 0, 0, 0, 0, 0, 0, 0, 0, 0, 0, 0, 0, 0, 0, 0, 0, 0, 0, 0, 0, 0, 0, 0, 0, 0, 0, 0, 0, 0, 0, 0, 0, 0, 0, 0, 0, 0, 0, 0, 0, 0, 0, 0, 0, 0, 0, 0, 0, 0, 0, 0, 0, 0, 0, 0, 0, 0, 0, 0, 0, 0, 0, 0, 0, 0, 0, 0, 0, 0, 0, 0, 0, 0, 0, 0, 0, 0, 0, 0, 0, 0, 0, 0, 0, 0, 0, 0, 0, 0, 0, 0, 0, 0, 0, 0, 0, 0, 0, 0, 0, 0, 0, 0, 0, 0, 0, 0, 0, 0, 0, 0, 0, 0, 0, 0, 0, 0, 0, 0, 0, 0, 0, 0, 0, 0, 0, 0, 0, 0, 0, 0, 0, 0, 0, 0, 0, 0, 0, 0, 0, 0, 0, 0, 0, 0, 0, 0, 0, 0, 0, 0, 0, 0, 0, 0, 0, 0, 0, 0, 0, 0, 0, 0, 0, 0, 0, 0, 0, 0, 0, 0, 0, 0, 0, 0, 0, 0, 0, 0, 0, 0, 0, 0, 0, 0, 0, 0, 0, 0, 0, 0, 0, 0, 0, 0, 0, 0, 0, 0, 0, 0, 0, 0, 0, 0, 0, 0, 0, 0, 0, 0, 0, 0, 0, 0, 0, 0, 0, 0, 0, 0, 0, 0, 0, 0, 0, 0, 0, 0, 0, 0, 0, 0, 0, 0, 0, 0, 0, 0, 0, 0, 0, 0, 0, 0, 0, 0, 0, 0, 0, 0, 0, 0, 0, 0, 0, 0, 0, 0, 0, 0, 0, 0, 0, 0, 0, 0, 0, 0, 104, 104, 104, 104, 0, 0, 0, 0, 0, 0, 0, 0, 0, 0, 0, 0, 0, 0, 0, 0, 0, 0, 0, 0, 104, 104, 104, 104, 0, 0, 0, 0, 0, 0, 0, 0, 0, 0, 0, 0, 0, 0, 0, 0, 0, 0, 0, 0, 0, 0, 0, 0, 0, 0, 0, 0, 0, 0, 0, 0, 0, 0, 0, 0, 0, 0, 0, 0, 0, 0, 0, 104, 104, 104, 104, 104, 104, 104, 104, 104, 104, 104, 104, 104, 104, 104, 104], objects=[], opacity=0.0, draworder=), Layer(width=0, height=0, name=Object Layer 1, type=objectgroup, visible=false, x=0, y=0, data=[], objects=[com.almasb.fxgl.entity.level.tiled.TiledObject@d78ca5b, com.almasb.fxgl.entity.level.tiled.TiledObject@75547091, com.almasb.fxgl.entity.level.tiled.TiledObject@6a4354f8], opacity=0.0, draworder=)], tilesets=[Tileset(firstgid=1, image=tiles_spritesheet.png, name=tiles_spritesheet, tilewidth=70, tileheight=70, imagewidth=914, imageheight=936, margin=0, spacing=2, columns=12, tilecount=156, transparentcolor=)], backgroundcolor=, renderorder=right-down, nextobjectid=4, version=1, tiledversion=1.0.1, type=map, infinite=false, properties={}, propertytypes={})
14:21:08.454 [FXGL Background Thread 1 ] DEBUG TMXLevelLoader       - Creating tile layer entities
14:21:08.455 [FXGL Background Thread 1 ] DEBUG TilesetLoader        - Loading view for layer Tile Layer 1
14:21:08.465 [FXGL Background Thread 1 ] DEBUG TilesetLoader        - Created buffer with size 1120.0x3500.0
14:21:08.482 [FXGL Background Thread 1 ] DEBUG TilesetLoader        - Writing to buffer: dst=630,3080, w=70,h=70, src=504,576
14:21:08.485 [FXGL Background Thread 1 ] DEBUG TilesetLoader        - Writing to buffer: dst=700,3080, w=70,h=70, src=504,576
14:21:08.485 [FXGL Background Thread 1 ] DEBUG TilesetLoader        - Writing to buffer: dst=770,3080, w=70,h=70, src=504,576
14:21:08.485 [FXGL Background Thread 1 ] DEBUG TilesetLoader        - Writing to buffer: dst=840,3080, w=70,h=70, src=504,576
14:21:08.485 [FXGL Background Thread 1 ] DEBUG TilesetLoader        - Writing to buffer: dst=70,3220, w=70,h=70, src=504,576
14:21:08.485 [FXGL Background Thread 1 ] DEBUG TilesetLoader        - Writing to buffer: dst=140,3220, w=70,h=70, src=504,576
14:21:08.485 [FXGL Background Thread 1 ] DEBUG TilesetLoader        - Writing to buffer: dst=210,3220, w=70,h=70, src=504,576
14:21:08.485 [FXGL Background Thread 1 ] DEBUG TilesetLoader        - Writing to buffer: dst=280,3220, w=70,h=70, src=504,576
14:21:08.486 [FXGL Background Thread 1 ] DEBUG TilesetLoader        - Writing to buffer: dst=0,3430, w=70,h=70, src=504,576
14:21:08.486 [FXGL Background Thread 1 ] DEBUG TilesetLoader        - Writing to buffer: dst=70,3430, w=70,h=70, src=504,576
14:21:08.486 [FXGL Background Thread 1 ] DEBUG TilesetLoader        - Writing to buffer: dst=140,3430, w=70,h=70, src=504,576
14:21:08.486 [FXGL Background Thread 1 ] DEBUG TilesetLoader        - Writing to buffer: dst=210,3430, w=70,h=70, src=504,576
14:21:08.486 [FXGL Background Thread 1 ] DEBUG TilesetLoader        - Writing to buffer: dst=280,3430, w=70,h=70, src=504,576
14:21:08.486 [FXGL Background Thread 1 ] DEBUG TilesetLoader        - Writing to buffer: dst=350,3430, w=70,h=70, src=504,576
14:21:08.486 [FXGL Background Thread 1 ] DEBUG TilesetLoader        - Writing to buffer: dst=420,3430, w=70,h=70, src=504,576
14:21:08.486 [FXGL Background Thread 1 ] DEBUG TilesetLoader        - Writing to buffer: dst=490,3430, w=70,h=70, src=504,576
14:21:08.486 [FXGL Background Thread 1 ] DEBUG TilesetLoader        - Writing to buffer: dst=560,3430, w=70,h=70, src=504,576
14:21:08.486 [FXGL Background Thread 1 ] DEBUG TilesetLoader        - Writing to buffer: dst=630,3430, w=70,h=70, src=504,576
14:21:08.487 [FXGL Background Thread 1 ] DEBUG TilesetLoader        - Writing to buffer: dst=700,3430, w=70,h=70, src=504,576
14:21:08.487 [FXGL Background Thread 1 ] DEBUG TilesetLoader        - Writing to buffer: dst=770,3430, w=70,h=70, src=504,576
14:21:08.487 [FXGL Background Thread 1 ] DEBUG TilesetLoader        - Writing to buffer: dst=840,3430, w=70,h=70, src=504,576
14:21:08.487 [FXGL Background Thread 1 ] DEBUG TilesetLoader        - Writing to buffer: dst=910,3430, w=70,h=70, src=504,576
14:21:08.487 [FXGL Background Thread 1 ] DEBUG TilesetLoader        - Writing to buffer: dst=980,3430, w=70,h=70, src=504,576
14:21:08.487 [FXGL Background Thread 1 ] DEBUG TilesetLoader        - Writing to buffer: dst=1050,3430, w=70,h=70, src=504,576
14:21:08.487 [FXGL Background Thread 1 ] DEBUG TMXLevelLoader       - Creating object layer entities
14:21:08.498 [FXGL Background Thread 1 ] DEBUG GameWorld            - Clearing removable entities
14:21:08.499 [FXGL Background Thread 1 ] DEBUG GameWorld            - Setting level: com.almasb.fxgl.entity.level.Level@7df8eeef
14:21:08.541 [FXGL Background Thread 1 ] DEBUG InitAppTask          - Initializing Physics
14:21:08.542 [FXGL Background Thread 1 ] DEBUG InitAppTask          - Initializing UI
14:21:08.542 [FXGL Background Thread 1 ] DEBUG InitAppTask          - Initialization Complete
14:21:08.542 [FXGL Background Thread 1 ] INFO  InitAppTask          - Game initialization took: 0,176 sec
14:21:08.555 [JavaFX Application Thread] DEBUG Input                - Clearing active input actions
14:21:08.567 [JavaFX Application Thread] DEBUG Engine               - Removing overlay from LoadingScene and adding to GameScene
14:21:08.567 [JavaFX Application Thread] DEBUG MainWindow           - LoadingScene -> GameScene
14:22:25.740 [JavaFX Application Thread] DEBUG Engine               - Exiting FXGL
14:22:25.740 [JavaFX Application Thread] DEBUG Engine               - Shutting down background threads
14:22:25.740 [JavaFX Application Thread] DEBUG Engine               - Saving FXGL system data
14:22:25.743 [JavaFX Application Thread] DEBUG FSServiceImpl        - Writing to: C:\Users\Rasmus J\Documents\Datamatiker\Datamatiker_AK_1_semester_Java\Jumper\system\fxgl.bundle
14:22:25.746 [JavaFX Application Thread] DEBUG Engine               - Closing logger and exiting JavaFX
