14:18:26.005 [main                     ] DEBUG GameApplication      - Logger initialized
14:18:26.043 [main                     ] DEBUG GameApplication      - Logging settings
Title: Untitled
Version: 0.0
Width: 1120
Height: 600
Fullscreen: false
Intro: false
Menus: false
Profiling: false
Single step:false
App Mode: DEVELOPER
Menu Key: ESCAPE
Stage Style: DECORATED
Scene Factory: class com.almasb.fxgl.app.SceneFactory
Dialog Factory: class com.almasb.fxgl.ui.FXGLDialogFactory
UI Factory: class com.almasb.fxgl.ui.FXGLUIFactory

14:18:26.538 [JavaFX Application Thread] DEBUG Engine               - Initializing FXGL
14:18:26.539 [JavaFX Application Thread] INFO  Engine               - FXGL-11.6 (17.11.2019 19.24) on WINDOWS (J:11.0.3 FX:10.0.2-internal)
14:18:26.539 [JavaFX Application Thread] INFO  Engine               - Source code and latest versions at: https://github.com/AlmasB/FXGL
14:18:26.539 [JavaFX Application Thread] INFO  Engine               -              Join the FXGL chat at: https://gitter.im/AlmasB/FXGL
14:18:26.540 [JavaFX Application Thread] DEBUG Engine               - Initializing environment variables
14:18:26.542 [JavaFX Application Thread] DEBUG Engine               - Logging environment variables
14:18:26.543 [JavaFX Application Thread] DEBUG Engine               - achievements: []
14:18:26.543 [JavaFX Application Thread] DEBUG Engine               - sceneStack: com.almasb.fxgl.app.Engine@6ba307c3
14:18:26.543 [JavaFX Application Thread] DEBUG Engine               - language: ObjectProperty [value: ENGLISH]
14:18:26.543 [JavaFX Application Thread] DEBUG Engine               - isCloseConfirmation: false
14:18:26.543 [JavaFX Application Thread] DEBUG Engine               - isProfilingEnabled: false
14:18:26.544 [JavaFX Application Thread] DEBUG Engine               - soundNotification: core/notification.wav
14:18:26.544 [JavaFX Application Thread] DEBUG Engine               - devShowBBoxProperty: BooleanProperty [value: false]
14:18:26.545 [JavaFX Application Thread] DEBUG Engine               - pixelsPerMeter: 50.0
14:18:26.545 [JavaFX Application Thread] DEBUG Engine               - overlayRoot: Group@18f8109
14:18:26.545 [JavaFX Application Thread] DEBUG Engine               - appIcon: fxgl_icon.png
14:18:26.545 [JavaFX Application Thread] DEBUG Engine               - soundMenuBack: menu/back.wav
14:18:26.545 [JavaFX Application Thread] DEBUG Engine               - isFullScreenAllowed: false
14:18:26.546 [JavaFX Application Thread] DEBUG Engine               - isIntroEnabled: false
14:18:26.546 [JavaFX Application Thread] DEBUG Engine               - eventBus: com.almasb.fxgl.event.EventBus@3f1257bb
14:18:26.546 [JavaFX Application Thread] DEBUG Engine               - fontMono: lucida_console.ttf
14:18:26.547 [JavaFX Application Thread] DEBUG Engine               - soundMenuSelect: menu/select.wav
14:18:26.547 [JavaFX Application Thread] DEBUG Engine               - isWindows: true
14:18:26.547 [JavaFX Application Thread] DEBUG Engine               - isMobile: false
14:18:26.547 [JavaFX Application Thread] DEBUG Engine               - height: 600
14:18:26.547 [JavaFX Application Thread] DEBUG Engine               - isExperimentalNative: false
14:18:26.547 [JavaFX Application Thread] DEBUG Engine               - isSingleStep: false
14:18:26.548 [JavaFX Application Thread] DEBUG Engine               - cSSList: [fxgl_dark.css]
14:18:26.548 [JavaFX Application Thread] DEBUG Engine               - fontGame: Abel-Regular.ttf
14:18:26.548 [JavaFX Application Thread] DEBUG Engine               - menuKey: ESCAPE
14:18:26.548 [JavaFX Application Thread] DEBUG Engine               - devShowPositionProperty: BooleanProperty [value: false]
14:18:26.548 [JavaFX Application Thread] DEBUG Engine               - versionCheckDays: 7
14:18:26.549 [JavaFX Application Thread] DEBUG Engine               - masterTimer: com.almasb.fxgl.time.Timer@4c7cc285
14:18:26.549 [JavaFX Application Thread] DEBUG Engine               - configClass: Optional.empty
14:18:26.549 [JavaFX Application Thread] DEBUG Engine               - isFullScreenFromStart: false
14:18:26.549 [JavaFX Application Thread] DEBUG Engine               - version: 0.0
14:18:26.550 [JavaFX Application Thread] DEBUG Engine               - fullScreen: BooleanProperty [value: false]
14:18:26.550 [JavaFX Application Thread] DEBUG Engine               - dialogFactory: com.almasb.fxgl.ui.FXGLDialogFactory@2d026860
14:18:26.550 [JavaFX Application Thread] DEBUG Engine               - applicationMode: DEVELOPER
14:18:26.550 [JavaFX Application Thread] DEBUG Engine               - isMac: false
14:18:26.550 [JavaFX Application Thread] DEBUG Engine               - urlGoogleForms: https://goo.gl/forms/6wrMnOBxTE1fEpOy2
14:18:26.551 [JavaFX Application Thread] DEBUG Engine               - isMenuEnabled: false
14:18:26.551 [JavaFX Application Thread] DEBUG Engine               - urlPOM: https://raw.githubusercontent.com/AlmasB/FXGL/master/pom.xml
14:18:26.551 [JavaFX Application Thread] DEBUG Engine               - profileName: user.profile
14:18:26.551 [JavaFX Application Thread] DEBUG Engine               - notificationViewClass: class com.almasb.fxgl.notification.view.XboxNotificationView
14:18:26.551 [JavaFX Application Thread] DEBUG Engine               - devSensorColorProperty: ObjectProperty [value: 0xffff00ff]
14:18:26.551 [JavaFX Application Thread] DEBUG Engine               - sceneFactory: com.almasb.fxgl.app.SceneFactory@50f82300
14:18:26.552 [JavaFX Application Thread] DEBUG Engine               - dataFileExt: .dat
14:18:26.552 [JavaFX Application Thread] DEBUG Engine               - stageStyle: DECORATED
14:18:26.552 [JavaFX Application Thread] DEBUG Engine               - isManualResizeEnabled: false
14:18:26.552 [JavaFX Application Thread] DEBUG Engine               - title: Untitled
14:18:26.552 [JavaFX Application Thread] DEBUG Engine               - platform: WINDOWS
14:18:26.552 [JavaFX Application Thread] DEBUG Engine               - devBBoxColorProperty: ObjectProperty [value: 0xff0000ff]
14:18:26.553 [JavaFX Application Thread] DEBUG Engine               - isDesktop: true
14:18:26.553 [JavaFX Application Thread] DEBUG Engine               - credits: []
14:18:26.553 [JavaFX Application Thread] DEBUG Engine               - globalMusicVolumeProperty: DoubleProperty [value: 0.5]
14:18:26.553 [JavaFX Application Thread] DEBUG Engine               - isPreserveResizeRatio: false
14:18:26.553 [JavaFX Application Thread] DEBUG Engine               - uIFactory: com.almasb.fxgl.ui.FXGLUIFactory@7d7a092b
14:18:26.553 [JavaFX Application Thread] DEBUG Engine               - fontText: Courier-Prime.ttf
14:18:26.553 [JavaFX Application Thread] DEBUG Engine               - isExperimentalTiledLargeMap: false
14:18:26.554 [JavaFX Application Thread] DEBUG Engine               - secondsIn24h: 60
14:18:26.554 [JavaFX Application Thread] DEBUG Engine               - runtimeInfo: RuntimeInfo(platform=WINDOWS, version=11.6, build=17.11.2019 19.24)
14:18:26.554 [JavaFX Application Thread] DEBUG Engine               - isLinux: false
14:18:26.554 [JavaFX Application Thread] DEBUG Engine               - soundMenuPress: menu/press.wav
14:18:26.554 [JavaFX Application Thread] DEBUG Engine               - urlGithub: https://github.com/AlmasB/FXGL
14:18:26.554 [JavaFX Application Thread] DEBUG Engine               - profileDir: profiles/
14:18:26.554 [JavaFX Application Thread] DEBUG Engine               - isDeveloperMenuEnabled: false
14:18:26.555 [JavaFX Application Thread] DEBUG Engine               - globalSoundVolumeProperty: DoubleProperty [value: 0.5]
14:18:26.555 [JavaFX Application Thread] DEBUG Engine               - isBrowser: false
14:18:26.555 [JavaFX Application Thread] DEBUG Engine               - globalSoundVolume: 0.5
14:18:26.555 [JavaFX Application Thread] DEBUG Engine               - urlLeaderboard: http://fxgl-top.herokuapp.com/
14:18:26.555 [JavaFX Application Thread] DEBUG Engine               - saveDir: saves/
14:18:26.555 [JavaFX Application Thread] DEBUG Engine               - engineServices: [class com.almasb.fxgl.audio.AudioPlayer, class com.almasb.fxgl.notification.impl.NotificationServiceProvider, class com.almasb.fxgl.achievement.AchievementManager, class com.almasb.fxgl.cutscene.CutsceneService, class com.almasb.fxgl.minigames.MiniGameService]
14:18:26.555 [JavaFX Application Thread] DEBUG Engine               - globalMusicVolume: 0.5
14:18:26.556 [JavaFX Application Thread] DEBUG Engine               - width: 1120
14:18:26.556 [JavaFX Application Thread] DEBUG Engine               - saveFileExt: .sav
14:18:26.556 [JavaFX Application Thread] DEBUG Engine               - isAndroid: false
14:18:26.556 [JavaFX Application Thread] DEBUG Engine               - fontUI: VarelaRound-Regular.ttf
14:18:26.556 [JavaFX Application Thread] DEBUG Engine               - enabledMenuItems: []
14:18:26.556 [JavaFX Application Thread] DEBUG Engine               - isIOS: false
14:18:26.559 [JavaFX Application Thread] DEBUG Engine               - Adding new engine service: class com.almasb.fxgl.audio.AudioPlayer
14:18:26.561 [JavaFX Application Thread] DEBUG Engine               - Adding new engine service: class com.almasb.fxgl.notification.impl.NotificationServiceProvider
14:18:26.561 [JavaFX Application Thread] DEBUG Engine               - Adding new engine service: class com.almasb.fxgl.achievement.AchievementManager
14:18:26.562 [JavaFX Application Thread] DEBUG Engine               - Adding new engine service: class com.almasb.fxgl.cutscene.CutsceneService
14:18:26.562 [JavaFX Application Thread] DEBUG Engine               - Adding new engine service: class com.almasb.fxgl.minigames.MiniGameService
14:18:26.566 [JavaFX Application Thread] DEBUG Engine               - Loading localizations
14:18:26.569 [JavaFX Application Thread] DEBUG AssetLoader          - Loading from file system: /assets/properties/languages/english.properties
14:18:26.572 [JavaFX Application Thread] DEBUG AssetLoader          - Loading from file system: /assets/properties/languages/french.properties
14:18:26.574 [JavaFX Application Thread] DEBUG AssetLoader          - Loading from file system: /assets/properties/languages/german.properties
14:18:26.576 [JavaFX Application Thread] DEBUG AssetLoader          - Loading from file system: /assets/properties/languages/russian.properties
14:18:26.578 [JavaFX Application Thread] DEBUG AssetLoader          - Loading from file system: /assets/properties/languages/hungarian.properties
14:18:26.581 [JavaFX Application Thread] DEBUG Engine               - Registering font factories
14:18:26.582 [JavaFX Application Thread] DEBUG AssetLoader          - Loading from file system: /assets/ui/fonts/VarelaRound-Regular.ttf
14:18:26.948 [JavaFX Application Thread] DEBUG AssetLoader          - Loading from file system: /assets/ui/fonts/Abel-Regular.ttf
14:18:26.960 [JavaFX Application Thread] DEBUG AssetLoader          - Loading from file system: /assets/ui/fonts/lucida_console.ttf
14:18:26.977 [JavaFX Application Thread] DEBUG AssetLoader          - Loading from file system: /assets/ui/fonts/Courier-Prime.ttf
14:18:26.993 [JavaFX Application Thread] DEBUG Engine               - Setting UI factory
14:18:27.118 [JavaFX Application Thread] DEBUG AssetLoader          - Loading from file system: /assets/textures/fxgl_logo.png
14:18:27.194 [JavaFX Application Thread] DEBUG MainWindow           - Creating a JavaFX scene
14:18:27.234 [JavaFX Application Thread] DEBUG MainWindow           - Target settings size: 1120.0 x 600.0
14:18:27.234 [JavaFX Application Thread] DEBUG MainWindow           - Scaled scene size:    1120.0 x 600.0
14:18:27.234 [JavaFX Application Thread] DEBUG MainWindow           - Scaled ratio: (1.0, 1.0)
14:18:27.236 [JavaFX Application Thread] DEBUG MainWindow           - Set initial scene to FXGLStartupScene
14:18:27.245 [JavaFX Application Thread] DEBUG AssetLoader          - Loading from file system: /assets/textures/fxgl_icon.png
14:18:27.258 [JavaFX Application Thread] DEBUG Engine               - Applying CSS: fxgl_dark.css
14:18:27.259 [JavaFX Application Thread] DEBUG AssetLoader          - Loading from file system: /assets/ui/css/fxgl_dark.css
14:18:27.261 [JavaFX Application Thread] DEBUG AssetLoader          - Loading from file system: /assets/ui/cursors/fxgl_default.png
14:18:27.263 [JavaFX Application Thread] DEBUG MainWindow           - Opening main window
14:18:27.420 [JavaFX Application Thread] DEBUG MainWindow           - Window border size: (13.0, 35.5)
14:18:27.420 [JavaFX Application Thread] DEBUG MainWindow           - Scaled size: 1120.0 x 600.0
14:18:27.421 [JavaFX Application Thread] DEBUG MainWindow           - Scaled ratio: (1.0, 1.0)
14:18:27.422 [JavaFX Application Thread] DEBUG MainWindow           - Scene size: 1120.0 x 600.0
14:18:27.422 [JavaFX Application Thread] DEBUG MainWindow           - Stage size: 1133.0 x 635.5
14:18:27.499 [FXGL Background Thread 1 ] DEBUG FS                   - Loaded FSServiceImpl
14:18:27.499 [FXGL Background Thread 1 ] DEBUG Engine               - Loading FXGL system data
14:18:27.506 [FXGL Background Thread 1 ] DEBUG FSServiceImpl        - Reading from: C:\Users\Rasmus J\Documents\Datamatiker\Datamatiker_AK_1_semester_Java\Jumper\system\fxgl.bundle
14:18:27.518 [FXGL Background Thread 1 ] DEBUG Engine               - Bundle FXGL: {}
14:18:27.518 [FXGL Background Thread 1 ] DEBUG Engine               - Initializing application scenes
14:18:27.609 [FXGL Background Thread 1 ] DEBUG GameWorld            - Game world initialized
14:18:27.696 [FXGL Background Thread 1 ] DEBUG PhysicsWorld         - Physics world initialized: appHeight=600, physics.ppm=50,0
14:18:27.699 [FXGL Background Thread 1 ] DEBUG GameScene            - Game scene initialized: 1120x600
14:18:27.737 [FXGL Background Thread 1 ] DEBUG Input                - Registered new binding: Resume - Esc
14:18:27.737 [FXGL Background Thread 1 ] DEBUG AssetLoader          - Loading from file system: /assets/textures/pause_menu_bg.png
14:18:27.764 [FXGL Background Thread 1 ] DEBUG Input                - Registered new binding: Pause - Esc
14:18:27.765 [FXGL Background Thread 1 ] DEBUG Engine               - Application scenes initialized
14:18:27.774 [JavaFX Application Thread] DEBUG Engine               - Running preInit()
14:18:27.775 [JavaFX Application Thread] DEBUG Input                - Registered new binding: Screenshot - P
14:18:27.776 [JavaFX Application Thread] DEBUG Input                - Registered new binding: System info dump - CTRL+9
14:18:27.777 [JavaFX Application Thread] DEBUG Input                - Registered new binding: Restart - CTRL+R
14:18:27.777 [JavaFX Application Thread] DEBUG Engine               - generateDefaultProfile()
14:18:27.777 [JavaFX Application Thread] DEBUG Engine               - Creating default profile
14:18:27.777 [JavaFX Application Thread] DEBUG EventBus             - Firing event: SaveEvent
14:18:27.792 [JavaFX Application Thread] INFO  Engine               - FXGL initialization took: 1,226 sec
14:18:27.792 [JavaFX Application Thread] DEBUG LoopRunner           - Starting loop
14:18:27.813 [JavaFX Application Thread] DEBUG FXGLStartupScene     - STARTUP
14:18:27.814 [JavaFX Application Thread] DEBUG Engine               - Starting new game
14:18:27.822 [JavaFX Application Thread] DEBUG Input                - Clearing active input actions
14:18:27.823 [FXGL Background Thread 1 ] DEBUG InitAppTask          - Clearing previous game
14:18:27.823 [FXGL Background Thread 1 ] DEBUG GameWorld            - Clearing game world
14:18:27.823 [FXGL Background Thread 1 ] DEBUG PhysicsWorld         - Clearing physics world
14:18:27.823 [FXGL Background Thread 1 ] DEBUG GameScene            - Clearing game scene
14:18:27.823 [FXGL Background Thread 1 ] DEBUG InitAppTask          - Initializing Game
14:18:27.839 [JavaFX Application Thread] DEBUG Engine               - Removing overlay from FXGLStartupScene and adding to LoadingScene
14:18:27.839 [JavaFX Application Thread] DEBUG MainWindow           - FXGLStartupScene -> LoadingScene
14:18:27.847 [FXGL Background Thread 1 ] DEBUG AssetLoader          - Loading from file system: /assets/levels/level0.tmx
14:18:27.889 [FXGL Background Thread 1 ] WARN  TMXLevelLoader       - TiledMap generated from 1.0.1. Supported version: 1.2.3. Some features may not be parsed fully.
14:18:27.906 [FXGL Background Thread 1 ] DEBUG TMXLevelLoader       - Parsed raw map: TiledMap(width=16, height=50, tilewidth=70, tileheight=70, orientation=orthogonal, layers=[Layer(width=16, height=50, name=Tile Layer 1, type=tilelayer, visible=false, x=0, y=0, data=[0, 0, 0, 0, 0, 0, 0, 0, 0, 0, 0, 0, 0, 0, 0, 0, 0, 0, 0, 0, 0, 0, 0, 0, 0, 0, 0, 0, 0, 0, 0, 0, 0, 0, 0, 0, 0, 0, 0, 0, 0, 0, 0, 0, 0, 0, 0, 0, 0, 0, 0, 0, 0, 0, 0, 0, 0, 0, 0, 0, 0, 0, 0, 0, 0, 0, 0, 0, 0, 0, 0, 0, 0, 0, 0, 0, 0, 0, 0, 0, 0, 0, 0, 0, 0, 0, 0, 0, 0, 0, 0, 0, 0, 0, 0, 0, 0, 0, 0, 0, 0, 0, 0, 0, 0, 0, 0, 0, 0, 0, 0, 0, 0, 0, 0, 0, 0, 0, 0, 0, 0, 0, 0, 0, 0, 0, 0, 0, 0, 0, 0, 0, 0, 0, 0, 0, 0, 0, 0, 0, 0, 0, 0, 0, 0, 0, 0, 0, 0, 0, 0, 0, 0, 0, 0, 0, 0, 0, 0, 0, 0, 0, 0, 0, 0, 0, 0, 0, 0, 0, 0, 0, 0, 0, 0, 0, 0, 0, 0, 0, 0, 0, 0, 0, 0, 0, 0, 0, 0, 0, 0, 0, 0, 0, 0, 0, 0, 0, 0, 0, 0, 0, 0, 0, 0, 0, 0, 0, 0, 0, 0, 0, 0, 0, 0, 0, 0, 0, 0, 0, 0, 0, 0, 0, 0, 0, 0, 0, 0, 0, 0, 0, 0, 0, 0, 0, 0, 0, 0, 0, 0, 0, 0, 0, 0, 0, 0, 0, 0, 0, 0, 0, 0, 0, 0, 0, 0, 0, 0, 0, 0, 0, 0, 0, 0, 0, 0, 0, 0, 0, 0, 0, 0, 0, 0, 0, 0, 0, 0, 0, 0, 0, 0, 0, 0, 0, 0, 0, 0, 0, 0, 0, 0, 0, 0, 0, 0, 0, 0, 0, 0, 0, 0, 0, 0, 0, 0, 0, 0, 0, 0, 0, 0, 0, 0, 0, 0, 0, 0, 0, 0, 0, 0, 0, 0, 0, 0, 0, 0, 0, 0, 0, 0, 0, 0, 0, 0, 0, 0, 0, 0, 0, 0, 0, 0, 0, 0, 0, 0, 0, 0, 0, 0, 0, 0, 0, 0, 0, 0, 0, 0, 0, 0, 0, 0, 0, 0, 0, 0, 0, 0, 0, 0, 0, 0, 0, 0, 0, 0, 0, 0, 0, 0, 0, 0, 0, 0, 0, 0, 0, 0, 0, 0, 0, 0, 0, 0, 0, 0, 0, 0, 0, 0, 0, 0, 0, 0, 0, 0, 0, 0, 0, 0, 0, 0, 0, 0, 0, 0, 0, 0, 0, 0, 0, 0, 0, 0, 0, 0, 0, 0, 0, 0, 0, 0, 0, 0, 0, 0, 0, 0, 0, 0, 0, 0, 0, 0, 0, 0, 0, 0, 0, 0, 0, 0, 0, 0, 0, 0, 0, 0, 0, 0, 0, 0, 0, 0, 0, 0, 0, 0, 0, 0, 0, 0, 0, 0, 0, 0, 0, 0, 0, 0, 0, 0, 0, 0, 0, 0, 0, 0, 0, 0, 0, 0, 0, 0, 0, 0, 0, 0, 0, 0, 0, 0, 0, 0, 0, 0, 0, 0, 0, 0, 0, 0, 0, 0, 0, 0, 0, 0, 0, 0, 0, 0, 0, 0, 0, 0, 0, 0, 0, 0, 0, 0, 0, 0, 0, 0, 0, 0, 0, 0, 0, 0, 0, 0, 0, 0, 0, 0, 0, 0, 0, 0, 0, 0, 0, 0, 0, 0, 0, 0, 0, 0, 0, 0, 0, 0, 0, 0, 0, 0, 0, 0, 0, 0, 0, 0, 0, 0, 0, 0, 0, 0, 0, 0, 0, 0, 0, 0, 0, 0, 0, 0, 0, 0, 0, 0, 0, 0, 0, 0, 0, 0, 0, 0, 0, 0, 0, 0, 0, 0, 0, 0, 0, 0, 0, 0, 0, 0, 0, 0, 0, 0, 0, 0, 0, 0, 0, 0, 0, 0, 0, 0, 0, 0, 0, 0, 0, 0, 0, 0, 0, 0, 0, 0, 0, 0, 0, 0, 0, 0, 0, 0, 0, 0, 0, 0, 0, 0, 0, 0, 0, 0, 0, 0, 0, 0, 0, 0, 0, 0, 0, 0, 0, 0, 0, 0, 0, 0, 0, 0, 0, 0, 0, 0, 0, 0, 0, 0, 0, 0, 0, 0, 0, 0, 0, 0, 0, 0, 0, 0, 0, 0, 0, 0, 0, 0, 0, 0, 0, 0, 116, 116, 116, 116, 0, 0, 0, 0, 0, 0, 0, 0, 0, 0, 0, 0, 0, 0, 0, 0, 0, 0, 0, 0, 116, 116, 116, 116, 0, 0, 0, 0, 0, 0, 0, 0, 0, 0, 0, 0, 0, 0, 0, 0, 0, 0, 0, 0, 0, 0, 0, 0, 0, 0, 0, 0, 0, 0, 0, 0, 0, 0, 0, 0, 0, 0, 0, 0, 0, 0, 0, 116, 116, 116, 116, 116, 116, 116, 116, 116, 116, 116, 116, 116, 116, 116, 116], objects=[], opacity=0.0, draworder=), Layer(width=0, height=0, name=Object Layer 1, type=objectgroup, visible=false, x=0, y=0, data=[], objects=[com.almasb.fxgl.entity.level.tiled.TiledObject@402ac5e1, com.almasb.fxgl.entity.level.tiled.TiledObject@8265d08, com.almasb.fxgl.entity.level.tiled.TiledObject@683001c1], opacity=0.0, draworder=)], tilesets=[Tileset(firstgid=1, image=tiles_spritesheet.png, name=tiles_spritesheet, tilewidth=70, tileheight=70, imagewidth=914, imageheight=936, margin=0, spacing=2, columns=12, tilecount=156, transparentcolor=)], backgroundcolor=, renderorder=right-down, nextobjectid=4, version=1, tiledversion=1.0.1, type=map, infinite=false, properties={}, propertytypes={})
14:18:27.906 [FXGL Background Thread 1 ] DEBUG TMXLevelLoader       - Creating tile layer entities
14:18:27.909 [FXGL Background Thread 1 ] DEBUG TilesetLoader        - Loading view for layer Tile Layer 1
14:18:27.919 [FXGL Background Thread 1 ] DEBUG TilesetLoader        - Created buffer with size 1120.0x3500.0
14:18:27.939 [FXGL Background Thread 1 ] DEBUG TilesetLoader        - Writing to buffer: dst=630,3080, w=70,h=70, src=504,648
14:18:27.941 [FXGL Background Thread 1 ] DEBUG TilesetLoader        - Writing to buffer: dst=700,3080, w=70,h=70, src=504,648
14:18:27.942 [FXGL Background Thread 1 ] DEBUG TilesetLoader        - Writing to buffer: dst=770,3080, w=70,h=70, src=504,648
14:18:27.942 [FXGL Background Thread 1 ] DEBUG TilesetLoader        - Writing to buffer: dst=840,3080, w=70,h=70, src=504,648
14:18:27.942 [FXGL Background Thread 1 ] DEBUG TilesetLoader        - Writing to buffer: dst=70,3220, w=70,h=70, src=504,648
14:18:27.942 [FXGL Background Thread 1 ] DEBUG TilesetLoader        - Writing to buffer: dst=140,3220, w=70,h=70, src=504,648
14:18:27.942 [FXGL Background Thread 1 ] DEBUG TilesetLoader        - Writing to buffer: dst=210,3220, w=70,h=70, src=504,648
14:18:27.942 [FXGL Background Thread 1 ] DEBUG TilesetLoader        - Writing to buffer: dst=280,3220, w=70,h=70, src=504,648
14:18:27.942 [FXGL Background Thread 1 ] DEBUG TilesetLoader        - Writing to buffer: dst=0,3430, w=70,h=70, src=504,648
14:18:27.943 [FXGL Background Thread 1 ] DEBUG TilesetLoader        - Writing to buffer: dst=70,3430, w=70,h=70, src=504,648
14:18:27.943 [FXGL Background Thread 1 ] DEBUG TilesetLoader        - Writing to buffer: dst=140,3430, w=70,h=70, src=504,648
14:18:27.943 [FXGL Background Thread 1 ] DEBUG TilesetLoader        - Writing to buffer: dst=210,3430, w=70,h=70, src=504,648
14:18:27.943 [FXGL Background Thread 1 ] DEBUG TilesetLoader        - Writing to buffer: dst=280,3430, w=70,h=70, src=504,648
14:18:27.943 [FXGL Background Thread 1 ] DEBUG TilesetLoader        - Writing to buffer: dst=350,3430, w=70,h=70, src=504,648
14:18:27.943 [FXGL Background Thread 1 ] DEBUG TilesetLoader        - Writing to buffer: dst=420,3430, w=70,h=70, src=504,648
14:18:27.943 [FXGL Background Thread 1 ] DEBUG TilesetLoader        - Writing to buffer: dst=490,3430, w=70,h=70, src=504,648
14:18:27.943 [FXGL Background Thread 1 ] DEBUG TilesetLoader        - Writing to buffer: dst=560,3430, w=70,h=70, src=504,648
14:18:27.943 [FXGL Background Thread 1 ] DEBUG TilesetLoader        - Writing to buffer: dst=630,3430, w=70,h=70, src=504,648
14:18:27.943 [FXGL Background Thread 1 ] DEBUG TilesetLoader        - Writing to buffer: dst=700,3430, w=70,h=70, src=504,648
14:18:27.944 [FXGL Background Thread 1 ] DEBUG TilesetLoader        - Writing to buffer: dst=770,3430, w=70,h=70, src=504,648
14:18:27.944 [FXGL Background Thread 1 ] DEBUG TilesetLoader        - Writing to buffer: dst=840,3430, w=70,h=70, src=504,648
14:18:27.944 [FXGL Background Thread 1 ] DEBUG TilesetLoader        - Writing to buffer: dst=910,3430, w=70,h=70, src=504,648
14:18:27.944 [FXGL Background Thread 1 ] DEBUG TilesetLoader        - Writing to buffer: dst=980,3430, w=70,h=70, src=504,648
14:18:27.944 [FXGL Background Thread 1 ] DEBUG TilesetLoader        - Writing to buffer: dst=1050,3430, w=70,h=70, src=504,648
14:18:27.944 [FXGL Background Thread 1 ] DEBUG TMXLevelLoader       - Creating object layer entities
14:18:27.945 [FXGL Background Thread 1 ] WARN  TMXLevelLoader       - Parse error Error: java.lang.IllegalArgumentException: No EntityFactory has a method annotated @Spawns(platform)
14:18:27.953 [JavaFX Application Thread] FATAL Engine               - Uncaught Exception:

Fatal exception occurred: com.almasb.fxgl.entity.level.LevelLoadingException : No EntityFactory has a method annotated @Spawns(platform)
E: com.almasb.fxgl.entity.level.tiled.TMXLevelLoader.load(TMXLevelLoader.kt:70)
E: com.almasb.fxgl.app.AssetLoader.loadLevel(AssetLoader.kt:258)
E: com.almasb.fxgl.dsl.FXGL$Companion.setLevelFromMap(FXGL.kt:384)
E: com.almasb.fxgl.dsl.FXGL.setLevelFromMap(FXGL.kt)
E: JumperApp.initGame(JumperApp.java:19)
E: com.almasb.fxgl.app.LoadingScene$InitAppTask.initGame(LoadingScene.kt:137)
E: com.almasb.fxgl.app.LoadingScene$InitAppTask.call(LoadingScene.kt:106)
E: com.almasb.fxgl.app.LoadingScene$InitAppTask.call(LoadingScene.kt:94)
E: javafx.graphics/javafx.concurrent.Task$TaskCallable.call(Task.java:1425)
E: java.base/java.util.concurrent.FutureTask.run(FutureTask.java:264)
E: java.base/java.util.concurrent.Executors$RunnableAdapter.call(Executors.java:515)
E: java.base/java.util.concurrent.FutureTask.run(FutureTask.java:264)
E: java.base/java.util.concurrent.ThreadPoolExecutor.runWorker(ThreadPoolExecutor.java:1128)
E: java.base/java.util.concurrent.ThreadPoolExecutor$Worker.run(ThreadPoolExecutor.java:628)
E: java.base/java.lang.Thread.run(Thread.java:834)

14:18:27.953 [JavaFX Application Thread] FATAL Engine               - Application will now exit
14:18:27.954 [JavaFX Application Thread] DEBUG LoopRunner           - Stopping loop
14:18:35.659 [JavaFX Application Thread] DEBUG Engine               - Exiting FXGL
14:18:35.660 [JavaFX Application Thread] DEBUG Engine               - Shutting down background threads
14:18:35.660 [JavaFX Application Thread] DEBUG Engine               - Saving FXGL system data
14:18:35.662 [JavaFX Application Thread] DEBUG FSServiceImpl        - Writing to: C:\Users\Rasmus J\Documents\Datamatiker\Datamatiker_AK_1_semester_Java\Jumper\system\fxgl.bundle
14:18:35.665 [JavaFX Application Thread] DEBUG Engine               - Closing logger and exiting JavaFX
