17:11:18.171 [main                     ] DEBUG GameApplication      - Logger initialized
17:11:18.223 [main                     ] DEBUG GameApplication      - Logging settings
Title: Untitled
Version: 0.0
Width: 1120
Height: 1080
Fullscreen: false
Intro: false
Menus: false
Profiling: false
Single step:false
App Mode: DEVELOPER
Menu Key: ESCAPE
Stage Style: DECORATED
Scene Factory: class com.almasb.fxgl.app.SceneFactory
Dialog Factory: class com.almasb.fxgl.ui.FXGLDialogFactory
UI Factory: class com.almasb.fxgl.ui.FXGLUIFactory

17:11:18.977 [JavaFX Application Thread] DEBUG Engine               - Initializing FXGL
17:11:18.977 [JavaFX Application Thread] INFO  Engine               - FXGL-11.6 (17.11.2019 19.24) on WINDOWS (J:11.0.3 FX:10.0.2-internal)
17:11:18.978 [JavaFX Application Thread] INFO  Engine               - Source code and latest versions at: https://github.com/AlmasB/FXGL
17:11:18.978 [JavaFX Application Thread] INFO  Engine               -              Join the FXGL chat at: https://gitter.im/AlmasB/FXGL
17:11:18.978 [JavaFX Application Thread] DEBUG Engine               - Initializing environment variables
17:11:18.982 [JavaFX Application Thread] DEBUG Engine               - Logging environment variables
17:11:18.982 [JavaFX Application Thread] DEBUG Engine               - achievements: []
17:11:18.983 [JavaFX Application Thread] DEBUG Engine               - sceneStack: com.almasb.fxgl.app.Engine@31cff29e
17:11:18.983 [JavaFX Application Thread] DEBUG Engine               - language: ObjectProperty [value: ENGLISH]
17:11:18.983 [JavaFX Application Thread] DEBUG Engine               - isCloseConfirmation: false
17:11:18.983 [JavaFX Application Thread] DEBUG Engine               - isProfilingEnabled: false
17:11:18.984 [JavaFX Application Thread] DEBUG Engine               - soundNotification: core/notification.wav
17:11:18.984 [JavaFX Application Thread] DEBUG Engine               - devShowBBoxProperty: BooleanProperty [value: false]
17:11:18.986 [JavaFX Application Thread] DEBUG Engine               - pixelsPerMeter: 50.0
17:11:18.986 [JavaFX Application Thread] DEBUG Engine               - overlayRoot: Group@5230883c
17:11:18.987 [JavaFX Application Thread] DEBUG Engine               - soundMenuBack: menu/back.wav
17:11:18.987 [JavaFX Application Thread] DEBUG Engine               - appIcon: fxgl_icon.png
17:11:18.987 [JavaFX Application Thread] DEBUG Engine               - isFullScreenAllowed: false
17:11:18.987 [JavaFX Application Thread] DEBUG Engine               - isIntroEnabled: false
17:11:18.988 [JavaFX Application Thread] DEBUG Engine               - eventBus: com.almasb.fxgl.event.EventBus@65448877
17:11:18.988 [JavaFX Application Thread] DEBUG Engine               - fontMono: lucida_console.ttf
17:11:18.988 [JavaFX Application Thread] DEBUG Engine               - soundMenuSelect: menu/select.wav
17:11:18.988 [JavaFX Application Thread] DEBUG Engine               - isWindows: true
17:11:18.988 [JavaFX Application Thread] DEBUG Engine               - isMobile: false
17:11:18.989 [JavaFX Application Thread] DEBUG Engine               - height: 1080
17:11:18.989 [JavaFX Application Thread] DEBUG Engine               - isExperimentalNative: false
17:11:18.989 [JavaFX Application Thread] DEBUG Engine               - cSSList: [fxgl_dark.css]
17:11:18.989 [JavaFX Application Thread] DEBUG Engine               - isSingleStep: false
17:11:18.990 [JavaFX Application Thread] DEBUG Engine               - fontGame: Abel-Regular.ttf
17:11:18.990 [JavaFX Application Thread] DEBUG Engine               - menuKey: ESCAPE
17:11:18.990 [JavaFX Application Thread] DEBUG Engine               - devShowPositionProperty: BooleanProperty [value: false]
17:11:18.990 [JavaFX Application Thread] DEBUG Engine               - versionCheckDays: 7
17:11:18.990 [JavaFX Application Thread] DEBUG Engine               - masterTimer: com.almasb.fxgl.time.Timer@2b51dd43
17:11:18.991 [JavaFX Application Thread] DEBUG Engine               - configClass: Optional.empty
17:11:18.991 [JavaFX Application Thread] DEBUG Engine               - isFullScreenFromStart: false
17:11:18.991 [JavaFX Application Thread] DEBUG Engine               - version: 0.0
17:11:18.991 [JavaFX Application Thread] DEBUG Engine               - fullScreen: BooleanProperty [value: false]
17:11:18.992 [JavaFX Application Thread] DEBUG Engine               - dialogFactory: com.almasb.fxgl.ui.FXGLDialogFactory@d35876a
17:11:18.992 [JavaFX Application Thread] DEBUG Engine               - applicationMode: DEVELOPER
17:11:18.992 [JavaFX Application Thread] DEBUG Engine               - isMac: false
17:11:18.992 [JavaFX Application Thread] DEBUG Engine               - urlGoogleForms: https://goo.gl/forms/6wrMnOBxTE1fEpOy2
17:11:18.993 [JavaFX Application Thread] DEBUG Engine               - isMenuEnabled: false
17:11:18.993 [JavaFX Application Thread] DEBUG Engine               - urlPOM: https://raw.githubusercontent.com/AlmasB/FXGL/master/pom.xml
17:11:18.993 [JavaFX Application Thread] DEBUG Engine               - profileName: user.profile
17:11:18.993 [JavaFX Application Thread] DEBUG Engine               - notificationViewClass: class com.almasb.fxgl.notification.view.XboxNotificationView
17:11:18.994 [JavaFX Application Thread] DEBUG Engine               - devSensorColorProperty: ObjectProperty [value: 0xffff00ff]
17:11:18.994 [JavaFX Application Thread] DEBUG Engine               - sceneFactory: com.almasb.fxgl.app.SceneFactory@5b128f98
17:11:18.994 [JavaFX Application Thread] DEBUG Engine               - dataFileExt: .dat
17:11:18.995 [JavaFX Application Thread] DEBUG Engine               - stageStyle: DECORATED
17:11:18.995 [JavaFX Application Thread] DEBUG Engine               - isManualResizeEnabled: false
17:11:18.995 [JavaFX Application Thread] DEBUG Engine               - title: Untitled
17:11:18.995 [JavaFX Application Thread] DEBUG Engine               - platform: WINDOWS
17:11:18.996 [JavaFX Application Thread] DEBUG Engine               - devBBoxColorProperty: ObjectProperty [value: 0xff0000ff]
17:11:18.996 [JavaFX Application Thread] DEBUG Engine               - isDesktop: true
17:11:18.996 [JavaFX Application Thread] DEBUG Engine               - credits: []
17:11:18.996 [JavaFX Application Thread] DEBUG Engine               - globalMusicVolumeProperty: DoubleProperty [value: 0.5]
17:11:18.997 [JavaFX Application Thread] DEBUG Engine               - isPreserveResizeRatio: false
17:11:18.997 [JavaFX Application Thread] DEBUG Engine               - uIFactory: com.almasb.fxgl.ui.FXGLUIFactory@1a54a3bd
17:11:18.997 [JavaFX Application Thread] DEBUG Engine               - fontText: Courier-Prime.ttf
17:11:18.997 [JavaFX Application Thread] DEBUG Engine               - isExperimentalTiledLargeMap: false
17:11:18.997 [JavaFX Application Thread] DEBUG Engine               - secondsIn24h: 60
17:11:18.998 [JavaFX Application Thread] DEBUG Engine               - runtimeInfo: RuntimeInfo(platform=WINDOWS, version=11.6, build=17.11.2019 19.24)
17:11:18.998 [JavaFX Application Thread] DEBUG Engine               - isLinux: false
17:11:18.998 [JavaFX Application Thread] DEBUG Engine               - soundMenuPress: menu/press.wav
17:11:18.998 [JavaFX Application Thread] DEBUG Engine               - urlGithub: https://github.com/AlmasB/FXGL
17:11:18.998 [JavaFX Application Thread] DEBUG Engine               - profileDir: profiles/
17:11:18.998 [JavaFX Application Thread] DEBUG Engine               - isDeveloperMenuEnabled: false
17:11:18.999 [JavaFX Application Thread] DEBUG Engine               - globalSoundVolumeProperty: DoubleProperty [value: 0.5]
17:11:18.999 [JavaFX Application Thread] DEBUG Engine               - isBrowser: false
17:11:18.999 [JavaFX Application Thread] DEBUG Engine               - globalSoundVolume: 0.5
17:11:18.999 [JavaFX Application Thread] DEBUG Engine               - urlLeaderboard: http://fxgl-top.herokuapp.com/
17:11:18.999 [JavaFX Application Thread] DEBUG Engine               - saveDir: saves/
17:11:18.999 [JavaFX Application Thread] DEBUG Engine               - engineServices: [class com.almasb.fxgl.audio.AudioPlayer, class com.almasb.fxgl.notification.impl.NotificationServiceProvider, class com.almasb.fxgl.achievement.AchievementManager, class com.almasb.fxgl.cutscene.CutsceneService, class com.almasb.fxgl.minigames.MiniGameService]
17:11:19.000 [JavaFX Application Thread] DEBUG Engine               - globalMusicVolume: 0.5
17:11:19.000 [JavaFX Application Thread] DEBUG Engine               - width: 1120
17:11:19.000 [JavaFX Application Thread] DEBUG Engine               - saveFileExt: .sav
17:11:19.000 [JavaFX Application Thread] DEBUG Engine               - isAndroid: false
17:11:19.000 [JavaFX Application Thread] DEBUG Engine               - fontUI: VarelaRound-Regular.ttf
17:11:19.001 [JavaFX Application Thread] DEBUG Engine               - enabledMenuItems: []
17:11:19.001 [JavaFX Application Thread] DEBUG Engine               - isIOS: false
17:11:19.005 [JavaFX Application Thread] DEBUG Engine               - Adding new engine service: class com.almasb.fxgl.audio.AudioPlayer
17:11:19.007 [JavaFX Application Thread] DEBUG Engine               - Adding new engine service: class com.almasb.fxgl.notification.impl.NotificationServiceProvider
17:11:19.007 [JavaFX Application Thread] DEBUG Engine               - Adding new engine service: class com.almasb.fxgl.achievement.AchievementManager
17:11:19.009 [JavaFX Application Thread] DEBUG Engine               - Adding new engine service: class com.almasb.fxgl.cutscene.CutsceneService
17:11:19.010 [JavaFX Application Thread] DEBUG Engine               - Adding new engine service: class com.almasb.fxgl.minigames.MiniGameService
17:11:19.015 [JavaFX Application Thread] DEBUG Engine               - Loading localizations
17:11:19.020 [JavaFX Application Thread] DEBUG AssetLoader          - Loading from file system: /assets/properties/languages/english.properties
17:11:19.026 [JavaFX Application Thread] DEBUG AssetLoader          - Loading from file system: /assets/properties/languages/french.properties
17:11:19.032 [JavaFX Application Thread] DEBUG AssetLoader          - Loading from file system: /assets/properties/languages/german.properties
17:11:19.035 [JavaFX Application Thread] DEBUG AssetLoader          - Loading from file system: /assets/properties/languages/russian.properties
17:11:19.040 [JavaFX Application Thread] DEBUG AssetLoader          - Loading from file system: /assets/properties/languages/hungarian.properties
17:11:19.044 [JavaFX Application Thread] DEBUG Engine               - Registering font factories
17:11:19.045 [JavaFX Application Thread] DEBUG AssetLoader          - Loading from file system: /assets/ui/fonts/VarelaRound-Regular.ttf
17:11:19.667 [JavaFX Application Thread] DEBUG AssetLoader          - Loading from file system: /assets/ui/fonts/Abel-Regular.ttf
17:11:19.690 [JavaFX Application Thread] DEBUG AssetLoader          - Loading from file system: /assets/ui/fonts/lucida_console.ttf
17:11:19.717 [JavaFX Application Thread] DEBUG AssetLoader          - Loading from file system: /assets/ui/fonts/Courier-Prime.ttf
17:11:19.737 [JavaFX Application Thread] DEBUG Engine               - Setting UI factory
17:11:19.968 [JavaFX Application Thread] DEBUG AssetLoader          - Loading from file system: /assets/textures/fxgl_logo.png
17:11:20.062 [JavaFX Application Thread] DEBUG MainWindow           - Creating a JavaFX scene
17:11:20.062 [JavaFX Application Thread] DEBUG MainWindow           - Target size > screen size
17:11:20.134 [JavaFX Application Thread] DEBUG MainWindow           - Target settings size: 1120.0 x 1080.0
17:11:20.135 [JavaFX Application Thread] DEBUG MainWindow           - Scaled scene size:    866.0 x 859.0
17:11:20.135 [JavaFX Application Thread] DEBUG MainWindow           - Scaled ratio: (0.7732142857142857, 0.7953703703703704)
17:11:20.137 [JavaFX Application Thread] DEBUG MainWindow           - Set initial scene to FXGLStartupScene
17:11:20.152 [JavaFX Application Thread] DEBUG AssetLoader          - Loading from file system: /assets/textures/fxgl_icon.png
17:11:20.173 [JavaFX Application Thread] DEBUG Engine               - Applying CSS: fxgl_dark.css
17:11:20.174 [JavaFX Application Thread] DEBUG AssetLoader          - Loading from file system: /assets/ui/css/fxgl_dark.css
17:11:20.179 [JavaFX Application Thread] DEBUG AssetLoader          - Loading from file system: /assets/ui/cursors/fxgl_default.png
17:11:20.181 [JavaFX Application Thread] DEBUG MainWindow           - Opening main window
17:11:20.398 [JavaFX Application Thread] DEBUG MainWindow           - Window border size: (13.0, 35.5)
17:11:20.398 [JavaFX Application Thread] DEBUG MainWindow           - Scaled size: 866.0 x 859.0
17:11:20.399 [JavaFX Application Thread] DEBUG MainWindow           - Scaled ratio: (0.7732142857142857, 0.7953703703703704)
17:11:20.399 [JavaFX Application Thread] DEBUG MainWindow           - Scene size: 866.0 x 859.0
17:11:20.399 [JavaFX Application Thread] DEBUG MainWindow           - Stage size: 879.0 x 894.5
17:11:20.467 [FXGL Background Thread 1 ] DEBUG FS                   - Loaded FSServiceImpl
17:11:20.468 [FXGL Background Thread 1 ] DEBUG Engine               - Loading FXGL system data
17:11:20.474 [FXGL Background Thread 1 ] DEBUG FSServiceImpl        - Reading from: C:\Users\Rasmus J\Documents\Datamatiker\Datamatiker_AK_1_semester_Java\Jumper\system\fxgl.bundle
17:11:20.491 [FXGL Background Thread 1 ] DEBUG Engine               - Bundle FXGL: {}
17:11:20.491 [FXGL Background Thread 1 ] DEBUG Engine               - Initializing application scenes
17:11:20.585 [FXGL Background Thread 1 ] DEBUG GameWorld            - Game world initialized
17:11:20.686 [FXGL Background Thread 1 ] DEBUG PhysicsWorld         - Physics world initialized: appHeight=1080, physics.ppm=50,0
17:11:20.689 [FXGL Background Thread 1 ] DEBUG GameScene            - Game scene initialized: 1120x1080
17:11:20.734 [FXGL Background Thread 1 ] DEBUG Input                - Registered new binding: Resume - Esc
17:11:20.734 [FXGL Background Thread 1 ] DEBUG AssetLoader          - Loading from file system: /assets/textures/pause_menu_bg.png
17:11:20.768 [FXGL Background Thread 1 ] DEBUG Input                - Registered new binding: Pause - Esc
17:11:20.769 [FXGL Background Thread 1 ] DEBUG Engine               - Application scenes initialized
17:11:20.773 [JavaFX Application Thread] DEBUG Engine               - Running preInit()
17:11:20.773 [JavaFX Application Thread] DEBUG Input                - Registered new binding: Jump - Space
17:11:20.774 [JavaFX Application Thread] DEBUG Input                - Registered new binding: Right - Right
17:11:20.774 [JavaFX Application Thread] DEBUG Input                - Registered new binding: Left - Left
17:11:20.775 [JavaFX Application Thread] DEBUG Input                - Registered new binding: Screenshot - P
17:11:20.776 [JavaFX Application Thread] DEBUG Input                - Registered new binding: System info dump - CTRL+9
17:11:20.777 [JavaFX Application Thread] DEBUG Input                - Registered new binding: Restart - CTRL+R
17:11:20.777 [JavaFX Application Thread] DEBUG Engine               - generateDefaultProfile()
17:11:20.777 [JavaFX Application Thread] DEBUG Engine               - Creating default profile
17:11:20.777 [JavaFX Application Thread] DEBUG EventBus             - Firing event: SaveEvent
17:11:20.798 [JavaFX Application Thread] INFO  Engine               - FXGL initialization took: 1,783 sec
17:11:20.798 [JavaFX Application Thread] DEBUG LoopRunner           - Starting loop
17:11:20.812 [JavaFX Application Thread] DEBUG FXGLStartupScene     - STARTUP
17:11:20.812 [JavaFX Application Thread] DEBUG Engine               - Starting new game
17:11:20.821 [JavaFX Application Thread] DEBUG Input                - Clearing active input actions
17:11:20.836 [JavaFX Application Thread] DEBUG Engine               - Removing overlay from FXGLStartupScene and adding to LoadingScene
17:11:20.837 [JavaFX Application Thread] DEBUG MainWindow           - FXGLStartupScene -> LoadingScene
17:11:20.846 [FXGL Background Thread 1 ] DEBUG InitAppTask          - Clearing previous game
17:11:20.846 [FXGL Background Thread 1 ] DEBUG GameWorld            - Clearing game world
17:11:20.846 [FXGL Background Thread 1 ] DEBUG PhysicsWorld         - Clearing physics world
17:11:20.846 [FXGL Background Thread 1 ] DEBUG GameScene            - Clearing game scene
17:11:20.846 [FXGL Background Thread 1 ] DEBUG InitAppTask          - Initializing Game
17:11:20.860 [FXGL Background Thread 1 ] DEBUG AssetLoader          - Loading from file system: /assets/levels/level0.tmx
17:11:20.920 [FXGL Background Thread 1 ] WARN  TMXLevelLoader       - TiledMap generated from 1.0.1. Supported version: 1.2.3. Some features may not be parsed fully.
17:11:20.944 [FXGL Background Thread 1 ] DEBUG TMXLevelLoader       - Parsed raw map: TiledMap(width=16, height=50, tilewidth=70, tileheight=70, orientation=orthogonal, layers=[Layer(width=16, height=50, name=Tile Layer 1, type=tilelayer, visible=false, x=0, y=0, data=[153, 153, 153, 153, 153, 153, 153, 153, 153, 153, 153, 153, 153, 153, 153, 153, 153, 0, 0, 0, 0, 0, 0, 0, 0, 0, 0, 0, 0, 0, 0, 153, 153, 0, 0, 0, 0, 0, 0, 0, 0, 0, 0, 0, 0, 46, 0, 153, 153, 0, 0, 0, 0, 0, 0, 0, 41, 0, 0, 0, 0, 58, 65, 153, 153, 0, 0, 0, 0, 0, 0, 101, 101, 101, 101, 101, 101, 101, 101, 153, 153, 0, 0, 0, 0, 0, 0, 0, 0, 0, 0, 0, 0, 0, 0, 153, 153, 0, 0, 0, 0, 0, 0, 0, 0, 0, 0, 0, 0, 0, 0, 153, 153, 0, 0, 0, 0, 0, 0, 0, 0, 0, 0, 0, 0, 0, 0, 153, 153, 0, 0, 0, 0, 0, 0, 0, 0, 0, 0, 0, 0, 0, 0, 153, 153, 0, 0, 0, 0, 0, 0, 0, 0, 0, 0, 0, 0, 0, 0, 153, 153, 0, 0, 0, 0, 0, 0, 0, 0, 0, 0, 0, 0, 0, 0, 153, 153, 0, 0, 0, 0, 0, 0, 0, 0, 0, 0, 0, 0, 0, 0, 153, 153, 0, 0, 0, 0, 0, 0, 0, 0, 0, 0, 0, 0, 0, 0, 153, 153, 0, 0, 0, 0, 0, 0, 0, 0, 0, 0, 0, 0, 0, 0, 153, 153, 0, 0, 0, 0, 0, 0, 0, 0, 0, 0, 0, 0, 0, 0, 153, 153, 0, 0, 0, 0, 0, 0, 0, 0, 0, 0, 0, 0, 0, 0, 153, 153, 0, 0, 0, 0, 0, 0, 0, 0, 0, 0, 0, 0, 0, 0, 153, 153, 0, 0, 0, 0, 0, 0, 0, 0, 0, 0, 0, 0, 0, 0, 153, 153, 0, 0, 0, 0, 0, 0, 0, 0, 0, 0, 0, 0, 0, 0, 153, 153, 0, 0, 0, 0, 0, 0, 0, 0, 0, 0, 0, 0, 0, 0, 153, 153, 0, 0, 0, 0, 0, 0, 0, 0, 0, 0, 0, 0, 0, 0, 153, 153, 0, 0, 0, 0, 0, 0, 0, 0, 0, 0, 0, 0, 0, 0, 153, 153, 0, 0, 0, 0, 0, 0, 0, 0, 0, 0, 0, 0, 0, 0, 153, 153, 0, 0, 0, 0, 0, 0, 0, 0, 0, 0, 0, 0, 0, 0, 153, 153, 0, 0, 0, 0, 0, 0, 0, 0, 0, 0, 0, 0, 0, 0, 153, 153, 0, 0, 0, 0, 0, 0, 0, 0, 0, 0, 0, 0, 0, 0, 153, 153, 0, 0, 0, 0, 0, 0, 0, 0, 0, 0, 0, 0, 0, 0, 153, 153, 0, 0, 0, 0, 0, 0, 0, 0, 0, 0, 0, 0, 0, 0, 153, 153, 0, 0, 0, 0, 0, 0, 0, 0, 0, 0, 0, 0, 0, 0, 153, 153, 0, 0, 0, 0, 0, 0, 0, 0, 0, 0, 0, 0, 0, 0, 153, 153, 0, 0, 0, 0, 0, 0, 0, 0, 0, 0, 0, 0, 0, 0, 153, 153, 0, 0, 0, 0, 0, 0, 0, 0, 0, 0, 0, 0, 0, 0, 153, 153, 0, 0, 0, 0, 0, 0, 0, 0, 0, 0, 0, 0, 0, 0, 153, 153, 0, 0, 0, 0, 0, 0, 0, 0, 0, 0, 0, 0, 0, 0, 153, 153, 0, 0, 0, 0, 0, 0, 0, 0, 0, 0, 0, 0, 0, 0, 153, 153, 0, 0, 0, 0, 0, 0, 0, 0, 0, 0, 0, 0, 0, 0, 153, 153, 0, 0, 0, 0, 0, 0, 0, 0, 0, 0, 0, 0, 0, 0, 153, 153, 0, 0, 0, 0, 0, 0, 0, 0, 0, 0, 0, 0, 0, 0, 153, 153, 0, 0, 0, 0, 0, 0, 0, 0, 0, 0, 0, 0, 0, 0, 153, 153, 0, 0, 0, 0, 0, 0, 0, 0, 104, 104, 0, 0, 0, 0, 153, 153, 0, 0, 0, 0, 0, 0, 0, 0, 0, 32, 0, 0, 0, 0, 153, 153, 0, 0, 0, 104, 104, 0, 0, 0, 0, 32, 0, 0, 0, 0, 153, 153, 0, 0, 0, 0, 19, 0, 0, 0, 0, 32, 0, 0, 0, 0, 153, 153, 0, 0, 0, 0, 150, 0, 0, 0, 0, 32, 0, 153, 0, 0, 153, 153, 0, 0, 0, 0, 150, 0, 104, 104, 104, 104, 104, 153, 0, 0, 153, 153, 0, 0, 0, 0, 0, 0, 0, 0, 0, 0, 0, 153, 0, 0, 153, 153, 104, 104, 104, 104, 0, 0, 0, 0, 0, 0, 0, 153, 0, 0, 153, 153, 0, 0, 0, 0, 0, 0, 0, 0, 0, 0, 0, 0, 0, 0, 153, 153, 0, 0, 0, 0, 0, 0, 0, 0, 0, 0, 0, 0, 0, 0, 153, 153, 104, 104, 104, 104, 104, 104, 104, 104, 104, 104, 104, 104, 104, 104, 153], objects=[], opacity=0.0, draworder=), Layer(width=0, height=0, name=Object Layer 1, type=objectgroup, visible=false, x=0, y=0, data=[], objects=[com.almasb.fxgl.entity.level.tiled.TiledObject@3155bbe8, com.almasb.fxgl.entity.level.tiled.TiledObject@173989aa, com.almasb.fxgl.entity.level.tiled.TiledObject@623af76c, com.almasb.fxgl.entity.level.tiled.TiledObject@3fde6242, com.almasb.fxgl.entity.level.tiled.TiledObject@234814aa, com.almasb.fxgl.entity.level.tiled.TiledObject@7867bdb0, com.almasb.fxgl.entity.level.tiled.TiledObject@4d53a447, com.almasb.fxgl.entity.level.tiled.TiledObject@15303dd, com.almasb.fxgl.entity.level.tiled.TiledObject@62ddaa19, com.almasb.fxgl.entity.level.tiled.TiledObject@271211cf, com.almasb.fxgl.entity.level.tiled.TiledObject@7733f8f6, com.almasb.fxgl.entity.level.tiled.TiledObject@6ee75026, com.almasb.fxgl.entity.level.tiled.TiledObject@61e5a281, com.almasb.fxgl.entity.level.tiled.TiledObject@56ce5b1b, com.almasb.fxgl.entity.level.tiled.TiledObject@3ed2fd7c, com.almasb.fxgl.entity.level.tiled.TiledObject@6a60fce0, com.almasb.fxgl.entity.level.tiled.TiledObject@26ddba87, com.almasb.fxgl.entity.level.tiled.TiledObject@26f3bc4, com.almasb.fxgl.entity.level.tiled.TiledObject@2bff1fe8, com.almasb.fxgl.entity.level.tiled.TiledObject@4695718b], opacity=0.0, draworder=)], tilesets=[Tileset(firstgid=1, image=tiles_spritesheet.png, name=tiles_spritesheet, tilewidth=70, tileheight=70, imagewidth=914, imageheight=936, margin=0, spacing=2, columns=12, tilecount=156, transparentcolor=)], backgroundcolor=, renderorder=right-down, nextobjectid=30, version=1, tiledversion=1.0.1, type=map, infinite=false, properties={}, propertytypes={})
17:11:20.945 [FXGL Background Thread 1 ] DEBUG TMXLevelLoader       - Creating tile layer entities
17:11:20.946 [FXGL Background Thread 1 ] DEBUG TilesetLoader        - Loading view for layer Tile Layer 1
17:11:20.957 [FXGL Background Thread 1 ] DEBUG TilesetLoader        - Created buffer with size 1120.0x3500.0
17:11:20.979 [FXGL Background Thread 1 ] DEBUG TilesetLoader        - Writing to buffer: dst=0,0, w=70,h=70, src=576,864
17:11:20.981 [FXGL Background Thread 1 ] DEBUG TilesetLoader        - Writing to buffer: dst=70,0, w=70,h=70, src=576,864
17:11:20.981 [FXGL Background Thread 1 ] DEBUG TilesetLoader        - Writing to buffer: dst=140,0, w=70,h=70, src=576,864
17:11:20.981 [FXGL Background Thread 1 ] DEBUG TilesetLoader        - Writing to buffer: dst=210,0, w=70,h=70, src=576,864
17:11:20.981 [FXGL Background Thread 1 ] DEBUG TilesetLoader        - Writing to buffer: dst=280,0, w=70,h=70, src=576,864
17:11:20.982 [FXGL Background Thread 1 ] DEBUG TilesetLoader        - Writing to buffer: dst=350,0, w=70,h=70, src=576,864
17:11:20.982 [FXGL Background Thread 1 ] DEBUG TilesetLoader        - Writing to buffer: dst=420,0, w=70,h=70, src=576,864
17:11:20.982 [FXGL Background Thread 1 ] DEBUG TilesetLoader        - Writing to buffer: dst=490,0, w=70,h=70, src=576,864
17:11:20.982 [FXGL Background Thread 1 ] DEBUG TilesetLoader        - Writing to buffer: dst=560,0, w=70,h=70, src=576,864
17:11:20.982 [FXGL Background Thread 1 ] DEBUG TilesetLoader        - Writing to buffer: dst=630,0, w=70,h=70, src=576,864
17:11:20.982 [FXGL Background Thread 1 ] DEBUG TilesetLoader        - Writing to buffer: dst=700,0, w=70,h=70, src=576,864
17:11:20.982 [FXGL Background Thread 1 ] DEBUG TilesetLoader        - Writing to buffer: dst=770,0, w=70,h=70, src=576,864
17:11:20.982 [FXGL Background Thread 1 ] DEBUG TilesetLoader        - Writing to buffer: dst=840,0, w=70,h=70, src=576,864
17:11:20.982 [FXGL Background Thread 1 ] DEBUG TilesetLoader        - Writing to buffer: dst=910,0, w=70,h=70, src=576,864
17:11:20.983 [FXGL Background Thread 1 ] DEBUG TilesetLoader        - Writing to buffer: dst=980,0, w=70,h=70, src=576,864
17:11:20.983 [FXGL Background Thread 1 ] DEBUG TilesetLoader        - Writing to buffer: dst=1050,0, w=70,h=70, src=576,864
17:11:20.983 [FXGL Background Thread 1 ] DEBUG TilesetLoader        - Writing to buffer: dst=0,70, w=70,h=70, src=576,864
17:11:20.983 [FXGL Background Thread 1 ] DEBUG TilesetLoader        - Writing to buffer: dst=1050,70, w=70,h=70, src=576,864
17:11:20.983 [FXGL Background Thread 1 ] DEBUG TilesetLoader        - Writing to buffer: dst=0,140, w=70,h=70, src=576,864
17:11:20.983 [FXGL Background Thread 1 ] DEBUG TilesetLoader        - Writing to buffer: dst=910,140, w=70,h=70, src=648,216
17:11:20.983 [FXGL Background Thread 1 ] DEBUG TilesetLoader        - Writing to buffer: dst=1050,140, w=70,h=70, src=576,864
17:11:20.983 [FXGL Background Thread 1 ] DEBUG TilesetLoader        - Writing to buffer: dst=0,210, w=70,h=70, src=576,864
17:11:20.983 [FXGL Background Thread 1 ] DEBUG TilesetLoader        - Writing to buffer: dst=560,210, w=70,h=70, src=288,216
17:11:20.984 [FXGL Background Thread 1 ] DEBUG TilesetLoader        - Writing to buffer: dst=910,210, w=70,h=70, src=648,288
17:11:20.984 [FXGL Background Thread 1 ] DEBUG TilesetLoader        - Writing to buffer: dst=980,210, w=70,h=70, src=288,360
17:11:20.984 [FXGL Background Thread 1 ] DEBUG TilesetLoader        - Writing to buffer: dst=1050,210, w=70,h=70, src=576,864
17:11:20.984 [FXGL Background Thread 1 ] DEBUG TilesetLoader        - Writing to buffer: dst=0,280, w=70,h=70, src=576,864
17:11:20.984 [FXGL Background Thread 1 ] DEBUG TilesetLoader        - Writing to buffer: dst=490,280, w=70,h=70, src=288,576
17:11:20.984 [FXGL Background Thread 1 ] DEBUG TilesetLoader        - Writing to buffer: dst=560,280, w=70,h=70, src=288,576
17:11:20.984 [FXGL Background Thread 1 ] DEBUG TilesetLoader        - Writing to buffer: dst=630,280, w=70,h=70, src=288,576
17:11:20.984 [FXGL Background Thread 1 ] DEBUG TilesetLoader        - Writing to buffer: dst=700,280, w=70,h=70, src=288,576
17:11:20.984 [FXGL Background Thread 1 ] DEBUG TilesetLoader        - Writing to buffer: dst=770,280, w=70,h=70, src=288,576
17:11:20.985 [FXGL Background Thread 1 ] DEBUG TilesetLoader        - Writing to buffer: dst=840,280, w=70,h=70, src=288,576
17:11:20.985 [FXGL Background Thread 1 ] DEBUG TilesetLoader        - Writing to buffer: dst=910,280, w=70,h=70, src=288,576
17:11:20.985 [FXGL Background Thread 1 ] DEBUG TilesetLoader        - Writing to buffer: dst=980,280, w=70,h=70, src=288,576
17:11:20.985 [FXGL Background Thread 1 ] DEBUG TilesetLoader        - Writing to buffer: dst=1050,280, w=70,h=70, src=576,864
17:11:20.985 [FXGL Background Thread 1 ] DEBUG TilesetLoader        - Writing to buffer: dst=0,350, w=70,h=70, src=576,864
17:11:20.985 [FXGL Background Thread 1 ] DEBUG TilesetLoader        - Writing to buffer: dst=1050,350, w=70,h=70, src=576,864
17:11:20.985 [FXGL Background Thread 1 ] DEBUG TilesetLoader        - Writing to buffer: dst=0,420, w=70,h=70, src=576,864
17:11:20.985 [FXGL Background Thread 1 ] DEBUG TilesetLoader        - Writing to buffer: dst=1050,420, w=70,h=70, src=576,864
17:11:20.985 [FXGL Background Thread 1 ] DEBUG TilesetLoader        - Writing to buffer: dst=0,490, w=70,h=70, src=576,864
17:11:20.986 [FXGL Background Thread 1 ] DEBUG TilesetLoader        - Writing to buffer: dst=1050,490, w=70,h=70, src=576,864
17:11:20.986 [FXGL Background Thread 1 ] DEBUG TilesetLoader        - Writing to buffer: dst=0,560, w=70,h=70, src=576,864
17:11:20.986 [FXGL Background Thread 1 ] DEBUG TilesetLoader        - Writing to buffer: dst=1050,560, w=70,h=70, src=576,864
17:11:20.986 [FXGL Background Thread 1 ] DEBUG TilesetLoader        - Writing to buffer: dst=0,630, w=70,h=70, src=576,864
17:11:20.986 [FXGL Background Thread 1 ] DEBUG TilesetLoader        - Writing to buffer: dst=1050,630, w=70,h=70, src=576,864
17:11:20.986 [FXGL Background Thread 1 ] DEBUG TilesetLoader        - Writing to buffer: dst=0,700, w=70,h=70, src=576,864
17:11:20.987 [FXGL Background Thread 1 ] DEBUG TilesetLoader        - Writing to buffer: dst=1050,700, w=70,h=70, src=576,864
17:11:20.987 [FXGL Background Thread 1 ] DEBUG TilesetLoader        - Writing to buffer: dst=0,770, w=70,h=70, src=576,864
17:11:20.987 [FXGL Background Thread 1 ] DEBUG TilesetLoader        - Writing to buffer: dst=1050,770, w=70,h=70, src=576,864
17:11:20.987 [FXGL Background Thread 1 ] DEBUG TilesetLoader        - Writing to buffer: dst=0,840, w=70,h=70, src=576,864
17:11:20.987 [FXGL Background Thread 1 ] DEBUG TilesetLoader        - Writing to buffer: dst=1050,840, w=70,h=70, src=576,864
17:11:20.987 [FXGL Background Thread 1 ] DEBUG TilesetLoader        - Writing to buffer: dst=0,910, w=70,h=70, src=576,864
17:11:20.988 [FXGL Background Thread 1 ] DEBUG TilesetLoader        - Writing to buffer: dst=1050,910, w=70,h=70, src=576,864
17:11:20.988 [FXGL Background Thread 1 ] DEBUG TilesetLoader        - Writing to buffer: dst=0,980, w=70,h=70, src=576,864
17:11:20.988 [FXGL Background Thread 1 ] DEBUG TilesetLoader        - Writing to buffer: dst=1050,980, w=70,h=70, src=576,864
17:11:20.988 [FXGL Background Thread 1 ] DEBUG TilesetLoader        - Writing to buffer: dst=0,1050, w=70,h=70, src=576,864
17:11:20.988 [FXGL Background Thread 1 ] DEBUG TilesetLoader        - Writing to buffer: dst=1050,1050, w=70,h=70, src=576,864
17:11:20.988 [FXGL Background Thread 1 ] DEBUG TilesetLoader        - Writing to buffer: dst=0,1120, w=70,h=70, src=576,864
17:11:20.988 [FXGL Background Thread 1 ] DEBUG TilesetLoader        - Writing to buffer: dst=1050,1120, w=70,h=70, src=576,864
17:11:20.988 [FXGL Background Thread 1 ] DEBUG TilesetLoader        - Writing to buffer: dst=0,1190, w=70,h=70, src=576,864
17:11:20.988 [FXGL Background Thread 1 ] DEBUG TilesetLoader        - Writing to buffer: dst=1050,1190, w=70,h=70, src=576,864
17:11:20.989 [FXGL Background Thread 1 ] DEBUG TilesetLoader        - Writing to buffer: dst=0,1260, w=70,h=70, src=576,864
17:11:20.989 [FXGL Background Thread 1 ] DEBUG TilesetLoader        - Writing to buffer: dst=1050,1260, w=70,h=70, src=576,864
17:11:20.989 [FXGL Background Thread 1 ] DEBUG TilesetLoader        - Writing to buffer: dst=0,1330, w=70,h=70, src=576,864
17:11:20.989 [FXGL Background Thread 1 ] DEBUG TilesetLoader        - Writing to buffer: dst=1050,1330, w=70,h=70, src=576,864
17:11:20.989 [FXGL Background Thread 1 ] DEBUG TilesetLoader        - Writing to buffer: dst=0,1400, w=70,h=70, src=576,864
17:11:20.989 [FXGL Background Thread 1 ] DEBUG TilesetLoader        - Writing to buffer: dst=1050,1400, w=70,h=70, src=576,864
17:11:20.989 [FXGL Background Thread 1 ] DEBUG TilesetLoader        - Writing to buffer: dst=0,1470, w=70,h=70, src=576,864
17:11:20.989 [FXGL Background Thread 1 ] DEBUG TilesetLoader        - Writing to buffer: dst=1050,1470, w=70,h=70, src=576,864
17:11:20.990 [FXGL Background Thread 1 ] DEBUG TilesetLoader        - Writing to buffer: dst=0,1540, w=70,h=70, src=576,864
17:11:20.990 [FXGL Background Thread 1 ] DEBUG TilesetLoader        - Writing to buffer: dst=1050,1540, w=70,h=70, src=576,864
17:11:20.990 [FXGL Background Thread 1 ] DEBUG TilesetLoader        - Writing to buffer: dst=0,1610, w=70,h=70, src=576,864
17:11:20.990 [FXGL Background Thread 1 ] DEBUG TilesetLoader        - Writing to buffer: dst=1050,1610, w=70,h=70, src=576,864
17:11:20.990 [FXGL Background Thread 1 ] DEBUG TilesetLoader        - Writing to buffer: dst=0,1680, w=70,h=70, src=576,864
17:11:20.990 [FXGL Background Thread 1 ] DEBUG TilesetLoader        - Writing to buffer: dst=1050,1680, w=70,h=70, src=576,864
17:11:20.990 [FXGL Background Thread 1 ] DEBUG TilesetLoader        - Writing to buffer: dst=0,1750, w=70,h=70, src=576,864
17:11:20.990 [FXGL Background Thread 1 ] DEBUG TilesetLoader        - Writing to buffer: dst=1050,1750, w=70,h=70, src=576,864
17:11:20.991 [FXGL Background Thread 1 ] DEBUG TilesetLoader        - Writing to buffer: dst=0,1820, w=70,h=70, src=576,864
17:11:20.991 [FXGL Background Thread 1 ] DEBUG TilesetLoader        - Writing to buffer: dst=1050,1820, w=70,h=70, src=576,864
17:11:20.991 [FXGL Background Thread 1 ] DEBUG TilesetLoader        - Writing to buffer: dst=0,1890, w=70,h=70, src=576,864
17:11:20.991 [FXGL Background Thread 1 ] DEBUG TilesetLoader        - Writing to buffer: dst=1050,1890, w=70,h=70, src=576,864
17:11:20.991 [FXGL Background Thread 1 ] DEBUG TilesetLoader        - Writing to buffer: dst=0,1960, w=70,h=70, src=576,864
17:11:20.991 [FXGL Background Thread 1 ] DEBUG TilesetLoader        - Writing to buffer: dst=1050,1960, w=70,h=70, src=576,864
17:11:20.991 [FXGL Background Thread 1 ] DEBUG TilesetLoader        - Writing to buffer: dst=0,2030, w=70,h=70, src=576,864
17:11:20.991 [FXGL Background Thread 1 ] DEBUG TilesetLoader        - Writing to buffer: dst=1050,2030, w=70,h=70, src=576,864
17:11:20.991 [FXGL Background Thread 1 ] DEBUG TilesetLoader        - Writing to buffer: dst=0,2100, w=70,h=70, src=576,864
17:11:20.992 [FXGL Background Thread 1 ] DEBUG TilesetLoader        - Writing to buffer: dst=1050,2100, w=70,h=70, src=576,864
17:11:20.992 [FXGL Background Thread 1 ] DEBUG TilesetLoader        - Writing to buffer: dst=0,2170, w=70,h=70, src=576,864
17:11:20.992 [FXGL Background Thread 1 ] DEBUG TilesetLoader        - Writing to buffer: dst=1050,2170, w=70,h=70, src=576,864
17:11:20.992 [FXGL Background Thread 1 ] DEBUG TilesetLoader        - Writing to buffer: dst=0,2240, w=70,h=70, src=576,864
17:11:20.992 [FXGL Background Thread 1 ] DEBUG TilesetLoader        - Writing to buffer: dst=1050,2240, w=70,h=70, src=576,864
17:11:20.992 [FXGL Background Thread 1 ] DEBUG TilesetLoader        - Writing to buffer: dst=0,2310, w=70,h=70, src=576,864
17:11:20.992 [FXGL Background Thread 1 ] DEBUG TilesetLoader        - Writing to buffer: dst=1050,2310, w=70,h=70, src=576,864
17:11:20.993 [FXGL Background Thread 1 ] DEBUG TilesetLoader        - Writing to buffer: dst=0,2380, w=70,h=70, src=576,864
17:11:20.993 [FXGL Background Thread 1 ] DEBUG TilesetLoader        - Writing to buffer: dst=1050,2380, w=70,h=70, src=576,864
17:11:20.993 [FXGL Background Thread 1 ] DEBUG TilesetLoader        - Writing to buffer: dst=0,2450, w=70,h=70, src=576,864
17:11:20.993 [FXGL Background Thread 1 ] DEBUG TilesetLoader        - Writing to buffer: dst=1050,2450, w=70,h=70, src=576,864
17:11:20.993 [FXGL Background Thread 1 ] DEBUG TilesetLoader        - Writing to buffer: dst=0,2520, w=70,h=70, src=576,864
17:11:20.993 [FXGL Background Thread 1 ] DEBUG TilesetLoader        - Writing to buffer: dst=1050,2520, w=70,h=70, src=576,864
17:11:20.993 [FXGL Background Thread 1 ] DEBUG TilesetLoader        - Writing to buffer: dst=0,2590, w=70,h=70, src=576,864
17:11:20.994 [FXGL Background Thread 1 ] DEBUG TilesetLoader        - Writing to buffer: dst=1050,2590, w=70,h=70, src=576,864
17:11:20.994 [FXGL Background Thread 1 ] DEBUG TilesetLoader        - Writing to buffer: dst=0,2660, w=70,h=70, src=576,864
17:11:20.994 [FXGL Background Thread 1 ] DEBUG TilesetLoader        - Writing to buffer: dst=1050,2660, w=70,h=70, src=576,864
17:11:20.994 [FXGL Background Thread 1 ] DEBUG TilesetLoader        - Writing to buffer: dst=0,2730, w=70,h=70, src=576,864
17:11:20.994 [FXGL Background Thread 1 ] DEBUG TilesetLoader        - Writing to buffer: dst=630,2730, w=70,h=70, src=504,576
17:11:20.994 [FXGL Background Thread 1 ] DEBUG TilesetLoader        - Writing to buffer: dst=700,2730, w=70,h=70, src=504,576
17:11:20.994 [FXGL Background Thread 1 ] DEBUG TilesetLoader        - Writing to buffer: dst=1050,2730, w=70,h=70, src=576,864
17:11:20.994 [FXGL Background Thread 1 ] DEBUG TilesetLoader        - Writing to buffer: dst=0,2800, w=70,h=70, src=576,864
17:11:20.995 [FXGL Background Thread 1 ] DEBUG TilesetLoader        - Writing to buffer: dst=700,2800, w=70,h=70, src=504,144
17:11:20.995 [FXGL Background Thread 1 ] DEBUG TilesetLoader        - Writing to buffer: dst=1050,2800, w=70,h=70, src=576,864
17:11:20.995 [FXGL Background Thread 1 ] DEBUG TilesetLoader        - Writing to buffer: dst=0,2870, w=70,h=70, src=576,864
17:11:20.995 [FXGL Background Thread 1 ] DEBUG TilesetLoader        - Writing to buffer: dst=280,2870, w=70,h=70, src=504,576
17:11:20.997 [FXGL Background Thread 1 ] DEBUG TilesetLoader        - Writing to buffer: dst=350,2870, w=70,h=70, src=504,576
17:11:20.997 [FXGL Background Thread 1 ] DEBUG TilesetLoader        - Writing to buffer: dst=700,2870, w=70,h=70, src=504,144
17:11:20.997 [FXGL Background Thread 1 ] DEBUG TilesetLoader        - Writing to buffer: dst=1050,2870, w=70,h=70, src=576,864
17:11:20.998 [FXGL Background Thread 1 ] DEBUG TilesetLoader        - Writing to buffer: dst=0,2940, w=70,h=70, src=576,864
17:11:20.998 [FXGL Background Thread 1 ] DEBUG TilesetLoader        - Writing to buffer: dst=350,2940, w=70,h=70, src=432,72
17:11:20.998 [FXGL Background Thread 1 ] DEBUG TilesetLoader        - Writing to buffer: dst=700,2940, w=70,h=70, src=504,144
17:11:20.998 [FXGL Background Thread 1 ] DEBUG TilesetLoader        - Writing to buffer: dst=1050,2940, w=70,h=70, src=576,864
17:11:20.998 [FXGL Background Thread 1 ] DEBUG TilesetLoader        - Writing to buffer: dst=0,3010, w=70,h=70, src=576,864
17:11:20.998 [FXGL Background Thread 1 ] DEBUG TilesetLoader        - Writing to buffer: dst=350,3010, w=70,h=70, src=360,864
17:11:20.998 [FXGL Background Thread 1 ] DEBUG TilesetLoader        - Writing to buffer: dst=700,3010, w=70,h=70, src=504,144
17:11:20.999 [FXGL Background Thread 1 ] DEBUG TilesetLoader        - Writing to buffer: dst=840,3010, w=70,h=70, src=576,864
17:11:20.999 [FXGL Background Thread 1 ] DEBUG TilesetLoader        - Writing to buffer: dst=1050,3010, w=70,h=70, src=576,864
17:11:20.999 [FXGL Background Thread 1 ] DEBUG TilesetLoader        - Writing to buffer: dst=0,3080, w=70,h=70, src=576,864
17:11:20.999 [FXGL Background Thread 1 ] DEBUG TilesetLoader        - Writing to buffer: dst=350,3080, w=70,h=70, src=360,864
17:11:20.999 [FXGL Background Thread 1 ] DEBUG TilesetLoader        - Writing to buffer: dst=490,3080, w=70,h=70, src=504,576
17:11:20.999 [FXGL Background Thread 1 ] DEBUG TilesetLoader        - Writing to buffer: dst=560,3080, w=70,h=70, src=504,576
17:11:20.999 [FXGL Background Thread 1 ] DEBUG TilesetLoader        - Writing to buffer: dst=630,3080, w=70,h=70, src=504,576
17:11:20.999 [FXGL Background Thread 1 ] DEBUG TilesetLoader        - Writing to buffer: dst=700,3080, w=70,h=70, src=504,576
17:11:21.000 [FXGL Background Thread 1 ] DEBUG TilesetLoader        - Writing to buffer: dst=770,3080, w=70,h=70, src=504,576
17:11:21.000 [FXGL Background Thread 1 ] DEBUG TilesetLoader        - Writing to buffer: dst=840,3080, w=70,h=70, src=576,864
17:11:21.000 [FXGL Background Thread 1 ] DEBUG TilesetLoader        - Writing to buffer: dst=1050,3080, w=70,h=70, src=576,864
17:11:21.000 [FXGL Background Thread 1 ] DEBUG TilesetLoader        - Writing to buffer: dst=0,3150, w=70,h=70, src=576,864
17:11:21.000 [FXGL Background Thread 1 ] DEBUG TilesetLoader        - Writing to buffer: dst=840,3150, w=70,h=70, src=576,864
17:11:21.000 [FXGL Background Thread 1 ] DEBUG TilesetLoader        - Writing to buffer: dst=1050,3150, w=70,h=70, src=576,864
17:11:21.000 [FXGL Background Thread 1 ] DEBUG TilesetLoader        - Writing to buffer: dst=0,3220, w=70,h=70, src=576,864
17:11:21.000 [FXGL Background Thread 1 ] DEBUG TilesetLoader        - Writing to buffer: dst=70,3220, w=70,h=70, src=504,576
17:11:21.000 [FXGL Background Thread 1 ] DEBUG TilesetLoader        - Writing to buffer: dst=140,3220, w=70,h=70, src=504,576
17:11:21.000 [FXGL Background Thread 1 ] DEBUG TilesetLoader        - Writing to buffer: dst=210,3220, w=70,h=70, src=504,576
17:11:21.000 [FXGL Background Thread 1 ] DEBUG TilesetLoader        - Writing to buffer: dst=280,3220, w=70,h=70, src=504,576
17:11:21.001 [FXGL Background Thread 1 ] DEBUG TilesetLoader        - Writing to buffer: dst=840,3220, w=70,h=70, src=576,864
17:11:21.001 [FXGL Background Thread 1 ] DEBUG TilesetLoader        - Writing to buffer: dst=1050,3220, w=70,h=70, src=576,864
17:11:21.001 [FXGL Background Thread 1 ] DEBUG TilesetLoader        - Writing to buffer: dst=0,3290, w=70,h=70, src=576,864
17:11:21.001 [FXGL Background Thread 1 ] DEBUG TilesetLoader        - Writing to buffer: dst=1050,3290, w=70,h=70, src=576,864
17:11:21.001 [FXGL Background Thread 1 ] DEBUG TilesetLoader        - Writing to buffer: dst=0,3360, w=70,h=70, src=576,864
17:11:21.001 [FXGL Background Thread 1 ] DEBUG TilesetLoader        - Writing to buffer: dst=1050,3360, w=70,h=70, src=576,864
17:11:21.001 [FXGL Background Thread 1 ] DEBUG TilesetLoader        - Writing to buffer: dst=0,3430, w=70,h=70, src=576,864
17:11:21.001 [FXGL Background Thread 1 ] DEBUG TilesetLoader        - Writing to buffer: dst=70,3430, w=70,h=70, src=504,576
17:11:21.001 [FXGL Background Thread 1 ] DEBUG TilesetLoader        - Writing to buffer: dst=140,3430, w=70,h=70, src=504,576
17:11:21.001 [FXGL Background Thread 1 ] DEBUG TilesetLoader        - Writing to buffer: dst=210,3430, w=70,h=70, src=504,576
17:11:21.002 [FXGL Background Thread 1 ] DEBUG TilesetLoader        - Writing to buffer: dst=280,3430, w=70,h=70, src=504,576
17:11:21.002 [FXGL Background Thread 1 ] DEBUG TilesetLoader        - Writing to buffer: dst=350,3430, w=70,h=70, src=504,576
17:11:21.002 [FXGL Background Thread 1 ] DEBUG TilesetLoader        - Writing to buffer: dst=420,3430, w=70,h=70, src=504,576
17:11:21.002 [FXGL Background Thread 1 ] DEBUG TilesetLoader        - Writing to buffer: dst=490,3430, w=70,h=70, src=504,576
17:11:21.002 [FXGL Background Thread 1 ] DEBUG TilesetLoader        - Writing to buffer: dst=560,3430, w=70,h=70, src=504,576
17:11:21.002 [FXGL Background Thread 1 ] DEBUG TilesetLoader        - Writing to buffer: dst=630,3430, w=70,h=70, src=504,576
17:11:21.002 [FXGL Background Thread 1 ] DEBUG TilesetLoader        - Writing to buffer: dst=700,3430, w=70,h=70, src=504,576
17:11:21.003 [FXGL Background Thread 1 ] DEBUG TilesetLoader        - Writing to buffer: dst=770,3430, w=70,h=70, src=504,576
17:11:21.003 [FXGL Background Thread 1 ] DEBUG TilesetLoader        - Writing to buffer: dst=840,3430, w=70,h=70, src=504,576
17:11:21.003 [FXGL Background Thread 1 ] DEBUG TilesetLoader        - Writing to buffer: dst=910,3430, w=70,h=70, src=504,576
17:11:21.003 [FXGL Background Thread 1 ] DEBUG TilesetLoader        - Writing to buffer: dst=980,3430, w=70,h=70, src=504,576
17:11:21.003 [FXGL Background Thread 1 ] DEBUG TilesetLoader        - Writing to buffer: dst=1050,3430, w=70,h=70, src=576,864
17:11:21.003 [FXGL Background Thread 1 ] DEBUG TMXLevelLoader       - Creating object layer entities
17:11:21.058 [FXGL Background Thread 1 ] DEBUG GameWorld            - Clearing removable entities
17:11:21.058 [FXGL Background Thread 1 ] DEBUG GameWorld            - Setting level: com.almasb.fxgl.entity.level.Level@1868d41a
17:11:21.119 [FXGL Background Thread 1 ] DEBUG AssetLoader          - Loading from file system: /assets/textures/JumperSprite.png
17:11:21.127 [FXGL Background Thread 1 ] DEBUG InitAppTask          - Initializing Physics
17:11:21.128 [FXGL Background Thread 1 ] DEBUG InitAppTask          - Initializing UI
17:11:21.128 [FXGL Background Thread 1 ] DEBUG InitAppTask          - Initialization Complete
17:11:21.129 [FXGL Background Thread 1 ] INFO  InitAppTask          - Game initialization took: 0,282 sec
17:11:21.140 [JavaFX Application Thread] DEBUG Input                - Clearing active input actions
17:11:21.166 [JavaFX Application Thread] DEBUG Engine               - Removing overlay from LoadingScene and adding to GameScene
17:11:21.166 [JavaFX Application Thread] DEBUG MainWindow           - LoadingScene -> GameScene
17:11:50.334 [JavaFX Application Thread] DEBUG Engine               - Exiting FXGL
17:11:50.334 [JavaFX Application Thread] DEBUG Engine               - Shutting down background threads
17:11:50.334 [JavaFX Application Thread] DEBUG Engine               - Saving FXGL system data
17:11:50.337 [JavaFX Application Thread] DEBUG FSServiceImpl        - Writing to: C:\Users\Rasmus J\Documents\Datamatiker\Datamatiker_AK_1_semester_Java\Jumper\system\fxgl.bundle
17:11:50.342 [JavaFX Application Thread] DEBUG Engine               - Closing logger and exiting JavaFX
